   1              		.syntax unified
   2              		.cpu cortex-m4
   3              		.eabi_attribute 27, 3
   4              		.fpu fpv4-sp-d16
   5              		.eabi_attribute 20, 1
   6              		.eabi_attribute 21, 1
   7              		.eabi_attribute 23, 3
   8              		.eabi_attribute 24, 1
   9              		.eabi_attribute 25, 1
  10              		.eabi_attribute 26, 1
  11              		.eabi_attribute 30, 4
  12              		.eabi_attribute 34, 1
  13              		.eabi_attribute 18, 4
  14              		.thumb
  15              		.file	"I2Cdev.c"
  16              		.section	.text.I2Cdev_writeBytes,"ax",%progbits
  17              		.align	1
  18              		.global	I2Cdev_writeBytes
  19              		.thumb
  20              		.thumb_func
  22              	I2Cdev_writeBytes:
  23              		@ args = 4, pretend = 0, frame = 8
  24              		@ frame_needed = 0, uses_anonymous_args = 0
  25 0000 2DE9F341 		push	{r0, r1, r4, r5, r6, r7, r8, lr}
  26 0004 089F     		ldr	r7, [sp, #32]
  27 0006 8DF80410 		strb	r1, [sp, #4]
  28 000a 9846     		mov	r8, r3
  29 000c 0423     		movs	r3, #4
  30 000e 0446     		mov	r4, r0
  31 0010 1646     		mov	r6, r2
  32 0012 8DF80530 		strb	r3, [sp, #5]
  33 0016 0125     		movs	r5, #1
  34              	.L2:
  35 0018 2046     		mov	r0, r4
  36 001a 01A9     		add	r1, sp, #4
  37 001c FFF7FEFF 		bl	I2C001_WriteData
  38 0020 50B9     		cbnz	r0, .L25
  39              	.L5:
  40 0022 41F28831 		movw	r1, #5000
  41 0026 95FBF1F0 		sdiv	r0, r5, r1
  42 002a 01FB1052 		mls	r2, r1, r0, r5
  43 002e 0AB9     		cbnz	r2, .L3
  44              	.L7:
  45 0030 0020     		movs	r0, #0
  46 0032 48E0     		b	.L4
  47              	.L3:
  48 0034 0135     		adds	r5, r5, #1
  49 0036 EFE7     		b	.L2
  50              	.L25:
  51 0038 0020     		movs	r0, #0
  52 003a 8DF80500 		strb	r0, [sp, #5]
  53 003e 8DF80460 		strb	r6, [sp, #4]
  54 0042 0125     		movs	r5, #1
  55              	.L6:
  56 0044 2046     		mov	r0, r4
  57 0046 01A9     		add	r1, sp, #4
  58 0048 FFF7FEFF 		bl	I2C001_WriteData
  59 004c 48B9     		cbnz	r0, .L26
  60              	.L8:
  61 004e 41F28830 		movw	r0, #5000
  62 0052 95FBF0F2 		sdiv	r2, r5, r0
  63 0056 00FB1253 		mls	r3, r0, r2, r5
  64 005a 002B     		cmp	r3, #0
  65 005c E8D0     		beq	.L7
  66 005e 0135     		adds	r5, r5, #1
  67 0060 F0E7     		b	.L6
  68              	.L26:
  69 0062 0025     		movs	r5, #0
  70              	.L9:
  71 0064 4545     		cmp	r5, r8
  72 0066 17DA     		bge	.L27
  73              	.L12:
  74 0068 7A5D     		ldrb	r2, [r7, r5]	@ zero_extendqisi2
  75 006a 0026     		movs	r6, #0
  76 006c 8DF80560 		strb	r6, [sp, #5]
  77 0070 8DF80420 		strb	r2, [sp, #4]
  78 0074 0126     		movs	r6, #1
  79              	.L10:
  80 0076 2046     		mov	r0, r4
  81 0078 01A9     		add	r1, sp, #4
  82 007a FFF7FEFF 		bl	I2C001_WriteData
  83 007e 48B9     		cbnz	r0, .L28
  84              	.L11:
  85 0080 41F28830 		movw	r0, #5000
  86 0084 96FBF0F3 		sdiv	r3, r6, r0
  87 0088 00FB1361 		mls	r1, r0, r3, r6
  88 008c 0029     		cmp	r1, #0
  89 008e CFD0     		beq	.L7
  90 0090 0136     		adds	r6, r6, #1
  91 0092 F0E7     		b	.L10
  92              	.L28:
  93 0094 0135     		adds	r5, r5, #1
  94 0096 E5E7     		b	.L9
  95              	.L27:
  96 0098 0621     		movs	r1, #6
  97 009a FF22     		movs	r2, #255
  98 009c 8DF80510 		strb	r1, [sp, #5]
  99 00a0 8DF80420 		strb	r2, [sp, #4]
 100 00a4 0125     		movs	r5, #1
 101              	.L13:
 102 00a6 2046     		mov	r0, r4
 103 00a8 01A9     		add	r1, sp, #4
 104 00aa FFF7FEFF 		bl	I2C001_WriteData
 105 00ae 48B9     		cbnz	r0, .L29
 106              	.L14:
 107 00b0 41F28833 		movw	r3, #5000
 108 00b4 95FBF3F0 		sdiv	r0, r5, r3
 109 00b8 03FB1051 		mls	r1, r3, r0, r5
 110 00bc 0029     		cmp	r1, #0
 111 00be B7D0     		beq	.L7
 112 00c0 0135     		adds	r5, r5, #1
 113 00c2 F0E7     		b	.L13
 114              	.L29:
 115 00c4 0120     		movs	r0, #1
 116              	.L4:
 117 00c6 BDE8FC81 		pop	{r2, r3, r4, r5, r6, r7, r8, pc}
 119              		.section	.text.I2Cdev_writeByte,"ax",%progbits
 120              		.align	1
 121              		.global	I2Cdev_writeByte
 122              		.thumb
 123              		.thumb_func
 125              	I2Cdev_writeByte:
 126              		@ args = 0, pretend = 0, frame = 8
 127              		@ frame_needed = 0, uses_anonymous_args = 0
 128 0000 1FB5     		push	{r0, r1, r2, r3, r4, lr}
 129 0002 04AC     		add	r4, sp, #16
 130 0004 04F8013D 		strb	r3, [r4, #-1]!
 131 0008 0123     		movs	r3, #1
 132 000a 0094     		str	r4, [sp, #0]
 133 000c FFF7FEFF 		bl	I2Cdev_writeBytes
 134 0010 04B0     		add	sp, sp, #16
 135 0012 10BD     		pop	{r4, pc}
 137              		.section	.text.I2Cdev_readBytes,"ax",%progbits
 138              		.align	1
 139              		.global	I2Cdev_readBytes
 140              		.thumb
 141              		.thumb_func
 143              	I2Cdev_readBytes:
 144              		@ args = 4, pretend = 0, frame = 8
 145              		@ frame_needed = 0, uses_anonymous_args = 0
 146 0000 2DE9F743 		push	{r0, r1, r2, r4, r5, r6, r7, r8, r9, lr}
 147 0004 0A9F     		ldr	r7, [sp, #40]
 148 0006 8DF80410 		strb	r1, [sp, #4]
 149 000a 0446     		mov	r4, r0
 150 000c 9846     		mov	r8, r3
 151 000e 0420     		movs	r0, #4
 152 0010 0023     		movs	r3, #0
 153 0012 0E46     		mov	r6, r1
 154 0014 9146     		mov	r9, r2
 155 0016 ADF80630 		strh	r3, [sp, #6]	@ movhi
 156 001a 8DF80500 		strb	r0, [sp, #5]
 157 001e 0125     		movs	r5, #1
 158              	.L32:
 159 0020 2046     		mov	r0, r4
 160 0022 01A9     		add	r1, sp, #4
 161 0024 FFF7FEFF 		bl	I2C001_WriteData
 162 0028 50B9     		cbnz	r0, .L69
 163              	.L35:
 164 002a 41F28830 		movw	r0, #5000
 165 002e 95FBF0F2 		sdiv	r2, r5, r0
 166 0032 00FB1251 		mls	r1, r0, r2, r5
 167 0036 09B9     		cbnz	r1, .L33
 168              	.L37:
 169 0038 0020     		movs	r0, #0
 170 003a 7EE0     		b	.L34
 171              	.L33:
 172 003c 0135     		adds	r5, r5, #1
 173 003e EFE7     		b	.L32
 174              	.L69:
 175 0040 0021     		movs	r1, #0
 176 0042 8DF80510 		strb	r1, [sp, #5]
 177 0046 8DF80490 		strb	r9, [sp, #4]
 178 004a 0125     		movs	r5, #1
 179              	.L36:
 180 004c 2046     		mov	r0, r4
 181 004e 01A9     		add	r1, sp, #4
 182 0050 FFF7FEFF 		bl	I2C001_WriteData
 183 0054 48B9     		cbnz	r0, .L70
 184              	.L38:
 185 0056 41F28830 		movw	r0, #5000
 186 005a 95FBF0F1 		sdiv	r1, r5, r0
 187 005e 00FB1153 		mls	r3, r0, r1, r5
 188 0062 002B     		cmp	r3, #0
 189 0064 E8D0     		beq	.L37
 190 0066 0135     		adds	r5, r5, #1
 191 0068 F0E7     		b	.L36
 192              	.L70:
 193 006a 0522     		movs	r2, #5
 194 006c 46F00106 		orr	r6, r6, #1
 195 0070 8DF80520 		strb	r2, [sp, #5]
 196 0074 8DF80460 		strb	r6, [sp, #4]
 197 0078 0125     		movs	r5, #1
 198              	.L39:
 199 007a 2046     		mov	r0, r4
 200 007c 01A9     		add	r1, sp, #4
 201 007e FFF7FEFF 		bl	I2C001_WriteData
 202 0082 48B9     		cbnz	r0, .L71
 203              	.L40:
 204 0084 41F28831 		movw	r1, #5000
 205 0088 95FBF1F3 		sdiv	r3, r5, r1
 206 008c 01FB1352 		mls	r2, r1, r3, r5
 207 0090 002A     		cmp	r2, #0
 208 0092 D1D0     		beq	.L37
 209 0094 0135     		adds	r5, r5, #1
 210 0096 F0E7     		b	.L39
 211              	.L71:
 212 0098 0025     		movs	r5, #0
 213              	.L41:
 214 009a 4545     		cmp	r5, r8
 215 009c 1DDA     		bge	.L72
 216              	.L46:
 217 009e 08F1FF36 		add	r6, r8, #-1
 218 00a2 B542     		cmp	r5, r6
 219 00a4 01DA     		bge	.L42
 220 00a6 0220     		movs	r0, #2
 221 00a8 00E0     		b	.L68
 222              	.L42:
 223 00aa 0320     		movs	r0, #3
 224              	.L68:
 225 00ac FF21     		movs	r1, #255
 226 00ae 8DF80500 		strb	r0, [sp, #5]
 227 00b2 8DF80410 		strb	r1, [sp, #4]
 228 00b6 0126     		movs	r6, #1
 229              	.L44:
 230 00b8 2046     		mov	r0, r4
 231 00ba 01A9     		add	r1, sp, #4
 232 00bc FFF7FEFF 		bl	I2C001_WriteData
 233 00c0 48B9     		cbnz	r0, .L73
 234              	.L45:
 235 00c2 41F28833 		movw	r3, #5000
 236 00c6 96FBF3F2 		sdiv	r2, r6, r3
 237 00ca 03FB1260 		mls	r0, r3, r2, r6
 238 00ce 0028     		cmp	r0, #0
 239 00d0 B2D0     		beq	.L37
 240 00d2 0136     		adds	r6, r6, #1
 241 00d4 F0E7     		b	.L44
 242              	.L73:
 243 00d6 0135     		adds	r5, r5, #1
 244 00d8 DFE7     		b	.L41
 245              	.L72:
 246 00da 0625     		movs	r5, #6
 247 00dc FF23     		movs	r3, #255
 248 00de 8DF80550 		strb	r5, [sp, #5]
 249 00e2 8DF80430 		strb	r3, [sp, #4]
 250 00e6 0125     		movs	r5, #1
 251              	.L47:
 252 00e8 2046     		mov	r0, r4
 253 00ea 01A9     		add	r1, sp, #4
 254 00ec FFF7FEFF 		bl	I2C001_WriteData
 255 00f0 48B9     		cbnz	r0, .L74
 256              	.L48:
 257 00f2 41F28831 		movw	r1, #5000
 258 00f6 95FBF1F3 		sdiv	r3, r5, r1
 259 00fa 01FB1352 		mls	r2, r1, r3, r5
 260 00fe 002A     		cmp	r2, #0
 261 0100 9AD0     		beq	.L37
 262 0102 0135     		adds	r5, r5, #1
 263 0104 F0E7     		b	.L47
 264              	.L74:
 265 0106 0025     		movs	r5, #0
 266              	.L49:
 267 0108 4545     		cmp	r5, r8
 268 010a A8B2     		uxth	r0, r5
 269 010c 15DA     		bge	.L34
 270              	.L52:
 271 010e 0126     		movs	r6, #1
 272              	.L51:
 273 0110 2046     		mov	r0, r4
 274 0112 0DF10601 		add	r1, sp, #6
 275 0116 FFF7FEFF 		bl	I2C001_ReadData
 276 011a 48B9     		cbnz	r0, .L75
 277              	.L50:
 278 011c 41F28833 		movw	r3, #5000
 279 0120 96FBF3F2 		sdiv	r2, r6, r3
 280 0124 03FB1260 		mls	r0, r3, r2, r6
 281 0128 0028     		cmp	r0, #0
 282 012a 85D0     		beq	.L37
 283 012c 0136     		adds	r6, r6, #1
 284 012e EFE7     		b	.L51
 285              	.L75:
 286 0130 BDF80610 		ldrh	r1, [sp, #6]
 287 0134 7955     		strb	r1, [r7, r5]
 288 0136 0135     		adds	r5, r5, #1
 289 0138 E6E7     		b	.L49
 290              	.L34:
 291 013a 00B2     		sxth	r0, r0
 292 013c BDE8FE83 		pop	{r1, r2, r3, r4, r5, r6, r7, r8, r9, pc}
 294              		.section	.text.I2Cdev_readByte,"ax",%progbits
 295              		.align	1
 296              		.global	I2Cdev_readByte
 297              		.thumb
 298              		.thumb_func
 300              	I2Cdev_readByte:
 301              		@ args = 0, pretend = 0, frame = 8
 302              		@ frame_needed = 0, uses_anonymous_args = 0
 303 0000 1FB5     		push	{r0, r1, r2, r3, r4, lr}
 304 0002 04AB     		add	r3, sp, #16
 305 0004 0024     		movs	r4, #0
 306 0006 03F8014D 		strb	r4, [r3, #-1]!
 307 000a 0093     		str	r3, [sp, #0]
 308 000c 0123     		movs	r3, #1
 309 000e FFF7FEFF 		bl	I2Cdev_readBytes
 310 0012 10B1     		cbz	r0, .L78
 311 0014 9DF80F00 		ldrb	r0, [sp, #15]	@ zero_extendqisi2
 312 0018 01E0     		b	.L77
 313              	.L78:
 314 001a 4FF6FF70 		movw	r0, #65535
 315              	.L77:
 316 001e 00B2     		sxth	r0, r0
 317 0020 04B0     		add	sp, sp, #16
 318 0022 10BD     		pop	{r4, pc}
 320              		.section	.text.USIC2_2_IRQHandler,"ax",%progbits
 321              		.align	1
 322              		.global	USIC2_2_IRQHandler
 323              		.thumb
 324              		.thumb_func
 326              	USIC2_2_IRQHandler:
 327              		@ args = 0, pretend = 0, frame = 0
 328              		@ frame_needed = 0, uses_anonymous_args = 0
 329              		@ link register save eliminated.
 330 0000 064B     		ldr	r3, .L80
 331 0002 5868     		ldr	r0, [r3, #4]
 332 0004 0222     		movs	r2, #2
 333 0006 4FF40041 		mov	r1, #32768
 334 000a 8266     		str	r2, [r0, #104]
 335 000c C0F81811 		str	r1, [r0, #280]
 336 0010 C36C     		ldr	r3, [r0, #76]
 337 0012 43F02002 		orr	r2, r3, #32
 338 0016 C264     		str	r2, [r0, #76]
 339 0018 7047     		bx	lr
 340              	.L81:
 341 001a 00BF     		.align	2
 342              	.L80:
 343 001c 00000000 		.word	I2C001_Handle0
 345              		.section	.text.USIC0_5_IRQHandler,"ax",%progbits
 346              		.align	1
 347              		.global	USIC0_5_IRQHandler
 348              		.thumb
 349              		.thumb_func
 351              	USIC0_5_IRQHandler:
 352              		@ args = 0, pretend = 0, frame = 0
 353              		@ frame_needed = 0, uses_anonymous_args = 0
 354              		@ link register save eliminated.
 355 0000 064B     		ldr	r3, .L83
 356 0002 5868     		ldr	r0, [r3, #4]
 357 0004 0222     		movs	r2, #2
 358 0006 4FF40041 		mov	r1, #32768
 359 000a 8266     		str	r2, [r0, #104]
 360 000c C0F81811 		str	r1, [r0, #280]
 361 0010 C36C     		ldr	r3, [r0, #76]
 362 0012 43F02002 		orr	r2, r3, #32
 363 0016 C264     		str	r2, [r0, #76]
 364 0018 7047     		bx	lr
 365              	.L84:
 366 001a 00BF     		.align	2
 367              	.L83:
 368 001c 00000000 		.word	I2C001_Handle1
 370              		.ident	"GCC: (GNU Tools for ARM Embedded Processors) 4.7.4 20130913 (release) [ARM/embedded-4_7-br
DEFINED SYMBOLS
                            *ABS*:00000000 I2Cdev.c
C:\Users\SteurerE\AppData\Local\Temp\ccxUwFqo.s:17     .text.I2Cdev_writeBytes:00000000 $t
C:\Users\SteurerE\AppData\Local\Temp\ccxUwFqo.s:22     .text.I2Cdev_writeBytes:00000000 I2Cdev_writeBytes
C:\Users\SteurerE\AppData\Local\Temp\ccxUwFqo.s:120    .text.I2Cdev_writeByte:00000000 $t
C:\Users\SteurerE\AppData\Local\Temp\ccxUwFqo.s:125    .text.I2Cdev_writeByte:00000000 I2Cdev_writeByte
C:\Users\SteurerE\AppData\Local\Temp\ccxUwFqo.s:138    .text.I2Cdev_readBytes:00000000 $t
C:\Users\SteurerE\AppData\Local\Temp\ccxUwFqo.s:143    .text.I2Cdev_readBytes:00000000 I2Cdev_readBytes
C:\Users\SteurerE\AppData\Local\Temp\ccxUwFqo.s:295    .text.I2Cdev_readByte:00000000 $t
C:\Users\SteurerE\AppData\Local\Temp\ccxUwFqo.s:300    .text.I2Cdev_readByte:00000000 I2Cdev_readByte
C:\Users\SteurerE\AppData\Local\Temp\ccxUwFqo.s:321    .text.USIC2_2_IRQHandler:00000000 $t
C:\Users\SteurerE\AppData\Local\Temp\ccxUwFqo.s:326    .text.USIC2_2_IRQHandler:00000000 USIC2_2_IRQHandler
C:\Users\SteurerE\AppData\Local\Temp\ccxUwFqo.s:343    .text.USIC2_2_IRQHandler:0000001c $d
C:\Users\SteurerE\AppData\Local\Temp\ccxUwFqo.s:346    .text.USIC0_5_IRQHandler:00000000 $t
C:\Users\SteurerE\AppData\Local\Temp\ccxUwFqo.s:351    .text.USIC0_5_IRQHandler:00000000 USIC0_5_IRQHandler
C:\Users\SteurerE\AppData\Local\Temp\ccxUwFqo.s:368    .text.USIC0_5_IRQHandler:0000001c $d

UNDEFINED SYMBOLS
I2C001_WriteData
I2C001_ReadData
I2C001_Handle0
I2C001_Handle1
