   1              		.cpu cortex-m0
   2              		.fpu softvfp
   3              		.eabi_attribute 20, 1
   4              		.eabi_attribute 21, 1
   5              		.eabi_attribute 23, 3
   6              		.eabi_attribute 24, 1
   7              		.eabi_attribute 25, 1
   8              		.eabi_attribute 26, 1
   9              		.eabi_attribute 30, 4
  10              		.eabi_attribute 34, 0
  11              		.eabi_attribute 18, 4
  12              		.code	16
  13              		.file	"Main.c"
  14              		.section	.text.startup.main,"ax",%progbits
  15              		.align	1
  16              		.global	main
  17              		.code	16
  18              		.thumb_func
  20              	main:
  21 0000 07B5     		push	{r0, r1, r2, lr}
  22 0002 FFF7FEFF 		bl	DAVE_Init
  23 0006 FFF7FEFF 		bl	InitBlockCommutation
  24 000a FFF7FEFF 		bl	InitADC
  25 000e FFF7FEFF 		bl	InitDaisyWatchDog
  26 0012 FFF7FEFF 		bl	InitDaisyReset
  27 0016 084B     		ldr	r3, .L7
  28 0018 1868     		ldr	r0, [r3]
  29 001a 084B     		ldr	r3, .L7+4
  30 001c 0190     		str	r0, [sp, #4]
  31              	.L2:
  32 001e 019A     		ldr	r2, [sp, #4]
  33 0020 8021     		mov	r1, #128
  34 0022 FC32     		add	r2, r2, #252
  35 0024 D069     		ldr	r0, [r2, #28]
  36 0026 C901     		lsl	r1, r1, #7
  37 0028 0143     		orr	r1, r0
  38 002a 013B     		sub	r3, r3, #1
  39 002c D161     		str	r1, [r2, #28]
  40 002e 002B     		cmp	r3, #0
  41 0030 F5D1     		bne	.L2
  42              	.L5:
  43 0032 FFF7FEFF 		bl	DaisyChain
  44 0036 FCE7     		b	.L5
  45              	.L8:
  46              		.align	2
  47              	.L7:
  48 0038 00000000 		.word	UART001_Handle0
  49 003c A0860100 		.word	100000
  51              		.ident	"GCC: (GNU Tools for ARM Embedded Processors) 4.7.4 20130913 (release) [ARM/embedded-4_7-br
DEFINED SYMBOLS
                            *ABS*:00000000 Main.c
C:\Users\SteurerE\AppData\Local\Temp\ccsqwT7C.s:15     .text.startup.main:00000000 $t
C:\Users\SteurerE\AppData\Local\Temp\ccsqwT7C.s:20     .text.startup.main:00000000 main
C:\Users\SteurerE\AppData\Local\Temp\ccsqwT7C.s:48     .text.startup.main:00000038 $d

UNDEFINED SYMBOLS
DAVE_Init
InitBlockCommutation
InitADC
InitDaisyWatchDog
InitDaisyReset
DaisyChain
UART001_Handle0
