   1              		.syntax unified
   2              		.cpu cortex-m4
   3              		.eabi_attribute 27, 3
   4              		.fpu fpv4-sp-d16
   5              		.eabi_attribute 20, 1
   6              		.eabi_attribute 21, 1
   7              		.eabi_attribute 23, 3
   8              		.eabi_attribute 24, 1
   9              		.eabi_attribute 25, 1
  10              		.eabi_attribute 26, 1
  11              		.eabi_attribute 30, 6
  12              		.eabi_attribute 34, 1
  13              		.eabi_attribute 18, 4
  14              		.thumb
  15              		.file	"BatterySafety.c"
  16              		.text
  17              	.Ltext0:
  18              		.cfi_sections	.debug_frame
  19              		.comm	ADC_Result,4,4
  20              		.global	R1
  21              		.section	.rodata
  22              		.align	2
  25              	R1:
  26 0000 0A000000 		.word	10
  27              		.global	R2
  28              		.align	2
  31              	R2:
  32 0004 1E000000 		.word	30
  33              		.section	.text.CCU41_0_IRQHandler,"ax",%progbits
  34              		.align	2
  35              		.global	CCU41_0_IRQHandler
  36              		.thumb
  37              		.thumb_func
  39              	CCU41_0_IRQHandler:
  40              	.LFB120:
  41              		.file 1 "../_Quadrocopter/BatterySafety/BatterySafety.c"
   1:../_Quadrocopter/BatterySafety/BatterySafety.c **** /*
   2:../_Quadrocopter/BatterySafety/BatterySafety.c ****  * BatterySafety.c
   3:../_Quadrocopter/BatterySafety/BatterySafety.c ****  *
   4:../_Quadrocopter/BatterySafety/BatterySafety.c ****  *  Created on: 16.03.2016
   5:../_Quadrocopter/BatterySafety/BatterySafety.c ****  *      Author: Tschinder
   6:../_Quadrocopter/BatterySafety/BatterySafety.c ****  */
   7:../_Quadrocopter/BatterySafety/BatterySafety.c **** 
   8:../_Quadrocopter/BatterySafety/BatterySafety.c **** #include "BatterySafety.h"
   9:../_Quadrocopter/BatterySafety/BatterySafety.c **** 
  10:../_Quadrocopter/BatterySafety/BatterySafety.c **** extern float VBat;
  11:../_Quadrocopter/BatterySafety/BatterySafety.c **** 
  12:../_Quadrocopter/BatterySafety/BatterySafety.c **** ADC001_ResultHandleType ADC_Result;
  13:../_Quadrocopter/BatterySafety/BatterySafety.c **** const int R1 = 10;		//in kOhm
  14:../_Quadrocopter/BatterySafety/BatterySafety.c **** const int R2 = 30;		//in kOhm
  15:../_Quadrocopter/BatterySafety/BatterySafety.c **** 
  16:../_Quadrocopter/BatterySafety/BatterySafety.c **** void BAT_Safety_Meas() //Triggered with 1Hz
  17:../_Quadrocopter/BatterySafety/BatterySafety.c **** {
  42              		.loc 1 17 0
  43              		.cfi_startproc
  44              		@ args = 0, pretend = 0, frame = 0
  45              		@ frame_needed = 1, uses_anonymous_args = 0
  46 0000 80B5     		push	{r7, lr}
  47              	.LCFI0:
  48              		.cfi_def_cfa_offset 8
  49              		.cfi_offset 7, -8
  50              		.cfi_offset 14, -4
  51 0002 00AF     		add	r7, sp, #0
  52              	.LCFI1:
  53              		.cfi_def_cfa_register 7
  18:../_Quadrocopter/BatterySafety/BatterySafety.c **** 	ADC001_GenerateLoadEvent (&ADC001_Handle0 );
  54              		.loc 1 18 0
  55 0004 40F20000 		movw	r0, #:lower16:ADC001_Handle0
  56 0008 C0F20000 		movt	r0, #:upper16:ADC001_Handle0
  57 000c FFF7FEFF 		bl	ADC001_GenerateLoadEvent
  19:../_Quadrocopter/BatterySafety/BatterySafety.c **** }
  58              		.loc 1 19 0
  59 0010 80BD     		pop	{r7, pc}
  60              		.cfi_endproc
  61              	.LFE120:
  63              		.global	__aeabi_i2d
  64              		.global	__aeabi_dmul
  65              		.global	__aeabi_d2f
  66 0012 00BF     		.section	.text.VADC0_C0_2_IRQHandler,"ax",%progbits
  67              		.align	2
  68              		.global	VADC0_C0_2_IRQHandler
  69              		.thumb
  70              		.thumb_func
  72              	VADC0_C0_2_IRQHandler:
  73              	.LFB121:
  20:../_Quadrocopter/BatterySafety/BatterySafety.c **** 
  21:../_Quadrocopter/BatterySafety/BatterySafety.c **** void ADC_Result_ISR()
  22:../_Quadrocopter/BatterySafety/BatterySafety.c **** {
  74              		.loc 1 22 0
  75              		.cfi_startproc
  76              		@ args = 0, pretend = 0, frame = 0
  77              		@ frame_needed = 1, uses_anonymous_args = 0
  78 0000 80B5     		push	{r7, lr}
  79              	.LCFI2:
  80              		.cfi_def_cfa_offset 8
  81              		.cfi_offset 7, -8
  82              		.cfi_offset 14, -4
  83 0002 00AF     		add	r7, sp, #0
  84              	.LCFI3:
  85              		.cfi_def_cfa_register 7
  23:../_Quadrocopter/BatterySafety/BatterySafety.c **** 	ADC001_GetResult (&ADC001_Handle0 , &ADC_Result );
  86              		.loc 1 23 0
  87 0004 40F20000 		movw	r0, #:lower16:ADC001_Handle0
  88 0008 C0F20000 		movt	r0, #:upper16:ADC001_Handle0
  89 000c 40F20001 		movw	r1, #:lower16:ADC_Result
  90 0010 C0F20001 		movt	r1, #:upper16:ADC_Result
  91 0014 FFF7FEFF 		bl	ADC001_GetResult
  24:../_Quadrocopter/BatterySafety/BatterySafety.c **** 	VBat=(3.3/4095)*ADC_Result.Result;		//Umrechnung Bit in Volt
  92              		.loc 1 24 0
  93 0018 40F20003 		movw	r3, #:lower16:ADC_Result
  94 001c C0F20003 		movt	r3, #:upper16:ADC_Result
  95 0020 5B88     		ldrh	r3, [r3, #2]
  96 0022 1846     		mov	r0, r3
  97 0024 FFF7FEFF 		bl	__aeabi_i2d
  98 0028 0246     		mov	r2, r0
  99 002a 0B46     		mov	r3, r1
 100 002c 1046     		mov	r0, r2
 101 002e 1946     		mov	r1, r3
 102 0030 8BA3     		adr	r3, .L16
 103 0032 D3E90023 		ldrd	r2, [r3]
 104 0036 FFF7FEFF 		bl	__aeabi_dmul
 105 003a 0246     		mov	r2, r0
 106 003c 0B46     		mov	r3, r1
 107 003e 1046     		mov	r0, r2
 108 0040 1946     		mov	r1, r3
 109 0042 FFF7FEFF 		bl	__aeabi_d2f
 110 0046 0246     		mov	r2, r0	@ float
 111 0048 40F20003 		movw	r3, #:lower16:VBat
 112 004c C0F20003 		movt	r3, #:upper16:VBat
 113 0050 1A60     		str	r2, [r3, #0]	@ float
  25:../_Quadrocopter/BatterySafety/BatterySafety.c **** 	VBat=VBat*(R1+R2)/R1;					//Umrechnung Spannungsteiler
 114              		.loc 1 25 0
 115 0052 40F20003 		movw	r3, #:lower16:R1
 116 0056 C0F20003 		movt	r3, #:upper16:R1
 117 005a 1A68     		ldr	r2, [r3, #0]
 118 005c 40F20003 		movw	r3, #:lower16:R2
 119 0060 C0F20003 		movt	r3, #:upper16:R2
 120 0064 1B68     		ldr	r3, [r3, #0]
 121 0066 D318     		adds	r3, r2, r3
 122 0068 07EE903A 		fmsr	s15, r3	@ int
 123 006c B8EEE77A 		fsitos	s14, s15
 124 0070 40F20003 		movw	r3, #:lower16:VBat
 125 0074 C0F20003 		movt	r3, #:upper16:VBat
 126 0078 D3ED007A 		flds	s15, [r3, #0]
 127 007c 27EE277A 		fmuls	s14, s14, s15
 128 0080 40F20003 		movw	r3, #:lower16:R1
 129 0084 C0F20003 		movt	r3, #:upper16:R1
 130 0088 D3ED007A 		flds	s15, [r3, #0]	@ int
 131 008c F8EEE77A 		fsitos	s15, s15
 132 0090 C7EE277A 		fdivs	s15, s14, s15
 133 0094 40F20003 		movw	r3, #:lower16:VBat
 134 0098 C0F20003 		movt	r3, #:upper16:VBat
 135 009c C3ED007A 		fsts	s15, [r3, #0]
  26:../_Quadrocopter/BatterySafety/BatterySafety.c **** 
  27:../_Quadrocopter/BatterySafety/BatterySafety.c **** 	//LED Anzeige
  28:../_Quadrocopter/BatterySafety/BatterySafety.c **** 	if(VBat > 12.0)
 136              		.loc 1 28 0
 137 00a0 40F20003 		movw	r3, #:lower16:VBat
 138 00a4 C0F20003 		movt	r3, #:upper16:VBat
 139 00a8 93ED007A 		flds	s14, [r3, #0]
 140 00ac F2EE087A 		fconsts	s15, #40
 141 00b0 B4EEE77A 		fcmpes	s14, s15
 142 00b4 F1EE10FA 		fmstat
 143 00b8 2DDD     		ble	.L13
 144              	.L10:
  29:../_Quadrocopter/BatterySafety/BatterySafety.c **** 	{
  30:../_Quadrocopter/BatterySafety/BatterySafety.c **** 		IO004_SetPin(VBat_LED_Green);
 145              		.loc 1 30 0
 146 00ba 40F20003 		movw	r3, #:lower16:IO004_Handle0
 147 00be C0F20003 		movt	r3, #:upper16:IO004_Handle0
 148 00c2 5A68     		ldr	r2, [r3, #4]
 149 00c4 40F20003 		movw	r3, #:lower16:IO004_Handle0
 150 00c8 C0F20003 		movt	r3, #:upper16:IO004_Handle0
 151 00cc 5B78     		ldrb	r3, [r3, #1]	@ zero_extendqisi2
 152 00ce 4FF00101 		mov	r1, #1
 153 00d2 01FA03F3 		lsl	r3, r1, r3
 154 00d6 5360     		str	r3, [r2, #4]
  31:../_Quadrocopter/BatterySafety/BatterySafety.c **** 		IO004_SetPin(VBat_LED_Yellow);
 155              		.loc 1 31 0
 156 00d8 40F20003 		movw	r3, #:lower16:IO004_Handle1
 157 00dc C0F20003 		movt	r3, #:upper16:IO004_Handle1
 158 00e0 5A68     		ldr	r2, [r3, #4]
 159 00e2 40F20003 		movw	r3, #:lower16:IO004_Handle1
 160 00e6 C0F20003 		movt	r3, #:upper16:IO004_Handle1
 161 00ea 5B78     		ldrb	r3, [r3, #1]	@ zero_extendqisi2
 162 00ec 4FF00101 		mov	r1, #1
 163 00f0 01FA03F3 		lsl	r3, r1, r3
 164 00f4 5360     		str	r3, [r2, #4]
  32:../_Quadrocopter/BatterySafety/BatterySafety.c **** 		IO004_SetPin(VBat_LED_Red);
 165              		.loc 1 32 0
 166 00f6 40F20003 		movw	r3, #:lower16:IO004_Handle2
 167 00fa C0F20003 		movt	r3, #:upper16:IO004_Handle2
 168 00fe 5A68     		ldr	r2, [r3, #4]
 169 0100 40F20003 		movw	r3, #:lower16:IO004_Handle2
 170 0104 C0F20003 		movt	r3, #:upper16:IO004_Handle2
 171 0108 5B78     		ldrb	r3, [r3, #1]	@ zero_extendqisi2
 172 010a 4FF00101 		mov	r1, #1
 173 010e 01FA03F3 		lsl	r3, r1, r3
 174 0112 5360     		str	r3, [r2, #4]
 175 0114 A2E0     		b	.L2
 176              	.L13:
  33:../_Quadrocopter/BatterySafety/BatterySafety.c **** 	}
  34:../_Quadrocopter/BatterySafety/BatterySafety.c **** 	else if(VBat > 11.0)
 177              		.loc 1 34 0
 178 0116 40F20003 		movw	r3, #:lower16:VBat
 179 011a C0F20003 		movt	r3, #:upper16:VBat
 180 011e 93ED007A 		flds	s14, [r3, #0]
 181 0122 F2EE067A 		fconsts	s15, #38
 182 0126 B4EEE77A 		fcmpes	s14, s15
 183 012a F1EE10FA 		fmstat
 184 012e 2DDD     		ble	.L14
 185              	.L11:
  35:../_Quadrocopter/BatterySafety/BatterySafety.c **** 	{
  36:../_Quadrocopter/BatterySafety/BatterySafety.c **** 		IO004_ResetPin(VBat_LED_Green);
 186              		.loc 1 36 0
 187 0130 40F20003 		movw	r3, #:lower16:IO004_Handle0
 188 0134 C0F20003 		movt	r3, #:upper16:IO004_Handle0
 189 0138 5A68     		ldr	r2, [r3, #4]
 190 013a 40F20003 		movw	r3, #:lower16:IO004_Handle0
 191 013e C0F20003 		movt	r3, #:upper16:IO004_Handle0
 192 0142 5B78     		ldrb	r3, [r3, #1]	@ zero_extendqisi2
 193 0144 4FF48031 		mov	r1, #65536
 194 0148 01FA03F3 		lsl	r3, r1, r3
 195 014c 5360     		str	r3, [r2, #4]
  37:../_Quadrocopter/BatterySafety/BatterySafety.c **** 		IO004_SetPin(VBat_LED_Yellow);
 196              		.loc 1 37 0
 197 014e 40F20003 		movw	r3, #:lower16:IO004_Handle1
 198 0152 C0F20003 		movt	r3, #:upper16:IO004_Handle1
 199 0156 5A68     		ldr	r2, [r3, #4]
 200 0158 40F20003 		movw	r3, #:lower16:IO004_Handle1
 201 015c C0F20003 		movt	r3, #:upper16:IO004_Handle1
 202 0160 5B78     		ldrb	r3, [r3, #1]	@ zero_extendqisi2
 203 0162 4FF00101 		mov	r1, #1
 204 0166 01FA03F3 		lsl	r3, r1, r3
 205 016a 5360     		str	r3, [r2, #4]
  38:../_Quadrocopter/BatterySafety/BatterySafety.c **** 		IO004_SetPin(VBat_LED_Red);
 206              		.loc 1 38 0
 207 016c 40F20003 		movw	r3, #:lower16:IO004_Handle2
 208 0170 C0F20003 		movt	r3, #:upper16:IO004_Handle2
 209 0174 5A68     		ldr	r2, [r3, #4]
 210 0176 40F20003 		movw	r3, #:lower16:IO004_Handle2
 211 017a C0F20003 		movt	r3, #:upper16:IO004_Handle2
 212 017e 5B78     		ldrb	r3, [r3, #1]	@ zero_extendqisi2
 213 0180 4FF00101 		mov	r1, #1
 214 0184 01FA03F3 		lsl	r3, r1, r3
 215 0188 5360     		str	r3, [r2, #4]
 216 018a 67E0     		b	.L2
 217              	.L14:
  39:../_Quadrocopter/BatterySafety/BatterySafety.c **** 	}
  40:../_Quadrocopter/BatterySafety/BatterySafety.c **** 	else if(VBat > 10.5)
 218              		.loc 1 40 0
 219 018c 40F20003 		movw	r3, #:lower16:VBat
 220 0190 C0F20003 		movt	r3, #:upper16:VBat
 221 0194 93ED007A 		flds	s14, [r3, #0]
 222 0198 F2EE057A 		fconsts	s15, #37
 223 019c B4EEE77A 		fcmpes	s14, s15
 224 01a0 F1EE10FA 		fmstat
 225 01a4 2DDD     		ble	.L15
 226              	.L12:
  41:../_Quadrocopter/BatterySafety/BatterySafety.c **** 	{
  42:../_Quadrocopter/BatterySafety/BatterySafety.c **** 		IO004_ResetPin(VBat_LED_Green);
 227              		.loc 1 42 0
 228 01a6 40F20003 		movw	r3, #:lower16:IO004_Handle0
 229 01aa C0F20003 		movt	r3, #:upper16:IO004_Handle0
 230 01ae 5A68     		ldr	r2, [r3, #4]
 231 01b0 40F20003 		movw	r3, #:lower16:IO004_Handle0
 232 01b4 C0F20003 		movt	r3, #:upper16:IO004_Handle0
 233 01b8 5B78     		ldrb	r3, [r3, #1]	@ zero_extendqisi2
 234 01ba 4FF48031 		mov	r1, #65536
 235 01be 01FA03F3 		lsl	r3, r1, r3
 236 01c2 5360     		str	r3, [r2, #4]
  43:../_Quadrocopter/BatterySafety/BatterySafety.c **** 		IO004_ResetPin(VBat_LED_Yellow);
 237              		.loc 1 43 0
 238 01c4 40F20003 		movw	r3, #:lower16:IO004_Handle1
 239 01c8 C0F20003 		movt	r3, #:upper16:IO004_Handle1
 240 01cc 5A68     		ldr	r2, [r3, #4]
 241 01ce 40F20003 		movw	r3, #:lower16:IO004_Handle1
 242 01d2 C0F20003 		movt	r3, #:upper16:IO004_Handle1
 243 01d6 5B78     		ldrb	r3, [r3, #1]	@ zero_extendqisi2
 244 01d8 4FF48031 		mov	r1, #65536
 245 01dc 01FA03F3 		lsl	r3, r1, r3
 246 01e0 5360     		str	r3, [r2, #4]
  44:../_Quadrocopter/BatterySafety/BatterySafety.c **** 		IO004_SetPin(VBat_LED_Red);
 247              		.loc 1 44 0
 248 01e2 40F20003 		movw	r3, #:lower16:IO004_Handle2
 249 01e6 C0F20003 		movt	r3, #:upper16:IO004_Handle2
 250 01ea 5A68     		ldr	r2, [r3, #4]
 251 01ec 40F20003 		movw	r3, #:lower16:IO004_Handle2
 252 01f0 C0F20003 		movt	r3, #:upper16:IO004_Handle2
 253 01f4 5B78     		ldrb	r3, [r3, #1]	@ zero_extendqisi2
 254 01f6 4FF00101 		mov	r1, #1
 255 01fa 01FA03F3 		lsl	r3, r1, r3
 256 01fe 5360     		str	r3, [r2, #4]
 257 0200 2CE0     		b	.L2
 258              	.L15:
  45:../_Quadrocopter/BatterySafety/BatterySafety.c **** 	}
  46:../_Quadrocopter/BatterySafety/BatterySafety.c **** 	else
  47:../_Quadrocopter/BatterySafety/BatterySafety.c **** 	{
  48:../_Quadrocopter/BatterySafety/BatterySafety.c **** 		IO004_ResetPin(VBat_LED_Green);
 259              		.loc 1 48 0
 260 0202 40F20003 		movw	r3, #:lower16:IO004_Handle0
 261 0206 C0F20003 		movt	r3, #:upper16:IO004_Handle0
 262 020a 5A68     		ldr	r2, [r3, #4]
 263 020c 40F20003 		movw	r3, #:lower16:IO004_Handle0
 264 0210 C0F20003 		movt	r3, #:upper16:IO004_Handle0
 265 0214 5B78     		ldrb	r3, [r3, #1]	@ zero_extendqisi2
 266 0216 4FF48031 		mov	r1, #65536
 267 021a 01FA03F3 		lsl	r3, r1, r3
 268 021e 5360     		str	r3, [r2, #4]
  49:../_Quadrocopter/BatterySafety/BatterySafety.c **** 		IO004_ResetPin(VBat_LED_Yellow);
 269              		.loc 1 49 0
 270 0220 40F20003 		movw	r3, #:lower16:IO004_Handle1
 271 0224 C0F20003 		movt	r3, #:upper16:IO004_Handle1
 272 0228 5A68     		ldr	r2, [r3, #4]
 273 022a 40F20003 		movw	r3, #:lower16:IO004_Handle1
 274 022e C0F20003 		movt	r3, #:upper16:IO004_Handle1
 275 0232 5B78     		ldrb	r3, [r3, #1]	@ zero_extendqisi2
 276 0234 4FF48031 		mov	r1, #65536
 277 0238 01FA03F3 		lsl	r3, r1, r3
 278 023c 5360     		str	r3, [r2, #4]
  50:../_Quadrocopter/BatterySafety/BatterySafety.c **** 		IO004_TogglePin(VBat_LED_Red);
 279              		.loc 1 50 0
 280 023e 40F20003 		movw	r3, #:lower16:IO004_Handle2
 281 0242 C0F20003 		movt	r3, #:upper16:IO004_Handle2
 282 0246 5A68     		ldr	r2, [r3, #4]
 283 0248 40F20003 		movw	r3, #:lower16:IO004_Handle2
 284 024c C0F20003 		movt	r3, #:upper16:IO004_Handle2
 285 0250 5B78     		ldrb	r3, [r3, #1]	@ zero_extendqisi2
 286 0252 4FF00111 		mov	r1, #65537
 287 0256 01FA03F3 		lsl	r3, r1, r3
 288 025a 5360     		str	r3, [r2, #4]
 289              	.L2:
  51:../_Quadrocopter/BatterySafety/BatterySafety.c **** 	}
  52:../_Quadrocopter/BatterySafety/BatterySafety.c **** }
 290              		.loc 1 52 0
 291 025c 80BD     		pop	{r7, pc}
 292              	.L17:
 293 025e 00BF     		.align	3
 294              	.L16:
 295 0260 B4D934E7 		.word	-415966796
 296 0264 0C684A3F 		.word	1061840908
 297              		.cfi_endproc
 298              	.LFE121:
 300              		.text
 301              	.Letext0:
 302              		.file 2 "c:\\dave-3.1.10\\arm-gcc\\bin\\../lib/gcc/arm-none-eabi/4.7.4/../../../../arm-none-eabi/i
 303              		.file 3 "C:\\DAVE-3.1.10\\eclipse\\/../CMSIS/Infineon/XMC4500_series/Include/XMC4500.h"
 304              		.file 4 "E:\\GitHub\\Flying-PCB\\Software\\LARIX Flightcontroller\\CORE_Larix_V1.0\\Dave\\Generate
 305              		.file 5 "E:\\GitHub\\Flying-PCB\\Software\\LARIX Flightcontroller\\CORE_Larix_V1.0\\Dave\\Generate
 306              		.file 6 "E:\\GitHub\\Flying-PCB\\Software\\LARIX Flightcontroller\\CORE_Larix_V1.0\\Dave\\Generate
 307              		.file 7 "C:\\DAVE-3.1.10\\eclipse\\/../CMSIS/Include/core_cm4.h"
 308              		.file 8 "E:\\GitHub\\Flying-PCB\\Software\\LARIX Flightcontroller\\CORE_Larix_V1.0\\Dave\\Generate
 309              		.file 9 "E:\\GitHub\\Flying-PCB\\Software\\LARIX Flightcontroller\\CORE_Larix_V1.0\\Dave\\Generate
DEFINED SYMBOLS
                            *ABS*:00000000 BatterySafety.c
                            *COM*:00000004 ADC_Result
C:\Users\Mya\AppData\Local\Temp\ccIQBBY6.s:25     .rodata:00000000 R1
C:\Users\Mya\AppData\Local\Temp\ccIQBBY6.s:22     .rodata:00000000 $d
C:\Users\Mya\AppData\Local\Temp\ccIQBBY6.s:31     .rodata:00000004 R2
C:\Users\Mya\AppData\Local\Temp\ccIQBBY6.s:34     .text.CCU41_0_IRQHandler:00000000 $t
C:\Users\Mya\AppData\Local\Temp\ccIQBBY6.s:39     .text.CCU41_0_IRQHandler:00000000 CCU41_0_IRQHandler
C:\Users\Mya\AppData\Local\Temp\ccIQBBY6.s:67     .text.VADC0_C0_2_IRQHandler:00000000 $t
C:\Users\Mya\AppData\Local\Temp\ccIQBBY6.s:72     .text.VADC0_C0_2_IRQHandler:00000000 VADC0_C0_2_IRQHandler
C:\Users\Mya\AppData\Local\Temp\ccIQBBY6.s:295    .text.VADC0_C0_2_IRQHandler:00000260 $d
                     .debug_frame:00000010 $d
                           .group:00000000 wm4.1.84cfd71c6d2dc0bd4021712beaa9efd8
                           .group:00000000 wm4.XMC4500.h.45.215f4b8c79f46c7645c15373868d08c0
                           .group:00000000 wm4.core_cm4.h.47.41af406cb4cda82c972f112a9cd0a024
                           .group:00000000 wm4.newlib.h.8.a9901dc52d1357e3e94003403d43f8b5
                           .group:00000000 wm4.features.h.22.b72b3baab2bb2eab3661375590100b6b
                           .group:00000000 wm4.config.h.193.5fb8ef056cdff92dec3dee9552839d8c
                           .group:00000000 wm4._ansi.h.23.7aefdac4826acebbfc9f3822a0aeb14c
                           .group:00000000 wm4.stdint.h.20.54ad762faa59e3c05491630641c8d8bf
                           .group:00000000 wm4.core_cmInstr.h.39.3d3d1b4a79aef37532666dc6ee87c6ac
                           .group:00000000 wm4.core_cm4_simd.h.43.b5d1d38735af6366227b4256d330cf13
                           .group:00000000 wm4.core_cm4.h.178.e5ef5ce66d198d7f00f9d0076e267c41
                           .group:00000000 wm4.system_XMC4500.h.29.827f68baa362c84f2abae4ab67dde7c9
                           .group:00000000 wm4.XMC4500.h.198.8e022f279ff353ed081df898dc7b9cf3
                           .group:00000000 wm4.stddef.h.40.50cf36416e06376af8a9dca28536f2e4
                           .group:00000000 wm4.types.h.60.e75c47576398c648cdcf9000ace5e3d8
                           .group:00000000 wm4.MULTIPLEXER.h.46.4a863fbae1c79f0db26da3ce2dc30d02
                           .group:00000000 wm4.CCU8PWMLIB.h.74.725ec81203769525cc7a424597055f47
                           .group:00000000 wm4.MOTORLIB.h.62.951091d95913dd2ff36d761323a1771d
                           .group:00000000 wm4.DBG001.h.116.d6d9e7459a0faa3905c97c1d2edb339d
                           .group:00000000 wm4.uc_id.h.35.fa57ecd9f559d2767f56c96da2848c12
                           .group:00000000 wm4.CLK001_Const.h.50.e5e9c2ddc89f4cc9e7b93e9648fa94e4
                           .group:00000000 wm4.CLK001_Conf.h.81.851ac7a1268528f4d6739384c2f248a5
                           .group:00000000 wm4._default_types.h.6.5e12cd604db8ce00b62bb2f02708eaf3
                           .group:00000000 wm4.lock.h.2.9bc98482741e5e2a9450b12934a684ea
                           .group:00000000 wm4.stddef.h.161.c6104a0666cf681b6269ddc9b4f516d4
                           .group:00000000 wm4.types.h.2.e9cec8c90ab35f77d9f499e06ae02400
                           .group:00000000 wm4.types.h.80.1f2c84c0d57dd52dd9936095d9ac218e
                           .group:00000000 wm4.time.h.16.a4579e68956d2601c6113814b546764b
                           .group:00000000 wm4.RTC001.h.113.715d6fcab1863c6656b238bddd304166
                           .group:00000000 wm4.lmm001_debuglog.h.40.8031299705ecf04ad726bd19baff976d
                           .group:00000000 wm4.reent.h.11.a39e4126dcf3c6afd3054e0622577bae
                           .group:00000000 wm4.stddef.h.161.e50ff8a9d5d1abbc15641da28ac571bf
                           .group:00000000 wm4.string.h.86.d5c872ff52e2712c985b588a0ef39f3c
                           .group:00000000 wm4.LMM001.h.45.fa2df8bae969f45df5071221ac433ffa
                           .group:00000000 wm4.stdio.h.27.f2ac352bab34f31f9f478442827b2ba6
                           .group:00000000 wm4.stdarg.h.34.3a23a216c0c293b3d2ea2e89281481e6
                           .group:00000000 wm4.stdio.h.2.4aa87247282eca6c8f36f9de33d8df1a
                           .group:00000000 wm4.stdio.h.63.dfdea6580b080784d08faace69b6ed76
                           .group:00000000 wm4.stdlib.h.13.603ed7eb09a1561ab06840b7c0fcff58
                           .group:00000000 wm4.alloca.h.8.dfc0c703c47ec3e69746825b17d9e66d
                           .group:00000000 wm4.stdlib.h.53.c69c7609933ff56d59c757cec2d13230
                           .group:00000000 wm4.time.h.2.9857e62ad6ac99431e29d58067232314
                           .group:00000000 wm4.time.h.24.c499d4c1915694df17abb795fd34b719
                           .group:00000000 wm4.time.h.124.10ced469f846269cafc58b59c853e1bb
                           .group:00000000 wm4.errno.h.2.ba016d646105af6cad23be83630b6a3f
                           .group:00000000 wm4.errno.h.9.65044c2b5d8494e43f5986ab0a1d770f
                           .group:00000000 wm4.unistd.h.2.6ce1b91c4223f6078c1b210c7538c1d2
                           .group:00000000 wm4.unistd.h.251.605bc560cdc6c3b07b599bb71ac4e425
                           .group:00000000 wm4.malloc.h.4.62bd13b8107d5245f60bd92bb5994838
                           .group:00000000 wm4.malloc.h.148.73b7de3bd065dafbd594b04197a9466e
                           .group:00000000 wm4.reent.h.91.faac4d0ac97c0fcf23d10d0786197642
                           .group:00000000 wm4.SLTHA003.h.104.05371e300b30617373255b3cdb4765a2
                           .group:00000000 wm4.SYSTM001.h.64.6ecb31c49bc3e7691644fdcdfc11b5cd
                           .group:00000000 wm4.stdarg.h.31.fa591a4b1df9e413e9f5b8097f9ae89d
                           .group:00000000 wm4.Type_CM.h.61.3660c940695d7d5fef91de9c4081d0f0
                           .group:00000000 wm4.dwc_os.h.82.db2ca40c41e2f648d146b8942e5157d9
                           .group:00000000 wm4.dwc_otg_core_if.h.95.37e41eee47e9a4502e4044edf60ea92d
                           .group:00000000 wm4.usbcore001_device.h.107.6c032c9c28ac6c3f4e5e24a068720cd7
                           .group:00000000 wm4.USB.h.399.44a2bec94122294f06c4d854450494d3
                           .group:00000000 wm4.Common.h.102.bc881ac788d1d7ce84e651cbaa40f2c2
                           .group:00000000 wm4.Common.h.134.5069b632a0407201156f18fde915b80c
                           .group:00000000 wm4.USBMode.h.234.0cc9e23131c025605bb7c0db3ebb8ac9
                           .group:00000000 wm4.StdRequestType.h.93.4e19c7c655f990c2abedbb76a546fcde
                           .group:00000000 wm4.Endpoint.h.116.4ef46b127c9047ed49fe1e0df19e09b8
                           .group:00000000 wm4.StdDescriptors.h.120.0ce817e16dcc91b8cf4a79ba0e0e19b6
                           .group:00000000 wm4.CDC.h.103.7ce3e4692dde29e827f8736493eef7ef
                           .group:00000000 wm4.CDC.h.115.c83a7d6c5b6c8644b3dec6212d4ced09
                           .group:00000000 wm4.Descriptors.h.91.5cf84c2489ee54d154cabfe9e14b5c19
                           .group:00000000 wm4.Usic.h.54.8af9f733ba5771eeb374435d205ea54b
                           .group:00000000 wm4.UART001_Conf.h.53.fce01a2aa073e958cae0b1cc894db26c
                           .group:00000000 wm4.UART001.h.109.3e835815a7a59791d8bd39655f4d4cc9
                           .group:00000000 wm4.CCU4Global_Conf.h.63.10a5fc586e1563647b9633c45b1b739e
                           .group:00000000 wm4.PWMSP001.h.57.29b732b86baf3e81f49153f5f495912e
                           .group:00000000 wm4.NVIC002_Conf.h.63.85c8666caca8bd9e6c27dcbc8efe5043
                           .group:00000000 wm4.I2C001.h.97.5277d52889d6c741e048ea45ee1277b5
                           .group:00000000 wm4.I2C001_Conf.h.58.2b816ac2c964c55a6c88f9c406d78c9f
                           .group:00000000 wm4.ERU001_Conf.h.69.61c28b1ac8f55fb79ee064524d8b6415
                           .group:00000000 wm4.ERU002_Conf.h.49.449ecc05b9e62e9b43f2dc6ead06a5ce
                           .group:00000000 wm4.IO002_Conf.h.51.87e2c8c60b647393fe9ced2cae198f63
                           .group:00000000 wm4.ADCGROUP001.h.66.3ee81aba16709c201614af7d67499bdb
                           .group:00000000 wm4.IO001.h.49.4efcabb368feaef60c65bd7504b48505
                           .group:00000000 wm4.ADC001.h.72.a0f6b9479a18584b91fa95e6f862978d
                           .group:00000000 wm4.IO004.h.53.442ea5eb47ad9eedc675253aa35f3107
                           .group:00000000 wm4.BatterySafety.h.22.e0f263b65b628e016ddf3845e2cf7037

UNDEFINED SYMBOLS
ADC001_Handle0
ADC001_GenerateLoadEvent
__aeabi_i2d
__aeabi_dmul
__aeabi_d2f
ADC001_GetResult
VBat
IO004_Handle0
IO004_Handle1
IO004_Handle2
