   1              		.syntax unified
   2              		.cpu cortex-m4
   3              		.eabi_attribute 27, 3
   4              		.fpu fpv4-sp-d16
   5              		.eabi_attribute 20, 1
   6              		.eabi_attribute 21, 1
   7              		.eabi_attribute 23, 3
   8              		.eabi_attribute 24, 1
   9              		.eabi_attribute 25, 1
  10              		.eabi_attribute 26, 1
  11              		.eabi_attribute 30, 4
  12              		.eabi_attribute 34, 1
  13              		.eabi_attribute 18, 4
  14              		.thumb
  15              		.file	"RCReceive.c"
  16              		.section	.text.WatchRC,"ax",%progbits
  17              		.align	1
  18              		.global	WatchRC
  19              		.thumb
  20              		.thumb_func
  22              	WatchRC:
  23              		@ args = 0, pretend = 0, frame = 0
  24              		@ frame_needed = 0, uses_anonymous_args = 0
  25              		@ link register save eliminated.
  26 0000 094B     		ldr	r3, .L5
  27 0002 1A78     		ldrb	r2, [r3, #0]	@ zero_extendqisi2
  28 0004 5978     		ldrb	r1, [r3, #1]	@ zero_extendqisi2
  29 0006 9142     		cmp	r1, r2
  30 0008 02D1     		bne	.L2
  31 000a 0849     		ldr	r1, .L5+4
  32 000c 0120     		movs	r0, #1
  33 000e 0870     		strb	r0, [r1, #0]
  34              	.L2:
  35 0010 5A70     		strb	r2, [r3, #1]
  36 0012 9A78     		ldrb	r2, [r3, #2]	@ zero_extendqisi2
  37 0014 DB78     		ldrb	r3, [r3, #3]	@ zero_extendqisi2
  38 0016 9342     		cmp	r3, r2
  39 0018 02D1     		bne	.L3
  40 001a 0449     		ldr	r1, .L5+4
  41 001c 0120     		movs	r0, #1
  42 001e 4870     		strb	r0, [r1, #1]
  43              	.L3:
  44 0020 014B     		ldr	r3, .L5
  45 0022 DA70     		strb	r2, [r3, #3]
  46 0024 7047     		bx	lr
  47              	.L6:
  48 0026 00BF     		.align	2
  49              	.L5:
  50 0028 00000000 		.word	.LANCHOR0
  51 002c 00000000 		.word	.LANCHOR1
  53              		.section	.text.mergeBytes,"ax",%progbits
  54              		.align	1
  55              		.global	mergeBytes
  56              		.thumb
  57              		.thumb_func
  59              	mergeBytes:
  60              		@ args = 0, pretend = 0, frame = 0
  61              		@ frame_needed = 0, uses_anonymous_args = 0
  62              		@ link register save eliminated.
  63 0000 41EA0020 		orr	r0, r1, r0, lsl #8
  64 0004 7047     		bx	lr
  66              		.section	.text.CCU41_1_IRQHandler,"ax",%progbits
  67              		.align	1
  68              		.global	CCU41_1_IRQHandler
  69              		.thumb
  70              		.thumb_func
  72              	CCU41_1_IRQHandler:
  73              		@ args = 0, pretend = 0, frame = 8
  74              		@ frame_needed = 0, uses_anonymous_args = 0
  75 0000 07B5     		push	{r0, r1, r2, lr}
  76 0002 02A9     		add	r1, sp, #8
  77 0004 FF23     		movs	r3, #255
  78 0006 01F8013D 		strb	r3, [r1, #-1]!
  79 000a 0122     		movs	r2, #1
  80 000c 0148     		ldr	r0, .L9
  81 000e FFF7FEFF 		bl	UART001_WriteDataBytes
  82 0012 0EBD     		pop	{r1, r2, r3, pc}
  83              	.L10:
  84              		.align	2
  85              	.L9:
  86 0014 00000000 		.word	UART001_Handle2
  88              		.global	__aeabi_i2d
  89              		.global	__aeabi_ddiv
  90              		.global	__aeabi_d2f
  91              		.section	.text.USIC1_0_IRQHandler,"ax",%progbits
  92              		.align	1
  93              		.global	USIC1_0_IRQHandler
  94              		.thumb
  95              		.thumb_func
  97              	USIC1_0_IRQHandler:
  98              		@ args = 0, pretend = 0, frame = 32
  99              		@ frame_needed = 0, uses_anonymous_args = 0
 100 0000 2DE9F041 		push	{r4, r5, r6, r7, r8, lr}
 101 0004 1021     		movs	r1, #16
 102 0006 88B0     		sub	sp, sp, #32
 103 0008 5948     		ldr	r0, .L24+16
 104 000a FFF7FEFF 		bl	UART001_GetFlagStatus
 105 000e 0228     		cmp	r0, #2
 106 0010 40F0A380 		bne	.L11
 107 0014 6946     		mov	r1, sp
 108 0016 2022     		movs	r2, #32
 109 0018 5548     		ldr	r0, .L24+16
 110 001a FFF7FEFF 		bl	UART001_ReadDataBytes
 111 001e 5448     		ldr	r0, .L24+16
 112 0020 1021     		movs	r1, #16
 113 0022 FFF7FEFF 		bl	UART001_ClearFlag
 114 0026 0024     		movs	r4, #0
 115 0028 0DF1FF33 		add	r3, sp, #-1
 116              	.L13:
 117 002c 13F8012F 		ldrb	r2, [r3, #1]!	@ zero_extendqisi2
 118 0030 302A     		cmp	r2, #48
 119 0032 03D0     		beq	.L23
 120              	.L15:
 121 0034 0134     		adds	r4, r4, #1
 122 0036 122C     		cmp	r4, #18
 123 0038 F8D1     		bne	.L13
 124 003a 8EE0     		b	.L11
 125              	.L23:
 126 003c 93F80180 		ldrb	r8, [r3, #1]	@ zero_extendqisi2
 127 0040 B8F1000F 		cmp	r8, #0
 128 0044 F6D1     		bne	.L15
 129 0046 5879     		ldrb	r0, [r3, #5]	@ zero_extendqisi2
 130 0048 A228     		cmp	r0, #162
 131 004a F3D1     		bne	.L15
 132 004c 197A     		ldrb	r1, [r3, #8]	@ zero_extendqisi2
 133 004e 2B29     		cmp	r1, #43
 134 0050 F0D1     		bne	.L15
 135 0052 5A7A     		ldrb	r2, [r3, #9]	@ zero_extendqisi2
 136 0054 FE2A     		cmp	r2, #254
 137 0056 EDD1     		bne	.L15
 138 0058 08AB     		add	r3, sp, #32
 139 005a 1C19     		adds	r4, r3, r4
 140 005c 40F2C552 		movw	r2, #1477
 141 0060 14F81E6C 		ldrb	r6, [r4, #-30]	@ zero_extendqisi2
 142 0064 14F81D7C 		ldrb	r7, [r4, #-29]	@ zero_extendqisi2
 143 0068 424D     		ldr	r5, .L24+20
 144 006a 47EA0620 		orr	r0, r7, r6, lsl #8
 145 006e A0F59971 		sub	r1, r0, #306
 146 0072 4EF66026 		movw	r6, #60000
 147 0076 7143     		muls	r1, r6, r1
 148 0078 91FBF2F0 		sdiv	r0, r1, r2
 149 007c FFF7FEFF 		bl	__aeabi_i2d
 150 0080 37A3     		adr	r3, .L24
 151 0082 D3E90023 		ldrd	r2, [r3]
 152 0086 FFF7FEFF 		bl	__aeabi_ddiv
 153 008a FFF7FEFF 		bl	__aeabi_d2f
 154 008e 14F8193C 		ldrb	r3, [r4, #-25]	@ zero_extendqisi2
 155 0092 14F81A7C 		ldrb	r7, [r4, #-26]	@ zero_extendqisi2
 156 0096 6860     		str	r0, [r5, #4]	@ float
 157 0098 43EA0720 		orr	r0, r3, r7, lsl #8
 158 009c A0F63211 		subw	r1, r0, #2354
 159 00a0 7143     		muls	r1, r6, r1
 160 00a2 40F29A57 		movw	r7, #1434
 161 00a6 91FBF7F2 		sdiv	r2, r1, r7
 162 00aa A2F5EA40 		sub	r0, r2, #29952
 163 00ae 3038     		subs	r0, r0, #48
 164 00b0 FFF7FEFF 		bl	__aeabi_i2d
 165 00b4 2CA3     		adr	r3, .L24+8
 166 00b6 D3E90023 		ldrd	r2, [r3]
 167 00ba FFF7FEFF 		bl	__aeabi_ddiv
 168 00be FFF7FEFF 		bl	__aeabi_d2f
 169 00c2 14F8153C 		ldrb	r3, [r4, #-21]	@ zero_extendqisi2
 170 00c6 A860     		str	r0, [r5, #8]	@ float
 171 00c8 14F8160C 		ldrb	r0, [r4, #-22]	@ zero_extendqisi2
 172 00cc 43EA0021 		orr	r1, r3, r0, lsl #8
 173 00d0 A1F58952 		sub	r2, r1, #4384
 174 00d4 103A     		subs	r2, r2, #16
 175 00d6 7243     		muls	r2, r6, r2
 176 00d8 92FBF7F0 		sdiv	r0, r2, r7
 177 00dc A0F5EA40 		sub	r0, r0, #29952
 178 00e0 3038     		subs	r0, r0, #48
 179 00e2 FFF7FEFF 		bl	__aeabi_i2d
 180 00e6 20A3     		adr	r3, .L24+8
 181 00e8 D3E90023 		ldrd	r2, [r3]
 182 00ec FFF7FEFF 		bl	__aeabi_ddiv
 183 00f0 FFF7FEFF 		bl	__aeabi_d2f
 184 00f4 14F8113C 		ldrb	r3, [r4, #-17]	@ zero_extendqisi2
 185 00f8 14F8121C 		ldrb	r1, [r4, #-18]	@ zero_extendqisi2
 186 00fc E860     		str	r0, [r5, #12]	@ float
 187 00fe 43EA0122 		orr	r2, r3, r1, lsl #8
 188 0102 A2F5C950 		sub	r0, r2, #6432
 189 0106 1238     		subs	r0, r0, #18
 190 0108 4643     		muls	r6, r0, r6
 191 010a 96FBF7F1 		sdiv	r1, r6, r7
 192 010e A1F5EA40 		sub	r0, r1, #29952
 193 0112 3038     		subs	r0, r0, #48
 194 0114 FFF7FEFF 		bl	__aeabi_i2d
 195 0118 13A3     		adr	r3, .L24+8
 196 011a D3E90023 		ldrd	r2, [r3]
 197 011e FFF7FEFF 		bl	__aeabi_ddiv
 198 0122 FFF7FEFF 		bl	__aeabi_d2f
 199 0126 14F8142C 		ldrb	r2, [r4, #-20]	@ zero_extendqisi2
 200 012a 14F8133C 		ldrb	r3, [r4, #-19]	@ zero_extendqisi2
 201 012e 2861     		str	r0, [r5, #16]	@ float
 202 0130 42F23211 		movw	r1, #8498
 203 0134 43EA0220 		orr	r0, r3, r2, lsl #8
 204 0138 8842     		cmp	r0, r1
 205 013a 02D1     		bne	.L16
 206 013c 85F81480 		strb	r8, [r5, #20]
 207 0140 05E0     		b	.L17
 208              	.L16:
 209 0142 42F2CA62 		movw	r2, #9930
 210 0146 9042     		cmp	r0, r2
 211 0148 01D1     		bne	.L17
 212 014a 0123     		movs	r3, #1
 213 014c 2B75     		strb	r3, [r5, #20]
 214              	.L17:
 215 014e 2A78     		ldrb	r2, [r5, #0]	@ zero_extendqisi2
 216 0150 0949     		ldr	r1, .L24+24
 217 0152 0020     		movs	r0, #0
 218 0154 531C     		adds	r3, r2, #1
 219 0156 0870     		strb	r0, [r1, #0]
 220 0158 2B70     		strb	r3, [r5, #0]
 221              	.L11:
 222 015a 08B0     		add	sp, sp, #32
 223 015c BDE8F081 		pop	{r4, r5, r6, r7, r8, pc}
 224              	.L25:
 225              		.align	3
 226              	.L24:
 227 0160 00000000 		.word	0
 228 0164 004CED40 		.word	1089293312
 229 0168 00000000 		.word	0
 230 016c 004CDD40 		.word	1088244736
 231 0170 00000000 		.word	UART001_Handle0
 232 0174 00000000 		.word	.LANCHOR0
 233 0178 00000000 		.word	.LANCHOR1
 235              		.global	__aeabi_f2d
 236              		.global	__aeabi_dmul
 237 017c AFF30080 		.section	.text.USIC0_3_IRQHandler,"ax",%progbits
 238              		.align	1
 239              		.global	USIC0_3_IRQHandler
 240              		.thumb
 241              		.thumb_func
 243              	USIC0_3_IRQHandler:
 244              		@ args = 0, pretend = 0, frame = 0
 245              		@ frame_needed = 0, uses_anonymous_args = 0
 246 0000 1021     		movs	r1, #16
 247 0002 70B5     		push	{r4, r5, r6, lr}
 248 0004 2848     		ldr	r0, .L31+8
 249 0006 FFF7FEFF 		bl	UART001_GetFlagStatus
 250 000a 0228     		cmp	r0, #2
 251 000c 46D1     		bne	.L26
 252 000e 274C     		ldr	r4, .L31+12
 253 0010 2548     		ldr	r0, .L31+8
 254 0012 2168     		ldr	r1, [r4, #0]
 255 0014 264D     		ldr	r5, .L31+16
 256 0016 1322     		movs	r2, #19
 257 0018 FFF7FEFF 		bl	UART001_ReadDataBytes
 258 001c 1021     		movs	r1, #16
 259 001e 2248     		ldr	r0, .L31+8
 260 0020 FFF7FEFF 		bl	UART001_ClearFlag
 261 0024 2068     		ldr	r0, [r4, #0]
 262 0026 234A     		ldr	r2, .L31+20
 263 0028 2946     		mov	r1, r5
 264 002a FFF7FEFF 		bl	maintainBluetoothInputBuffer
 265 002e 831C     		adds	r3, r0, #2
 266 0030 0646     		mov	r6, r0
 267 0032 2CD0     		beq	.L29
 268 0034 2BD8     		bhi	.L29
 269 0036 0028     		cmp	r0, #0
 270 0038 30D1     		bne	.L26
 271 003a AB68     		ldr	r3, [r5, #8]
 272 003c 1E4C     		ldr	r4, .L31+24
 273 003e 1878     		ldrb	r0, [r3, #0]	@ zero_extendqisi2
 274 0040 6968     		ldr	r1, [r5, #4]
 275 0042 E082     		strh	r0, [r4, #22]	@ movhi
 276 0044 0A78     		ldrb	r2, [r1, #0]	@ zero_extendqisi2
 277 0046 2B69     		ldr	r3, [r5, #16]
 278 0048 2276     		strb	r2, [r4, #24]
 279 004a 1868     		ldr	r0, [r3, #0]	@ float
 280 004c FFF7FEFF 		bl	__aeabi_f2d
 281 0050 13A3     		adr	r3, .L31
 282 0052 D3E90023 		ldrd	r2, [r3]
 283 0056 FFF7FEFF 		bl	__aeabi_dmul
 284 005a FFF7FEFF 		bl	__aeabi_d2f
 285 005e E061     		str	r0, [r4, #28]	@ float
 286 0060 6869     		ldr	r0, [r5, #20]
 287 0062 0168     		ldr	r1, [r0, #0]	@ float
 288 0064 81F00040 		eor	r0, r1, #-2147483648
 289 0068 FFF7FEFF 		bl	__aeabi_f2d
 290 006c 0CA3     		adr	r3, .L31
 291 006e D3E90023 		ldrd	r2, [r3]
 292 0072 FFF7FEFF 		bl	__aeabi_dmul
 293 0076 FFF7FEFF 		bl	__aeabi_d2f
 294 007a EA68     		ldr	r2, [r5, #12]
 295 007c 2062     		str	r0, [r4, #32]	@ float
 296 007e A178     		ldrb	r1, [r4, #2]	@ zero_extendqisi2
 297 0080 1368     		ldr	r3, [r2, #0]	@ float
 298 0082 0E48     		ldr	r0, .L31+28
 299 0084 6362     		str	r3, [r4, #36]	@ float
 300 0086 4A1C     		adds	r2, r1, #1
 301 0088 4670     		strb	r6, [r0, #1]
 302 008a A270     		strb	r2, [r4, #2]
 303 008c 70BD     		pop	{r4, r5, r6, pc}
 304              	.L29:
 305 008e 0A4B     		ldr	r3, .L31+24
 306 0090 0021     		movs	r1, #0
 307 0092 0020     		movs	r0, #0
 308 0094 D882     		strh	r0, [r3, #22]	@ movhi
 309 0096 D961     		str	r1, [r3, #28]	@ float
 310 0098 1962     		str	r1, [r3, #32]	@ float
 311 009a 5962     		str	r1, [r3, #36]	@ float
 312              	.L26:
 313 009c 70BD     		pop	{r4, r5, r6, pc}
 314              	.L32:
 315 009e 00BF     		.align	3
 316              	.L31:
 317 00a0 66666666 		.word	1717986918
 318 00a4 6666E63F 		.word	1072064102
 319 00a8 00000000 		.word	UART001_Handle2
 320 00ac 00000000 		.word	ReadBufBT
 321 00b0 00000000 		.word	control_value
 322 00b4 00000000 		.word	dpacket
 323 00b8 00000000 		.word	.LANCHOR0
 324 00bc 00000000 		.word	.LANCHOR1
 326              		.section	.text.WatchRC_Init,"ax",%progbits
 327              		.align	1
 328              		.global	WatchRC_Init
 329              		.thumb
 330              		.thumb_func
 332              	WatchRC_Init:
 333              		@ args = 0, pretend = 0, frame = 0
 334              		@ frame_needed = 0, uses_anonymous_args = 0
 335 0000 08B5     		push	{r3, lr}
 336 0002 074A     		ldr	r2, .L35
 337 0004 C820     		movs	r0, #200
 338 0006 0121     		movs	r1, #1
 339 0008 0023     		movs	r3, #0
 340 000a FFF7FEFF 		bl	SYSTM001_CreateTimer
 341 000e 054A     		ldr	r2, .L35+4
 342 0010 1060     		str	r0, [r2, #0]
 343 0012 18B1     		cbz	r0, .L33
 344 0014 BDE80840 		pop	{r3, lr}
 345 0018 FFF7FEBF 		b	SYSTM001_StartTimer
 346              	.L33:
 347 001c 08BD     		pop	{r3, pc}
 348              	.L36:
 349 001e 00BF     		.align	2
 350              	.L35:
 351 0020 00000000 		.word	WatchRC
 352 0024 00000000 		.word	TimerWatchRC
 354              		.section	.text.GetRCCount,"ax",%progbits
 355              		.align	1
 356              		.global	GetRCCount
 357              		.thumb
 358              		.thumb_func
 360              	GetRCCount:
 361              		@ args = 0, pretend = 0, frame = 0
 362              		@ frame_needed = 0, uses_anonymous_args = 0
 363              		@ link register save eliminated.
 364 0000 014B     		ldr	r3, .L38
 365 0002 1878     		ldrb	r0, [r3, #0]	@ zero_extendqisi2
 366 0004 7047     		bx	lr
 367              	.L39:
 368 0006 00BF     		.align	2
 369              	.L38:
 370 0008 00000000 		.word	.LANCHOR0
 372              		.global	__aeabi_dcmpgt
 373              		.global	__aeabi_dcmplt
 374              		.section	.text.GetRCData,"ax",%progbits
 375              		.align	1
 376              		.global	GetRCData
 377              		.thumb
 378              		.thumb_func
 380              	GetRCData:
 381              		@ args = 4, pretend = 0, frame = 0
 382              		@ frame_needed = 0, uses_anonymous_args = 0
 383 0000 2DE9F041 		push	{r4, r5, r6, r7, r8, lr}
 384 0004 2DED028B 		fstmfdd	sp!, {d8}
 385 0008 494C     		ldr	r4, .L66+16
 386 000a 089E     		ldr	r6, [sp, #32]
 387 000c 9046     		mov	r8, r2
 388 000e 227D     		ldrb	r2, [r4, #20]	@ zero_extendqisi2
 389 0010 1F46     		mov	r7, r3
 390 0012 484B     		ldr	r3, .L66+20
 391 0014 002A     		cmp	r2, #0
 392 0016 38D1     		bne	.L41
 393 0018 1978     		ldrb	r1, [r3, #0]	@ zero_extendqisi2
 394 001a 0029     		cmp	r1, #0
 395 001c 39D1     		bne	.L48
 396              	.L42:
 397 001e 94ED013A 		flds	s6, [r4, #4]
 398 0022 DFED453A 		flds	s7, .L66+24
 399 0026 23EE234A 		fmuls	s8, s6, s7
 400 002a 80ED004A 		fsts	s8, [r0, #0]
 401 002e 94ED048A 		flds	s16, [r4, #16]
 402 0032 18EE100A 		fmrs	r0, s16
 403 0036 FFF7FEFF 		bl	__aeabi_f2d
 404 003a 39A3     		adr	r3, .L66
 405 003c D3E90023 		ldrd	r2, [r3]
 406 0040 0446     		mov	r4, r0
 407 0042 0D46     		mov	r5, r1
 408 0044 FFF7FEFF 		bl	__aeabi_dcmpgt
 409 0048 38B9     		cbnz	r0, .L44
 410 004a 2046     		mov	r0, r4
 411 004c 2946     		mov	r1, r5
 412 004e 36A3     		adr	r3, .L66+8
 413 0050 D3E90023 		ldrd	r2, [r3]
 414 0054 FFF7FEFF 		bl	__aeabi_dcmplt
 415 0058 30B1     		cbz	r0, .L61
 416              	.L44:
 417 005a DFED384A 		flds	s9, .L66+28
 418 005e 28EE248A 		fmuls	s16, s16, s9
 419 0062 88ED008A 		fsts	s16, [r8, #0]
 420 0066 02E0     		b	.L47
 421              	.L61:
 422 0068 0020     		movs	r0, #0
 423 006a C8F80000 		str	r0, [r8, #0]	@ float
 424              	.L47:
 425 006e 304B     		ldr	r3, .L66+16
 426 0070 93ED035A 		flds	s10, [r3, #12]
 427 0074 F3EE0E5A 		fconsts	s11, #62
 428 0078 25EE256A 		fmuls	s12, s10, s11
 429 007c 87ED006A 		fsts	s12, [r7, #0]
 430 0080 D3ED027A 		flds	s15, [r3, #8]
 431 0084 67EEE52A 		fnmuls	s5, s15, s11
 432 0088 43E0     		b	.L64
 433              	.L41:
 434 008a 5A78     		ldrb	r2, [r3, #1]	@ zero_extendqisi2
 435 008c 0AB9     		cbnz	r2, .L48
 436 008e 1B78     		ldrb	r3, [r3, #0]	@ zero_extendqisi2
 437 0090 2BB1     		cbz	r3, .L49
 438              	.L48:
 439 0092 0022     		movs	r2, #0
 440 0094 0260     		str	r2, [r0, #0]	@ float
 441 0096 C8F80020 		str	r2, [r8, #0]	@ float
 442 009a 3A60     		str	r2, [r7, #0]	@ float
 443 009c 30E0     		b	.L65
 444              	.L49:
 445 009e E28A     		ldrh	r2, [r4, #22]
 446 00a0 07EE902A 		fmsr	s15, r2	@ int
 447 00a4 B8EE670A 		fuitos	s0, s15
 448 00a8 F3EE0E1A 		fconsts	s3, #62
 449 00ac 80ED000A 		fsts	s0, [r0, #0]
 450 00b0 207E     		ldrb	r0, [r4, #24]	@ zero_extendqisi2
 451 00b2 0870     		strb	r0, [r1, #0]
 452 00b4 216A     		ldr	r1, [r4, #32]	@ float
 453 00b6 3960     		str	r1, [r7, #0]	@ float
 454 00b8 D4ED070A 		flds	s1, [r4, #28]
 455 00bc B1EE601A 		fnegs	s2, s1
 456 00c0 86ED001A 		fsts	s2, [r6, #0]
 457 00c4 636A     		ldr	r3, [r4, #36]	@ float
 458 00c6 C8F80030 		str	r3, [r8, #0]	@ float
 459 00ca D7ED006A 		flds	s13, [r7, #0]
 460 00ce F4EEE16A 		fcmpes	s13, s3
 461 00d2 F1EE10FA 		fmstat
 462 00d6 02DD     		ble	.L62
 463 00d8 C7ED001A 		fsts	s3, [r7, #0]
 464 00dc 08E0     		b	.L52
 465              	.L62:
 466 00de BBEE0E7A 		fconsts	s14, #190
 467 00e2 F4EEC76A 		fcmpes	s13, s14
 468 00e6 F1EE10FA 		fmstat
 469 00ea 48BF     		it	mi
 470 00ec 87ED007A 		fstsmi	s14, [r7, #0]
 471              	.L52:
 472 00f0 96ED002A 		flds	s4, [r6, #0]
 473 00f4 B4EEE12A 		fcmpes	s4, s3
 474 00f8 F1EE10FA 		fmstat
 475 00fc 02DD     		ble	.L63
 476 00fe 104A     		ldr	r2, .L66+32
 477              	.L65:
 478 0100 3260     		str	r2, [r6, #0]	@ float
 479 0102 08E0     		b	.L40
 480              	.L63:
 481 0104 FBEE0E2A 		fconsts	s5, #190
 482 0108 B4EEE22A 		fcmpes	s4, s5
 483 010c F1EE10FA 		fmstat
 484 0110 01D5     		bpl	.L40
 485              	.L64:
 486 0112 C6ED002A 		fsts	s5, [r6, #0]
 487              	.L40:
 488 0116 BDEC028B 		fldmfdd	sp!, {d8}
 489 011a BDE8F081 		pop	{r4, r5, r6, r7, r8, pc}
 490              	.L67:
 491 011e 00BF     		.align	3
 492              	.L66:
 493 0120 7B14AE47 		.word	1202590843
 494 0124 E17A843F 		.word	1065646817
 495 0128 7B14AE47 		.word	1202590843
 496 012c E17A84BF 		.word	-1081836831
 497 0130 00000000 		.word	.LANCHOR0
 498 0134 00000000 		.word	.LANCHOR1
 499 0138 0000C842 		.word	1120403456
 500 013c 0000B442 		.word	1119092736
 501 0140 0000F041 		.word	1106247680
 503 0144 AFF30080 		.section	.text.map,"ax",%progbits
 504              		.align	1
 505              		.global	map
 506              		.thumb
 507              		.thumb_func
 509              	map:
 510              		@ args = 4, pretend = 0, frame = 0
 511              		@ frame_needed = 0, uses_anonymous_args = 0
 512 0000 10B5     		push	{r4, lr}
 513 0002 029C     		ldr	r4, [sp, #8]
 514 0004 401A     		subs	r0, r0, r1
 515 0006 E41A     		subs	r4, r4, r3
 516 0008 4443     		muls	r4, r0, r4
 517 000a 521A     		subs	r2, r2, r1
 518 000c 94FBF2F1 		sdiv	r1, r4, r2
 519 0010 C818     		adds	r0, r1, r3
 520 0012 10BD     		pop	{r4, pc}
 522              		.comm	TimerWatchRC,4,4
 523              		.global	conn
 524              		.global	BTCount
 525              		.global	BTTimeOut
 526              		.global	RCCount
 527              		.global	RCTimeOut
 528              		.global	flightmode
 529              		.global	modeBT
 530              		.global	elevatorBT
 531              		.global	aileronBT
 532              		.global	rudderBT
 533              		.global	heightControlBT
 534              		.global	throttleBT
 535              		.global	aileron
 536              		.global	elevator
 537              		.global	rudder
 538              		.global	throttle
 539              		.data
 540              		.set	.LANCHOR1,. + 0
 543              	RCTimeOut:
 544 0000 01       		.byte	1
 547              	BTTimeOut:
 548 0001 01       		.byte	1
 549              		.bss
 550              		.align	2
 551              		.set	.LANCHOR0,. + 0
 554              	RCCount:
 555 0000 00       		.space	1
 558              	lastCount.11219:
 559 0001 00       		.space	1
 562              	BTCount:
 563 0002 00       		.space	1
 566              	lastBTCount.11220:
 567 0003 00       		.space	1
 570              	throttle:
 571 0004 00000000 		.space	4
 574              	aileron:
 575 0008 00000000 		.space	4
 578              	elevator:
 579 000c 00000000 		.space	4
 582              	rudder:
 583 0010 00000000 		.space	4
 586              	flightmode:
 587 0014 00       		.space	1
 588 0015 00       		.space	1
 591              	throttleBT:
 592 0016 0000     		.space	2
 595              	heightControlBT:
 596 0018 00       		.space	1
 597 0019 000000   		.space	3
 600              	aileronBT:
 601 001c 00000000 		.space	4
 604              	elevatorBT:
 605 0020 00000000 		.space	4
 608              	rudderBT:
 609 0024 00000000 		.space	4
 612              	conn:
 613 0028 00       		.space	1
 616              	modeBT:
 617 0029 00       		.space	1
 618 002a 0000     		.ident	"GCC: (GNU Tools for ARM Embedded Processors) 4.7.4 20130913 (release) [ARM/embedded-4_7-br
DEFINED SYMBOLS
                            *ABS*:00000000 RCReceive.c
C:\Users\SteurerE\AppData\Local\Temp\cc1xsvLL.s:17     .text.WatchRC:00000000 $t
C:\Users\SteurerE\AppData\Local\Temp\cc1xsvLL.s:22     .text.WatchRC:00000000 WatchRC
C:\Users\SteurerE\AppData\Local\Temp\cc1xsvLL.s:50     .text.WatchRC:00000028 $d
C:\Users\SteurerE\AppData\Local\Temp\cc1xsvLL.s:54     .text.mergeBytes:00000000 $t
C:\Users\SteurerE\AppData\Local\Temp\cc1xsvLL.s:59     .text.mergeBytes:00000000 mergeBytes
C:\Users\SteurerE\AppData\Local\Temp\cc1xsvLL.s:67     .text.CCU41_1_IRQHandler:00000000 $t
C:\Users\SteurerE\AppData\Local\Temp\cc1xsvLL.s:72     .text.CCU41_1_IRQHandler:00000000 CCU41_1_IRQHandler
C:\Users\SteurerE\AppData\Local\Temp\cc1xsvLL.s:86     .text.CCU41_1_IRQHandler:00000014 $d
C:\Users\SteurerE\AppData\Local\Temp\cc1xsvLL.s:92     .text.USIC1_0_IRQHandler:00000000 $t
C:\Users\SteurerE\AppData\Local\Temp\cc1xsvLL.s:97     .text.USIC1_0_IRQHandler:00000000 USIC1_0_IRQHandler
C:\Users\SteurerE\AppData\Local\Temp\cc1xsvLL.s:227    .text.USIC1_0_IRQHandler:00000160 $d
C:\Users\SteurerE\AppData\Local\Temp\cc1xsvLL.s:238    .text.USIC0_3_IRQHandler:00000000 $t
C:\Users\SteurerE\AppData\Local\Temp\cc1xsvLL.s:243    .text.USIC0_3_IRQHandler:00000000 USIC0_3_IRQHandler
C:\Users\SteurerE\AppData\Local\Temp\cc1xsvLL.s:317    .text.USIC0_3_IRQHandler:000000a0 $d
C:\Users\SteurerE\AppData\Local\Temp\cc1xsvLL.s:327    .text.WatchRC_Init:00000000 $t
C:\Users\SteurerE\AppData\Local\Temp\cc1xsvLL.s:332    .text.WatchRC_Init:00000000 WatchRC_Init
C:\Users\SteurerE\AppData\Local\Temp\cc1xsvLL.s:351    .text.WatchRC_Init:00000020 $d
                            *COM*:00000004 TimerWatchRC
C:\Users\SteurerE\AppData\Local\Temp\cc1xsvLL.s:355    .text.GetRCCount:00000000 $t
C:\Users\SteurerE\AppData\Local\Temp\cc1xsvLL.s:360    .text.GetRCCount:00000000 GetRCCount
C:\Users\SteurerE\AppData\Local\Temp\cc1xsvLL.s:370    .text.GetRCCount:00000008 $d
C:\Users\SteurerE\AppData\Local\Temp\cc1xsvLL.s:375    .text.GetRCData:00000000 $t
C:\Users\SteurerE\AppData\Local\Temp\cc1xsvLL.s:380    .text.GetRCData:00000000 GetRCData
C:\Users\SteurerE\AppData\Local\Temp\cc1xsvLL.s:493    .text.GetRCData:00000120 $d
C:\Users\SteurerE\AppData\Local\Temp\cc1xsvLL.s:504    .text.map:00000000 $t
C:\Users\SteurerE\AppData\Local\Temp\cc1xsvLL.s:509    .text.map:00000000 map
C:\Users\SteurerE\AppData\Local\Temp\cc1xsvLL.s:612    .bss:00000028 conn
C:\Users\SteurerE\AppData\Local\Temp\cc1xsvLL.s:562    .bss:00000002 BTCount
C:\Users\SteurerE\AppData\Local\Temp\cc1xsvLL.s:547    .data:00000001 BTTimeOut
C:\Users\SteurerE\AppData\Local\Temp\cc1xsvLL.s:554    .bss:00000000 RCCount
C:\Users\SteurerE\AppData\Local\Temp\cc1xsvLL.s:543    .data:00000000 RCTimeOut
C:\Users\SteurerE\AppData\Local\Temp\cc1xsvLL.s:586    .bss:00000014 flightmode
C:\Users\SteurerE\AppData\Local\Temp\cc1xsvLL.s:616    .bss:00000029 modeBT
C:\Users\SteurerE\AppData\Local\Temp\cc1xsvLL.s:604    .bss:00000020 elevatorBT
C:\Users\SteurerE\AppData\Local\Temp\cc1xsvLL.s:600    .bss:0000001c aileronBT
C:\Users\SteurerE\AppData\Local\Temp\cc1xsvLL.s:608    .bss:00000024 rudderBT
C:\Users\SteurerE\AppData\Local\Temp\cc1xsvLL.s:595    .bss:00000018 heightControlBT
C:\Users\SteurerE\AppData\Local\Temp\cc1xsvLL.s:591    .bss:00000016 throttleBT
C:\Users\SteurerE\AppData\Local\Temp\cc1xsvLL.s:574    .bss:00000008 aileron
C:\Users\SteurerE\AppData\Local\Temp\cc1xsvLL.s:578    .bss:0000000c elevator
C:\Users\SteurerE\AppData\Local\Temp\cc1xsvLL.s:582    .bss:00000010 rudder
C:\Users\SteurerE\AppData\Local\Temp\cc1xsvLL.s:570    .bss:00000004 throttle
C:\Users\SteurerE\AppData\Local\Temp\cc1xsvLL.s:550    .bss:00000000 $d
C:\Users\SteurerE\AppData\Local\Temp\cc1xsvLL.s:558    .bss:00000001 lastCount.11219
C:\Users\SteurerE\AppData\Local\Temp\cc1xsvLL.s:566    .bss:00000003 lastBTCount.11220
C:\Users\SteurerE\AppData\Local\Temp\cc1xsvLL.s:237    .text.USIC1_0_IRQHandler:0000017c $t
C:\Users\SteurerE\AppData\Local\Temp\cc1xsvLL.s:503    .text.GetRCData:00000144 $t

UNDEFINED SYMBOLS
UART001_WriteDataBytes
UART001_Handle2
__aeabi_i2d
__aeabi_ddiv
__aeabi_d2f
UART001_GetFlagStatus
UART001_ReadDataBytes
UART001_ClearFlag
UART001_Handle0
__aeabi_f2d
__aeabi_dmul
maintainBluetoothInputBuffer
ReadBufBT
control_value
dpacket
SYSTM001_CreateTimer
SYSTM001_StartTimer
__aeabi_dcmpgt
__aeabi_dcmplt
