   1              		.syntax unified
   2              		.cpu cortex-m4
   3              		.eabi_attribute 27, 3
   4              		.fpu fpv4-sp-d16
   5              		.eabi_attribute 20, 1
   6              		.eabi_attribute 21, 1
   7              		.eabi_attribute 23, 3
   8              		.eabi_attribute 24, 1
   9              		.eabi_attribute 25, 1
  10              		.eabi_attribute 26, 1
  11              		.eabi_attribute 30, 6
  12              		.eabi_attribute 34, 1
  13              		.eabi_attribute 18, 4
  14              		.thumb
  15              		.file	"MULTIPLEXER.c"
  16              		.text
  17              	.Ltext0:
  18              		.cfi_sections	.debug_frame
  19              		.section	.text.DAVE_MUX_Init,"ax",%progbits
  20              		.align	2
  21              		.global	DAVE_MUX_Init
  22              		.thumb
  23              		.thumb_func
  25              	DAVE_MUX_Init:
  26              	.LFB120:
  27              		.file 1 "../Dave/Generated/src/DAVESupport/MULTIPLEXER.c"
   1:../Dave/Generated/src/DAVESupport/MULTIPLEXER.c **** /*******************************************************************************
   2:../Dave/Generated/src/DAVESupport/MULTIPLEXER.c **** **  DAVE App Name : DAVESupport       App Version: 1.0.44               
   3:../Dave/Generated/src/DAVESupport/MULTIPLEXER.c **** **  This file is generated by DAVE, User modification to this file will be    **
   4:../Dave/Generated/src/DAVESupport/MULTIPLEXER.c **** **  overwritten at the next code generation.                                  **
   5:../Dave/Generated/src/DAVESupport/MULTIPLEXER.c **** *******************************************************************************/
   6:../Dave/Generated/src/DAVESupport/MULTIPLEXER.c **** 
   7:../Dave/Generated/src/DAVESupport/MULTIPLEXER.c **** 
   8:../Dave/Generated/src/DAVESupport/MULTIPLEXER.c **** /*******************************************************************************
   9:../Dave/Generated/src/DAVESupport/MULTIPLEXER.c ****  Copyright (c) 2014, Infineon Technologies AG                                 **
  10:../Dave/Generated/src/DAVESupport/MULTIPLEXER.c ****  All rights reserved.                                                         **
  11:../Dave/Generated/src/DAVESupport/MULTIPLEXER.c ****                                                                               **
  12:../Dave/Generated/src/DAVESupport/MULTIPLEXER.c ****  Redistribution and use in source and binary forms, with or without           **
  13:../Dave/Generated/src/DAVESupport/MULTIPLEXER.c ****  modification,are permitted provided that the following conditions are met:   **
  14:../Dave/Generated/src/DAVESupport/MULTIPLEXER.c ****                                                                               **
  15:../Dave/Generated/src/DAVESupport/MULTIPLEXER.c ****  *Redistributions of source code must retain the above copyright notice,      **
  16:../Dave/Generated/src/DAVESupport/MULTIPLEXER.c ****  this list of conditions and the following disclaimer.                        **
  17:../Dave/Generated/src/DAVESupport/MULTIPLEXER.c ****  *Redistributions in binary form must reproduce the above copyright notice,   **
  18:../Dave/Generated/src/DAVESupport/MULTIPLEXER.c ****  this list of conditions and the following disclaimer in the documentation    **
  19:../Dave/Generated/src/DAVESupport/MULTIPLEXER.c ****  and/or other materials provided with the distribution.                       **
  20:../Dave/Generated/src/DAVESupport/MULTIPLEXER.c ****  *Neither the name of the copyright holders nor the names of its contributors **
  21:../Dave/Generated/src/DAVESupport/MULTIPLEXER.c ****  may be used to endorse or promote products derived from this software without**
  22:../Dave/Generated/src/DAVESupport/MULTIPLEXER.c ****  specific prior written permission.                                           **
  23:../Dave/Generated/src/DAVESupport/MULTIPLEXER.c ****                                                                               **
  24:../Dave/Generated/src/DAVESupport/MULTIPLEXER.c ****  THIS SOFTWARE IS PROVIDED BY THE COPYRIGHT HOLDERS AND CONTRIBUTORS "AS IS"  **
  25:../Dave/Generated/src/DAVESupport/MULTIPLEXER.c ****  AND ANY EXPRESS OR IMPLIED WARRANTIES, INCLUDING, BUT NOT LIMITED TO, THE    **
  26:../Dave/Generated/src/DAVESupport/MULTIPLEXER.c ****  IMPLIED WARRANTIES OF MERCHANTABILITY AND FITNESS FOR A PARTICULAR PURPOSE   **
  27:../Dave/Generated/src/DAVESupport/MULTIPLEXER.c ****  ARE  DISCLAIMED. IN NO EVENT SHALL THE COPYRIGHT HOLDER OR CONTRIBUTORS BE   **
  28:../Dave/Generated/src/DAVESupport/MULTIPLEXER.c ****  LIABLE  FOR ANY DIRECT, INDIRECT, INCIDENTAL, SPECIAL, EXEMPLARY, OR         **
  29:../Dave/Generated/src/DAVESupport/MULTIPLEXER.c ****  CONSEQUENTIAL DAMAGES (INCLUDING, BUT NOT LIMITED TO, PROCUREMENT OF         **
  30:../Dave/Generated/src/DAVESupport/MULTIPLEXER.c ****  SUBSTITUTE GOODS OR  SERVICES; LOSS OF USE, DATA, OR PROFITS; OR BUSINESS    **
  31:../Dave/Generated/src/DAVESupport/MULTIPLEXER.c ****  INTERRUPTION) HOWEVER CAUSED AND ON ANY THEORY OF LIABILITY, WHETHER IN      **
  32:../Dave/Generated/src/DAVESupport/MULTIPLEXER.c ****  CONTRACT, STRICT LIABILITY,OR TORT (INCLUDING NEGLIGENCE OR OTHERWISE)       **
  33:../Dave/Generated/src/DAVESupport/MULTIPLEXER.c ****  ARISING IN ANY WAY OUT OF THE USE OF THIS SOFTWARE, EVEN IF ADVISED OF THE   **
  34:../Dave/Generated/src/DAVESupport/MULTIPLEXER.c ****  POSSIBILITY OF SUCH DAMAGE.                                                  **
  35:../Dave/Generated/src/DAVESupport/MULTIPLEXER.c ****                                                                               **
  36:../Dave/Generated/src/DAVESupport/MULTIPLEXER.c ****  To improve the quality of the software, users are encouraged to share        **
  37:../Dave/Generated/src/DAVESupport/MULTIPLEXER.c ****  modifications, enhancements or bug fixes with Infineon Technologies AG       **
  38:../Dave/Generated/src/DAVESupport/MULTIPLEXER.c ****  dave@infineon.com).                                                          **
  39:../Dave/Generated/src/DAVESupport/MULTIPLEXER.c ****                                                                               **
  40:../Dave/Generated/src/DAVESupport/MULTIPLEXER.c **** ********************************************************************************
  41:../Dave/Generated/src/DAVESupport/MULTIPLEXER.c **** **                                                                            **
  42:../Dave/Generated/src/DAVESupport/MULTIPLEXER.c **** **                                                                            **
  43:../Dave/Generated/src/DAVESupport/MULTIPLEXER.c **** ** PLATFORM : Infineon <Microcontroller name, step>                           **
  44:../Dave/Generated/src/DAVESupport/MULTIPLEXER.c **** **                                                                            **
  45:../Dave/Generated/src/DAVESupport/MULTIPLEXER.c **** ** COMPILER : Compiler Independent                                            **
  46:../Dave/Generated/src/DAVESupport/MULTIPLEXER.c **** **                                                                            **
  47:../Dave/Generated/src/DAVESupport/MULTIPLEXER.c **** ** MODIFICATION DATE : April 23, 2014                                     **
  48:../Dave/Generated/src/DAVESupport/MULTIPLEXER.c **** **                                                                            **
  49:../Dave/Generated/src/DAVESupport/MULTIPLEXER.c **** *******************************************************************************/
  50:../Dave/Generated/src/DAVESupport/MULTIPLEXER.c **** /**
  51:../Dave/Generated/src/DAVESupport/MULTIPLEXER.c ****  * @file  MULTIPLEXER.c
  52:../Dave/Generated/src/DAVESupport/MULTIPLEXER.c ****  *
  53:../Dave/Generated/src/DAVESupport/MULTIPLEXER.c ****  * @brief This file contains implementation of DAVE Support function which 
  54:../Dave/Generated/src/DAVESupport/MULTIPLEXER.c ****  * uses to configure multiplexer register values.
  55:../Dave/Generated/src/DAVESupport/MULTIPLEXER.c ****  * 24 July 2013 v1.0.34 Initial Version
  56:../Dave/Generated/src/DAVESupport/MULTIPLEXER.c ****  * 06 sep 2013 v1.0.36  UART001 : Mux : One instruction for output pins 
  57:../Dave/Generated/src/DAVESupport/MULTIPLEXER.c ****  *                      initialisation.
  58:../Dave/Generated/src/DAVESupport/MULTIPLEXER.c ****  *                      CAN001 & CAN002 : Avoid twice reset of the INIT bit in 
  59:../Dave/Generated/src/DAVESupport/MULTIPLEXER.c ****  *                      Can001_lNodeInit & DAVE_MUX_Init.
  60:../Dave/Generated/src/DAVESupport/MULTIPLEXER.c ****  *                      WR_REGHIB Macro definition has been changed.
  61:../Dave/Generated/src/DAVESupport/MULTIPLEXER.c ****  * 23 April 2014 v1.0.44 HRPWM MUX configuration supported.                      
  62:../Dave/Generated/src/DAVESupport/MULTIPLEXER.c ****  *                      
  63:../Dave/Generated/src/DAVESupport/MULTIPLEXER.c ****  */
  64:../Dave/Generated/src/DAVESupport/MULTIPLEXER.c **** 
  65:../Dave/Generated/src/DAVESupport/MULTIPLEXER.c **** /*******************************************************************************
  66:../Dave/Generated/src/DAVESupport/MULTIPLEXER.c **** **                      Include Files                                         **
  67:../Dave/Generated/src/DAVESupport/MULTIPLEXER.c **** *******************************************************************************/
  68:../Dave/Generated/src/DAVESupport/MULTIPLEXER.c **** #include "../../inc/DAVESupport/DAVE3.h"
  69:../Dave/Generated/src/DAVESupport/MULTIPLEXER.c **** 
  70:../Dave/Generated/src/DAVESupport/MULTIPLEXER.c **** /*******************************************************************************
  71:../Dave/Generated/src/DAVESupport/MULTIPLEXER.c **** **                 Function declarations                                     **
  72:../Dave/Generated/src/DAVESupport/MULTIPLEXER.c **** *******************************************************************************/
  73:../Dave/Generated/src/DAVESupport/MULTIPLEXER.c **** /*******************************************************************************
  74:../Dave/Generated/src/DAVESupport/MULTIPLEXER.c **** ** Syntax           : void DAVE_MUX_Init(void)                                **
  75:../Dave/Generated/src/DAVESupport/MULTIPLEXER.c **** **                                                                            **
  76:../Dave/Generated/src/DAVESupport/MULTIPLEXER.c **** ** Reentrancy       : None                                                    **
  77:../Dave/Generated/src/DAVESupport/MULTIPLEXER.c **** **                                                                            **
  78:../Dave/Generated/src/DAVESupport/MULTIPLEXER.c **** ** Parameters (in)  : void                                                    **
  79:../Dave/Generated/src/DAVESupport/MULTIPLEXER.c **** **                                                                            **
  80:../Dave/Generated/src/DAVESupport/MULTIPLEXER.c **** ** Parameters (out) : none                                                    **
  81:../Dave/Generated/src/DAVESupport/MULTIPLEXER.c **** **                                                                            **
  82:../Dave/Generated/src/DAVESupport/MULTIPLEXER.c **** ** Return value     : none                                                    **
  83:../Dave/Generated/src/DAVESupport/MULTIPLEXER.c **** **                                                                            **
  84:../Dave/Generated/src/DAVESupport/MULTIPLEXER.c **** ** Description      : This is the Mux configuration                           **
  85:../Dave/Generated/src/DAVESupport/MULTIPLEXER.c **** **                                                                            **
  86:../Dave/Generated/src/DAVESupport/MULTIPLEXER.c **** *******************************************************************************/
  87:../Dave/Generated/src/DAVESupport/MULTIPLEXER.c ****            
  88:../Dave/Generated/src/DAVESupport/MULTIPLEXER.c **** void DAVE_MUX_Init(void)
  89:../Dave/Generated/src/DAVESupport/MULTIPLEXER.c **** {  
  28              		.loc 1 89 0
  29              		.cfi_startproc
  30              		@ args = 0, pretend = 0, frame = 24
  31              		@ frame_needed = 1, uses_anonymous_args = 0
  32              		@ link register save eliminated.
  33 0000 80B4     		push	{r7}
  34              	.LCFI0:
  35              		.cfi_def_cfa_offset 4
  36              		.cfi_offset 7, -4
  37 0002 87B0     		sub	sp, sp, #28
  38              	.LCFI1:
  39              		.cfi_def_cfa_offset 32
  40 0004 00AF     		add	r7, sp, #0
  41              	.LCFI2:
  42              		.cfi_def_cfa_register 7
  90:../Dave/Generated/src/DAVESupport/MULTIPLEXER.c ****    	 
  91:../Dave/Generated/src/DAVESupport/MULTIPLEXER.c ****             	         
  92:../Dave/Generated/src/DAVESupport/MULTIPLEXER.c ****                                      
  93:../Dave/Generated/src/DAVESupport/MULTIPLEXER.c ****        /*        SCU Macro definitions     */                        
  94:../Dave/Generated/src/DAVESupport/MULTIPLEXER.c ****    	 
  95:../Dave/Generated/src/DAVESupport/MULTIPLEXER.c ****             	         
  96:../Dave/Generated/src/DAVESupport/MULTIPLEXER.c ****                                             
  97:../Dave/Generated/src/DAVESupport/MULTIPLEXER.c **** /*        ERU0 Macro definitions:         */    
  98:../Dave/Generated/src/DAVESupport/MULTIPLEXER.c **** /*        ERU1 Macro definitions:         */  
  99:../Dave/Generated/src/DAVESupport/MULTIPLEXER.c **** 
 100:../Dave/Generated/src/DAVESupport/MULTIPLEXER.c ****   WR_REG(ERU1->EXICON[1], ERU_EXICON_PE_Msk, ERU_EXICON_PE_Pos, SIGNAL_TR1);                       
  43              		.loc 1 100 0
  44 0006 4FF48043 		mov	r3, #16384
  45 000a C4F20403 		movt	r3, 16388
  46 000e 4FF48042 		mov	r2, #16384
  47 0012 C4F20402 		movt	r2, 16388
  48 0016 5269     		ldr	r2, [r2, #20]
  49 0018 42F00102 		orr	r2, r2, #1
  50 001c 5A61     		str	r2, [r3, #20]
 101:../Dave/Generated/src/DAVESupport/MULTIPLEXER.c **** 
 102:../Dave/Generated/src/DAVESupport/MULTIPLEXER.c ****   WR_REG(ERU1->EXICON[1], ERU_EXICON_OCS_Msk, ERU_EXICON_OCS_Pos, SIGNAL_TRx3);                    
  51              		.loc 1 102 0
  52 001e 4FF48043 		mov	r3, #16384
  53 0022 C4F20403 		movt	r3, 16388
  54 0026 4FF48042 		mov	r2, #16384
  55 002a C4F20402 		movt	r2, 16388
  56 002e 5269     		ldr	r2, [r2, #20]
  57 0030 22F07002 		bic	r2, r2, #112
  58 0034 42F03002 		orr	r2, r2, #48
  59 0038 5A61     		str	r2, [r3, #20]
 103:../Dave/Generated/src/DAVESupport/MULTIPLEXER.c **** 
 104:../Dave/Generated/src/DAVESupport/MULTIPLEXER.c ****   WR_REG(ERU1->EXICON[3], ERU_EXICON_PE_Msk, ERU_EXICON_PE_Pos, SIGNAL_TR1);                       
  60              		.loc 1 104 0
  61 003a 4FF48043 		mov	r3, #16384
  62 003e C4F20403 		movt	r3, 16388
  63 0042 4FF48042 		mov	r2, #16384
  64 0046 C4F20402 		movt	r2, 16388
  65 004a D269     		ldr	r2, [r2, #28]
  66 004c 42F00102 		orr	r2, r2, #1
  67 0050 DA61     		str	r2, [r3, #28]
 105:../Dave/Generated/src/DAVESupport/MULTIPLEXER.c ****    	 
 106:../Dave/Generated/src/DAVESupport/MULTIPLEXER.c ****             	         
 107:../Dave/Generated/src/DAVESupport/MULTIPLEXER.c ****                                               
 108:../Dave/Generated/src/DAVESupport/MULTIPLEXER.c ****    	 
 109:../Dave/Generated/src/DAVESupport/MULTIPLEXER.c ****       
 110:../Dave/Generated/src/DAVESupport/MULTIPLEXER.c **** //********* MODULE USIC CONFIGURATIONS *************************	        
 111:../Dave/Generated/src/DAVESupport/MULTIPLEXER.c ****         
 112:../Dave/Generated/src/DAVESupport/MULTIPLEXER.c ****            
 113:../Dave/Generated/src/DAVESupport/MULTIPLEXER.c ****    /* Disable mode before configuring all USIC registers to avoid unintended edges */   
 114:../Dave/Generated/src/DAVESupport/MULTIPLEXER.c ****       /* Variable to store the CCR_MODE values for various USIC channels */ 
 115:../Dave/Generated/src/DAVESupport/MULTIPLEXER.c ****       uint32_t UsicCcrMode[6] = {0};
  68              		.loc 1 115 0
  69 0052 3B46     		mov	r3, r7
  70 0054 4FF00002 		mov	r2, #0
  71 0058 1A60     		str	r2, [r3, #0]
  72 005a 03F10403 		add	r3, r3, #4
  73 005e 4FF00002 		mov	r2, #0
  74 0062 1A60     		str	r2, [r3, #0]
  75 0064 03F10403 		add	r3, r3, #4
  76 0068 4FF00002 		mov	r2, #0
  77 006c 1A60     		str	r2, [r3, #0]
  78 006e 03F10403 		add	r3, r3, #4
  79 0072 4FF00002 		mov	r2, #0
  80 0076 1A60     		str	r2, [r3, #0]
  81 0078 03F10403 		add	r3, r3, #4
  82 007c 4FF00002 		mov	r2, #0
  83 0080 1A60     		str	r2, [r3, #0]
  84 0082 03F10403 		add	r3, r3, #4
  85 0086 4FF00002 		mov	r2, #0
  86 008a 1A60     		str	r2, [r3, #0]
  87 008c 03F10403 		add	r3, r3, #4
 116:../Dave/Generated/src/DAVESupport/MULTIPLEXER.c ****            
 117:../Dave/Generated/src/DAVESupport/MULTIPLEXER.c ****     UsicCcrMode[0] |= (uint32_t) RD_REG(USIC0_CH0->CCR, USIC_CH_CCR_MODE_Msk, USIC_CH_CCR_MODE_Pos)
  88              		.loc 1 117 0
  89 0090 3A68     		ldr	r2, [r7, #0]
  90 0092 4FF00003 		mov	r3, #0
  91 0096 C4F20303 		movt	r3, 16387
  92 009a 1B6C     		ldr	r3, [r3, #64]
  93 009c 03F00F03 		and	r3, r3, #15
  94 00a0 1343     		orrs	r3, r3, r2
  95 00a2 3B60     		str	r3, [r7, #0]
 118:../Dave/Generated/src/DAVESupport/MULTIPLEXER.c ****     WR_REG(USIC0_CH0->CCR, USIC_CH_CCR_MODE_Msk, USIC_CH_CCR_MODE_Pos,0);  
  96              		.loc 1 118 0
  97 00a4 4FF00003 		mov	r3, #0
  98 00a8 C4F20303 		movt	r3, 16387
  99 00ac 4FF00002 		mov	r2, #0
 100 00b0 C4F20302 		movt	r2, 16387
 101 00b4 126C     		ldr	r2, [r2, #64]
 102 00b6 22F00F02 		bic	r2, r2, #15
 103 00ba 1A64     		str	r2, [r3, #64]
 119:../Dave/Generated/src/DAVESupport/MULTIPLEXER.c ****                         
 120:../Dave/Generated/src/DAVESupport/MULTIPLEXER.c ****     UsicCcrMode[1] |= (uint32_t) RD_REG(USIC0_CH1->CCR, USIC_CH_CCR_MODE_Msk, USIC_CH_CCR_MODE_Pos)
 104              		.loc 1 120 0
 105 00bc 7A68     		ldr	r2, [r7, #4]
 106 00be 4FF40073 		mov	r3, #512
 107 00c2 C4F20303 		movt	r3, 16387
 108 00c6 1B6C     		ldr	r3, [r3, #64]
 109 00c8 03F00F03 		and	r3, r3, #15
 110 00cc 1343     		orrs	r3, r3, r2
 111 00ce 7B60     		str	r3, [r7, #4]
 121:../Dave/Generated/src/DAVESupport/MULTIPLEXER.c ****     WR_REG(USIC0_CH1->CCR, USIC_CH_CCR_MODE_Msk, USIC_CH_CCR_MODE_Pos,0);   
 112              		.loc 1 121 0
 113 00d0 4FF40073 		mov	r3, #512
 114 00d4 C4F20303 		movt	r3, 16387
 115 00d8 4FF40072 		mov	r2, #512
 116 00dc C4F20302 		movt	r2, 16387
 117 00e0 126C     		ldr	r2, [r2, #64]
 118 00e2 22F00F02 		bic	r2, r2, #15
 119 00e6 1A64     		str	r2, [r3, #64]
 122:../Dave/Generated/src/DAVESupport/MULTIPLEXER.c ****                   
 123:../Dave/Generated/src/DAVESupport/MULTIPLEXER.c ****     UsicCcrMode[2] |= (uint32_t) RD_REG(USIC1_CH0->CCR, USIC_CH_CCR_MODE_Msk, USIC_CH_CCR_MODE_Pos)
 120              		.loc 1 123 0
 121 00e8 BA68     		ldr	r2, [r7, #8]
 122 00ea 4FF00003 		mov	r3, #0
 123 00ee C4F60203 		movt	r3, 18434
 124 00f2 1B6C     		ldr	r3, [r3, #64]
 125 00f4 03F00F03 		and	r3, r3, #15
 126 00f8 1343     		orrs	r3, r3, r2
 127 00fa BB60     		str	r3, [r7, #8]
 124:../Dave/Generated/src/DAVESupport/MULTIPLEXER.c ****     WR_REG(USIC1_CH0->CCR, USIC_CH_CCR_MODE_Msk, USIC_CH_CCR_MODE_Pos,0);
 128              		.loc 1 124 0
 129 00fc 4FF00003 		mov	r3, #0
 130 0100 C4F60203 		movt	r3, 18434
 131 0104 4FF00002 		mov	r2, #0
 132 0108 C4F60202 		movt	r2, 18434
 133 010c 126C     		ldr	r2, [r2, #64]
 134 010e 22F00F02 		bic	r2, r2, #15
 135 0112 1A64     		str	r2, [r3, #64]
 125:../Dave/Generated/src/DAVESupport/MULTIPLEXER.c ****                     
 126:../Dave/Generated/src/DAVESupport/MULTIPLEXER.c ****     UsicCcrMode[3] |= (uint32_t) RD_REG(USIC1_CH1->CCR, USIC_CH_CCR_MODE_Msk, USIC_CH_CCR_MODE_Pos)
 136              		.loc 1 126 0
 137 0114 FA68     		ldr	r2, [r7, #12]
 138 0116 4FF40073 		mov	r3, #512
 139 011a C4F60203 		movt	r3, 18434
 140 011e 1B6C     		ldr	r3, [r3, #64]
 141 0120 03F00F03 		and	r3, r3, #15
 142 0124 1343     		orrs	r3, r3, r2
 143 0126 FB60     		str	r3, [r7, #12]
 127:../Dave/Generated/src/DAVESupport/MULTIPLEXER.c ****     WR_REG(USIC1_CH1->CCR, USIC_CH_CCR_MODE_Msk, USIC_CH_CCR_MODE_Pos,0);
 144              		.loc 1 127 0
 145 0128 4FF40073 		mov	r3, #512
 146 012c C4F60203 		movt	r3, 18434
 147 0130 4FF40072 		mov	r2, #512
 148 0134 C4F60202 		movt	r2, 18434
 149 0138 126C     		ldr	r2, [r2, #64]
 150 013a 22F00F02 		bic	r2, r2, #15
 151 013e 1A64     		str	r2, [r3, #64]
 128:../Dave/Generated/src/DAVESupport/MULTIPLEXER.c ****            
 129:../Dave/Generated/src/DAVESupport/MULTIPLEXER.c ****     UsicCcrMode[4] |= (uint32_t) RD_REG(USIC2_CH0->CCR, USIC_CH_CCR_MODE_Msk, USIC_CH_CCR_MODE_Pos)
 152              		.loc 1 129 0
 153 0140 3A69     		ldr	r2, [r7, #16]
 154 0142 4FF48043 		mov	r3, #16384
 155 0146 C4F60203 		movt	r3, 18434
 156 014a 1B6C     		ldr	r3, [r3, #64]
 157 014c 03F00F03 		and	r3, r3, #15
 158 0150 1343     		orrs	r3, r3, r2
 159 0152 3B61     		str	r3, [r7, #16]
 130:../Dave/Generated/src/DAVESupport/MULTIPLEXER.c ****     WR_REG(USIC2_CH0->CCR, USIC_CH_CCR_MODE_Msk, USIC_CH_CCR_MODE_Pos,0);
 160              		.loc 1 130 0
 161 0154 4FF48043 		mov	r3, #16384
 162 0158 C4F60203 		movt	r3, 18434
 163 015c 4FF48042 		mov	r2, #16384
 164 0160 C4F60202 		movt	r2, 18434
 165 0164 126C     		ldr	r2, [r2, #64]
 166 0166 22F00F02 		bic	r2, r2, #15
 167 016a 1A64     		str	r2, [r3, #64]
 131:../Dave/Generated/src/DAVESupport/MULTIPLEXER.c ****       
 132:../Dave/Generated/src/DAVESupport/MULTIPLEXER.c ****       
 133:../Dave/Generated/src/DAVESupport/MULTIPLEXER.c ****     						
 134:../Dave/Generated/src/DAVESupport/MULTIPLEXER.c ****    /*USIC 0 Channel 0 Mux Related SFR/Bitfields Configurations*/ 									  					 				 				 		     
 135:../Dave/Generated/src/DAVESupport/MULTIPLEXER.c ****  //Standard receive buffer event is enabled.                 
 136:../Dave/Generated/src/DAVESupport/MULTIPLEXER.c ****  WR_REG(USIC0_CH0->RBCTR, USIC_CH_RBCTR_SRBIEN_Msk, USIC_CH_RBCTR_SRBIEN_Pos,1);  
 168              		.loc 1 136 0
 169 016c 4FF00003 		mov	r3, #0
 170 0170 C4F20303 		movt	r3, 16387
 171 0174 4FF00002 		mov	r2, #0
 172 0178 C4F20302 		movt	r2, 16387
 173 017c D2F80C21 		ldr	r2, [r2, #268]
 174 0180 42F08042 		orr	r2, r2, #1073741824
 175 0184 C3F80C21 		str	r2, [r3, #268]
 137:../Dave/Generated/src/DAVESupport/MULTIPLEXER.c ****  					 									 					 					  									      					              					  						       
 138:../Dave/Generated/src/DAVESupport/MULTIPLEXER.c ****  //Interrupt node 3 is selected for Standard receive buffer event                 
 139:../Dave/Generated/src/DAVESupport/MULTIPLEXER.c ****  WR_REG(USIC0_CH0->RBCTR, USIC_CH_RBCTR_SRBINP_Msk, USIC_CH_RBCTR_SRBINP_Pos,3);  
 176              		.loc 1 139 0
 177 0188 4FF00003 		mov	r3, #0
 178 018c C4F20303 		movt	r3, 16387
 179 0190 4FF00002 		mov	r2, #0
 180 0194 C4F20302 		movt	r2, 16387
 181 0198 D2F80C21 		ldr	r2, [r2, #268]
 182 019c 22F4E022 		bic	r2, r2, #458752
 183 01a0 42F44032 		orr	r2, r2, #196608
 184 01a4 C3F80C21 		str	r2, [r3, #268]
 140:../Dave/Generated/src/DAVESupport/MULTIPLEXER.c ****  					      
 141:../Dave/Generated/src/DAVESupport/MULTIPLEXER.c ****             
 142:../Dave/Generated/src/DAVESupport/MULTIPLEXER.c ****   // Data Pointer & Buffer Size for Receiver Buffer Control  
 143:../Dave/Generated/src/DAVESupport/MULTIPLEXER.c ****  WR_REG(USIC0_CH0->RBCTR, USIC_CH_RBCTR_DPTRSIZE_Msk, USIC_CH_RBCTR_DPTRSIZE_Pos,0x05000000);		/*  
 185              		.loc 1 143 0
 186 01a8 4FF00003 		mov	r3, #0
 187 01ac C4F20303 		movt	r3, 16387
 188 01b0 4FF00002 		mov	r2, #0
 189 01b4 C4F20302 		movt	r2, 16387
 190 01b8 D2F80C21 		ldr	r2, [r2, #268]
 191 01bc 22F0E062 		bic	r2, r2, #117440512
 192 01c0 22F03F02 		bic	r2, r2, #63
 193 01c4 42F0A062 		orr	r2, r2, #83886080
 194 01c8 C3F80C21 		str	r2, [r3, #268]
 144:../Dave/Generated/src/DAVESupport/MULTIPLEXER.c ****  						
 145:../Dave/Generated/src/DAVESupport/MULTIPLEXER.c ****    /*USIC 0 Channel 1 Mux Related SFR/Bitfields Configurations*/ 						         
 146:../Dave/Generated/src/DAVESupport/MULTIPLEXER.c ****  WR_REG(USIC0_CH1->DX0CR, USIC_CH_DX0CR_DSEL_Msk, USIC_CH_DX0CR_DSEL_Pos,1); 
 195              		.loc 1 146 0
 196 01cc 4FF40073 		mov	r3, #512
 197 01d0 C4F20303 		movt	r3, 16387
 198 01d4 4FF40072 		mov	r2, #512
 199 01d8 C4F20302 		movt	r2, 16387
 200 01dc D269     		ldr	r2, [r2, #28]
 201 01de 22F00702 		bic	r2, r2, #7
 202 01e2 42F00102 		orr	r2, r2, #1
 203 01e6 DA61     		str	r2, [r3, #28]
 147:../Dave/Generated/src/DAVESupport/MULTIPLEXER.c ****   			  					 				 				 		       				              				  					    					 					   				  					 				 			
 148:../Dave/Generated/src/DAVESupport/MULTIPLEXER.c ****  //Interrupt node 5 is selected for Protocol specific event             
 149:../Dave/Generated/src/DAVESupport/MULTIPLEXER.c ****  WR_REG(USIC0_CH1->INPR, USIC_CH_INPR_PINP_Msk, USIC_CH_INPR_PINP_Pos,5);  
 204              		.loc 1 149 0
 205 01e8 4FF40073 		mov	r3, #512
 206 01ec C4F20303 		movt	r3, 16387
 207 01f0 4FF40072 		mov	r2, #512
 208 01f4 C4F20302 		movt	r2, 16387
 209 01f8 9269     		ldr	r2, [r2, #24]
 210 01fa 22F4E022 		bic	r2, r2, #458752
 211 01fe 42F4A022 		orr	r2, r2, #327680
 212 0202 9A61     		str	r2, [r3, #24]
 150:../Dave/Generated/src/DAVESupport/MULTIPLEXER.c ****  					              					  						    					      
 151:../Dave/Generated/src/DAVESupport/MULTIPLEXER.c ****                  
 152:../Dave/Generated/src/DAVESupport/MULTIPLEXER.c ****    // Data Pointer & Buffer Size for Transmitter Buffer Control  
 153:../Dave/Generated/src/DAVESupport/MULTIPLEXER.c ****  WR_REG(USIC0_CH1->TBCTR, USIC_CH_TBCTR_DPTRSIZE_Msk, USIC_CH_TBCTR_DPTRSIZE_Pos,0x01000022);		/*  
 213              		.loc 1 153 0
 214 0204 4FF40073 		mov	r3, #512
 215 0208 C4F20303 		movt	r3, 16387
 216 020c 4FF40072 		mov	r2, #512
 217 0210 C4F20302 		movt	r2, 16387
 218 0214 D2F80821 		ldr	r2, [r2, #264]
 219 0218 22F0E062 		bic	r2, r2, #117440512
 220 021c 22F03F02 		bic	r2, r2, #63
 221 0220 42F08072 		orr	r2, r2, #16777216
 222 0224 42F02202 		orr	r2, r2, #34
 223 0228 C3F80821 		str	r2, [r3, #264]
 154:../Dave/Generated/src/DAVESupport/MULTIPLEXER.c ****            
 155:../Dave/Generated/src/DAVESupport/MULTIPLEXER.c ****   // Data Pointer & Buffer Size for Receiver Buffer Control  
 156:../Dave/Generated/src/DAVESupport/MULTIPLEXER.c ****  WR_REG(USIC0_CH1->RBCTR, USIC_CH_RBCTR_DPTRSIZE_Msk, USIC_CH_RBCTR_DPTRSIZE_Pos,0x01000020);		/*  
 224              		.loc 1 156 0
 225 022c 4FF40073 		mov	r3, #512
 226 0230 C4F20303 		movt	r3, 16387
 227 0234 4FF40072 		mov	r2, #512
 228 0238 C4F20302 		movt	r2, 16387
 229 023c D2F80C21 		ldr	r2, [r2, #268]
 230 0240 22F0E062 		bic	r2, r2, #117440512
 231 0244 22F03F02 		bic	r2, r2, #63
 232 0248 42F08072 		orr	r2, r2, #16777216
 233 024c 42F02002 		orr	r2, r2, #32
 234 0250 C3F80C21 		str	r2, [r3, #268]
 157:../Dave/Generated/src/DAVESupport/MULTIPLEXER.c ****    						
 158:../Dave/Generated/src/DAVESupport/MULTIPLEXER.c ****    /*USIC 1 Channel 0 Mux Related SFR/Bitfields Configurations*/ 									  					 				 				 		     
 159:../Dave/Generated/src/DAVESupport/MULTIPLEXER.c ****  //Standard receive buffer event is enabled.                 
 160:../Dave/Generated/src/DAVESupport/MULTIPLEXER.c ****  WR_REG(USIC1_CH0->RBCTR, USIC_CH_RBCTR_SRBIEN_Msk, USIC_CH_RBCTR_SRBIEN_Pos,1);  
 235              		.loc 1 160 0
 236 0254 4FF00003 		mov	r3, #0
 237 0258 C4F60203 		movt	r3, 18434
 238 025c 4FF00002 		mov	r2, #0
 239 0260 C4F60202 		movt	r2, 18434
 240 0264 D2F80C21 		ldr	r2, [r2, #268]
 241 0268 42F08042 		orr	r2, r2, #1073741824
 242 026c C3F80C21 		str	r2, [r3, #268]
 161:../Dave/Generated/src/DAVESupport/MULTIPLEXER.c ****  					 									 					 					  									      					              					  						    					      
 162:../Dave/Generated/src/DAVESupport/MULTIPLEXER.c ****             
 163:../Dave/Generated/src/DAVESupport/MULTIPLEXER.c ****   // Data Pointer & Buffer Size for Receiver Buffer Control  
 164:../Dave/Generated/src/DAVESupport/MULTIPLEXER.c ****  WR_REG(USIC1_CH0->RBCTR, USIC_CH_RBCTR_DPTRSIZE_Msk, USIC_CH_RBCTR_DPTRSIZE_Pos,0x05000000);		/*  
 243              		.loc 1 164 0
 244 0270 4FF00003 		mov	r3, #0
 245 0274 C4F60203 		movt	r3, 18434
 246 0278 4FF00002 		mov	r2, #0
 247 027c C4F60202 		movt	r2, 18434
 248 0280 D2F80C21 		ldr	r2, [r2, #268]
 249 0284 22F0E062 		bic	r2, r2, #117440512
 250 0288 22F03F02 		bic	r2, r2, #63
 251 028c 42F0A062 		orr	r2, r2, #83886080
 252 0290 C3F80C21 		str	r2, [r3, #268]
 165:../Dave/Generated/src/DAVESupport/MULTIPLEXER.c ****  						
 166:../Dave/Generated/src/DAVESupport/MULTIPLEXER.c ****    /*USIC 1 Channel 1 Mux Related SFR/Bitfields Configurations*/ 						         
 167:../Dave/Generated/src/DAVESupport/MULTIPLEXER.c ****  WR_REG(USIC1_CH1->DX0CR, USIC_CH_DX0CR_DSEL_Msk, USIC_CH_DX0CR_DSEL_Pos,3); 
 253              		.loc 1 167 0
 254 0294 4FF40073 		mov	r3, #512
 255 0298 C4F60203 		movt	r3, 18434
 256 029c 4FF40072 		mov	r2, #512
 257 02a0 C4F60202 		movt	r2, 18434
 258 02a4 D269     		ldr	r2, [r2, #28]
 259 02a6 22F00702 		bic	r2, r2, #7
 260 02aa 42F00302 		orr	r2, r2, #3
 261 02ae DA61     		str	r2, [r3, #28]
 168:../Dave/Generated/src/DAVESupport/MULTIPLEXER.c ****   			  					 				 				 		       				              				  					    					 					   				  					 				 			
 169:../Dave/Generated/src/DAVESupport/MULTIPLEXER.c ****                  
 170:../Dave/Generated/src/DAVESupport/MULTIPLEXER.c ****    // Data Pointer & Buffer Size for Transmitter Buffer Control  
 171:../Dave/Generated/src/DAVESupport/MULTIPLEXER.c ****  WR_REG(USIC1_CH1->TBCTR, USIC_CH_TBCTR_DPTRSIZE_Msk, USIC_CH_TBCTR_DPTRSIZE_Pos,0x04000030);		/*  
 262              		.loc 1 171 0
 263 02b0 4FF40073 		mov	r3, #512
 264 02b4 C4F60203 		movt	r3, 18434
 265 02b8 4FF40072 		mov	r2, #512
 266 02bc C4F60202 		movt	r2, 18434
 267 02c0 D2F80821 		ldr	r2, [r2, #264]
 268 02c4 22F0E062 		bic	r2, r2, #117440512
 269 02c8 22F03F02 		bic	r2, r2, #63
 270 02cc 42F08062 		orr	r2, r2, #67108864
 271 02d0 42F03002 		orr	r2, r2, #48
 272 02d4 C3F80821 		str	r2, [r3, #264]
 172:../Dave/Generated/src/DAVESupport/MULTIPLEXER.c ****            
 173:../Dave/Generated/src/DAVESupport/MULTIPLEXER.c ****   // Data Pointer & Buffer Size for Receiver Buffer Control  
 174:../Dave/Generated/src/DAVESupport/MULTIPLEXER.c ****  WR_REG(USIC1_CH1->RBCTR, USIC_CH_RBCTR_DPTRSIZE_Msk, USIC_CH_RBCTR_DPTRSIZE_Pos,0x04000020);		/*  
 273              		.loc 1 174 0
 274 02d8 4FF40073 		mov	r3, #512
 275 02dc C4F60203 		movt	r3, 18434
 276 02e0 4FF40072 		mov	r2, #512
 277 02e4 C4F60202 		movt	r2, 18434
 278 02e8 D2F80C21 		ldr	r2, [r2, #268]
 279 02ec 22F0E062 		bic	r2, r2, #117440512
 280 02f0 22F03F02 		bic	r2, r2, #63
 281 02f4 42F08062 		orr	r2, r2, #67108864
 282 02f8 42F02002 		orr	r2, r2, #32
 283 02fc C3F80C21 		str	r2, [r3, #268]
 175:../Dave/Generated/src/DAVESupport/MULTIPLEXER.c ****    						
 176:../Dave/Generated/src/DAVESupport/MULTIPLEXER.c ****    /*USIC 2 Channel 0 Mux Related SFR/Bitfields Configurations*/ 						         
 177:../Dave/Generated/src/DAVESupport/MULTIPLEXER.c ****  WR_REG(USIC2_CH0->DX0CR, USIC_CH_DX0CR_DSEL_Msk, USIC_CH_DX0CR_DSEL_Pos,1); 
 284              		.loc 1 177 0
 285 0300 4FF48043 		mov	r3, #16384
 286 0304 C4F60203 		movt	r3, 18434
 287 0308 4FF48042 		mov	r2, #16384
 288 030c C4F60202 		movt	r2, 18434
 289 0310 D269     		ldr	r2, [r2, #28]
 290 0312 22F00702 		bic	r2, r2, #7
 291 0316 42F00102 		orr	r2, r2, #1
 292 031a DA61     		str	r2, [r3, #28]
 178:../Dave/Generated/src/DAVESupport/MULTIPLEXER.c ****   			  					 				 				 		       				              				  					    					 					   				  					 				 			
 179:../Dave/Generated/src/DAVESupport/MULTIPLEXER.c ****  //Interrupt node 2 is selected for Protocol specific event             
 180:../Dave/Generated/src/DAVESupport/MULTIPLEXER.c ****  WR_REG(USIC2_CH0->INPR, USIC_CH_INPR_PINP_Msk, USIC_CH_INPR_PINP_Pos,2);  
 293              		.loc 1 180 0
 294 031c 4FF48043 		mov	r3, #16384
 295 0320 C4F60203 		movt	r3, 18434
 296 0324 4FF48042 		mov	r2, #16384
 297 0328 C4F60202 		movt	r2, 18434
 298 032c 9269     		ldr	r2, [r2, #24]
 299 032e 22F4E022 		bic	r2, r2, #458752
 300 0332 42F40032 		orr	r2, r2, #131072
 301 0336 9A61     		str	r2, [r3, #24]
 181:../Dave/Generated/src/DAVESupport/MULTIPLEXER.c ****  					              					  						    					      
 182:../Dave/Generated/src/DAVESupport/MULTIPLEXER.c ****                  
 183:../Dave/Generated/src/DAVESupport/MULTIPLEXER.c ****    // Data Pointer & Buffer Size for Transmitter Buffer Control  
 184:../Dave/Generated/src/DAVESupport/MULTIPLEXER.c ****  WR_REG(USIC2_CH0->TBCTR, USIC_CH_TBCTR_DPTRSIZE_Msk, USIC_CH_TBCTR_DPTRSIZE_Pos,0x05000020);		/*  
 302              		.loc 1 184 0
 303 0338 4FF48043 		mov	r3, #16384
 304 033c C4F60203 		movt	r3, 18434
 305 0340 4FF48042 		mov	r2, #16384
 306 0344 C4F60202 		movt	r2, 18434
 307 0348 D2F80821 		ldr	r2, [r2, #264]
 308 034c 22F0E062 		bic	r2, r2, #117440512
 309 0350 22F03F02 		bic	r2, r2, #63
 310 0354 42F0A062 		orr	r2, r2, #83886080
 311 0358 42F02002 		orr	r2, r2, #32
 312 035c C3F80821 		str	r2, [r3, #264]
 185:../Dave/Generated/src/DAVESupport/MULTIPLEXER.c ****          
 186:../Dave/Generated/src/DAVESupport/MULTIPLEXER.c ****   // Data Pointer & Buffer Size for Receiver Buffer Control  
 187:../Dave/Generated/src/DAVESupport/MULTIPLEXER.c ****  WR_REG(USIC2_CH0->RBCTR, USIC_CH_RBCTR_DPTRSIZE_Msk, USIC_CH_RBCTR_DPTRSIZE_Pos,0x05000000);		/*  
 313              		.loc 1 187 0
 314 0360 4FF48043 		mov	r3, #16384
 315 0364 C4F60203 		movt	r3, 18434
 316 0368 4FF48042 		mov	r2, #16384
 317 036c C4F60202 		movt	r2, 18434
 318 0370 D2F80C21 		ldr	r2, [r2, #268]
 319 0374 22F0E062 		bic	r2, r2, #117440512
 320 0378 22F03F02 		bic	r2, r2, #63
 321 037c 42F0A062 		orr	r2, r2, #83886080
 322 0380 C3F80C21 		str	r2, [r3, #268]
 188:../Dave/Generated/src/DAVESupport/MULTIPLEXER.c ****  						
 189:../Dave/Generated/src/DAVESupport/MULTIPLEXER.c ****    /*USIC 2 Channel 1 Mux Related SFR/Bitfields Configurations*/ 									  					 				 				 		     
 190:../Dave/Generated/src/DAVESupport/MULTIPLEXER.c ****          
 191:../Dave/Generated/src/DAVESupport/MULTIPLEXER.c ****   
 192:../Dave/Generated/src/DAVESupport/MULTIPLEXER.c ****   /* Enable mode after configuring all USIC registers to avoid unintended edges */  
 193:../Dave/Generated/src/DAVESupport/MULTIPLEXER.c ****             
 194:../Dave/Generated/src/DAVESupport/MULTIPLEXER.c ****    WR_REG(USIC0_CH0->CCR, USIC_CH_CCR_MODE_Msk, USIC_CH_CCR_MODE_Pos,UsicCcrMode[0]); 
 323              		.loc 1 194 0
 324 0384 4FF00003 		mov	r3, #0
 325 0388 C4F20303 		movt	r3, 16387
 326 038c 3A68     		ldr	r2, [r7, #0]
 327 038e 02F00F01 		and	r1, r2, #15
 328 0392 4FF00002 		mov	r2, #0
 329 0396 C4F20302 		movt	r2, 16387
 330 039a 126C     		ldr	r2, [r2, #64]
 331 039c 22F00F02 		bic	r2, r2, #15
 332 03a0 0A43     		orrs	r2, r2, r1
 333 03a2 1A64     		str	r2, [r3, #64]
 195:../Dave/Generated/src/DAVESupport/MULTIPLEXER.c ****          
 196:../Dave/Generated/src/DAVESupport/MULTIPLEXER.c ****    WR_REG(USIC0_CH1->CCR, USIC_CH_CCR_MODE_Msk, USIC_CH_CCR_MODE_Pos,UsicCcrMode[1]);   
 334              		.loc 1 196 0
 335 03a4 4FF40073 		mov	r3, #512
 336 03a8 C4F20303 		movt	r3, 16387
 337 03ac 7A68     		ldr	r2, [r7, #4]
 338 03ae 02F00F01 		and	r1, r2, #15
 339 03b2 4FF40072 		mov	r2, #512
 340 03b6 C4F20302 		movt	r2, 16387
 341 03ba 126C     		ldr	r2, [r2, #64]
 342 03bc 22F00F02 		bic	r2, r2, #15
 343 03c0 0A43     		orrs	r2, r2, r1
 344 03c2 1A64     		str	r2, [r3, #64]
 197:../Dave/Generated/src/DAVESupport/MULTIPLEXER.c ****               
 198:../Dave/Generated/src/DAVESupport/MULTIPLEXER.c ****    WR_REG(USIC1_CH0->CCR, USIC_CH_CCR_MODE_Msk, USIC_CH_CCR_MODE_Pos,UsicCcrMode[2]);
 345              		.loc 1 198 0
 346 03c4 4FF00003 		mov	r3, #0
 347 03c8 C4F60203 		movt	r3, 18434
 348 03cc BA68     		ldr	r2, [r7, #8]
 349 03ce 02F00F01 		and	r1, r2, #15
 350 03d2 4FF00002 		mov	r2, #0
 351 03d6 C4F60202 		movt	r2, 18434
 352 03da 126C     		ldr	r2, [r2, #64]
 353 03dc 22F00F02 		bic	r2, r2, #15
 354 03e0 0A43     		orrs	r2, r2, r1
 355 03e2 1A64     		str	r2, [r3, #64]
 199:../Dave/Generated/src/DAVESupport/MULTIPLEXER.c ****                   
 200:../Dave/Generated/src/DAVESupport/MULTIPLEXER.c ****    WR_REG(USIC1_CH1->CCR, USIC_CH_CCR_MODE_Msk, USIC_CH_CCR_MODE_Pos,UsicCcrMode[3]);
 356              		.loc 1 200 0
 357 03e4 4FF40073 		mov	r3, #512
 358 03e8 C4F60203 		movt	r3, 18434
 359 03ec FA68     		ldr	r2, [r7, #12]
 360 03ee 02F00F01 		and	r1, r2, #15
 361 03f2 4FF40072 		mov	r2, #512
 362 03f6 C4F60202 		movt	r2, 18434
 363 03fa 126C     		ldr	r2, [r2, #64]
 364 03fc 22F00F02 		bic	r2, r2, #15
 365 0400 0A43     		orrs	r2, r2, r1
 366 0402 1A64     		str	r2, [r3, #64]
 201:../Dave/Generated/src/DAVESupport/MULTIPLEXER.c ****         
 202:../Dave/Generated/src/DAVESupport/MULTIPLEXER.c ****    WR_REG(USIC2_CH0->CCR, USIC_CH_CCR_MODE_Msk, USIC_CH_CCR_MODE_Pos,UsicCcrMode[4]);
 367              		.loc 1 202 0
 368 0404 4FF48043 		mov	r3, #16384
 369 0408 C4F60203 		movt	r3, 18434
 370 040c 3A69     		ldr	r2, [r7, #16]
 371 040e 02F00F01 		and	r1, r2, #15
 372 0412 4FF48042 		mov	r2, #16384
 373 0416 C4F60202 		movt	r2, 18434
 374 041a 126C     		ldr	r2, [r2, #64]
 375 041c 22F00F02 		bic	r2, r2, #15
 376 0420 0A43     		orrs	r2, r2, r1
 377 0422 1A64     		str	r2, [r3, #64]
 203:../Dave/Generated/src/DAVESupport/MULTIPLEXER.c ****             	         
 204:../Dave/Generated/src/DAVESupport/MULTIPLEXER.c ****                                               
 205:../Dave/Generated/src/DAVESupport/MULTIPLEXER.c ****         //********* Capture/Compare Unit 4 (CAPCOM4) CONFIGURATIONS ************************* 
 206:../Dave/Generated/src/DAVESupport/MULTIPLEXER.c ****                        
 207:../Dave/Generated/src/DAVESupport/MULTIPLEXER.c ****     // Configuring CCU40_CC40SRS  =  Service Request Selector
 208:../Dave/Generated/src/DAVESupport/MULTIPLEXER.c **** 
 209:../Dave/Generated/src/DAVESupport/MULTIPLEXER.c ****     WR_REG(CCU40_CC40->SRS, CCU4_CC4_SRS_CMSR_Msk, CCU4_CC4_SRS_CMSR_Pos, CCU_SR1);    
 378              		.loc 1 209 0
 379 0424 4FF44143 		mov	r3, #49408
 380 0428 C4F20003 		movt	r3, 16384
 381 042c 4FF44142 		mov	r2, #49408
 382 0430 C4F20002 		movt	r2, 16384
 383 0434 D2F8A820 		ldr	r2, [r2, #168]
 384 0438 22F00C02 		bic	r2, r2, #12
 385 043c 42F00402 		orr	r2, r2, #4
 386 0440 C3F8A820 		str	r2, [r3, #168]
 210:../Dave/Generated/src/DAVESupport/MULTIPLEXER.c ****                        
 211:../Dave/Generated/src/DAVESupport/MULTIPLEXER.c ****     // Configuring CCU40_CC41SRS  =  Service Request Selector
 212:../Dave/Generated/src/DAVESupport/MULTIPLEXER.c **** 
 213:../Dave/Generated/src/DAVESupport/MULTIPLEXER.c ****     WR_REG(CCU40_CC41->SRS, CCU4_CC4_SRS_CMSR_Msk, CCU4_CC4_SRS_CMSR_Pos, CCU_SR2);    
 387              		.loc 1 213 0
 388 0444 4FF44243 		mov	r3, #49664
 389 0448 C4F20003 		movt	r3, 16384
 390 044c 4FF44242 		mov	r2, #49664
 391 0450 C4F20002 		movt	r2, 16384
 392 0454 D2F8A820 		ldr	r2, [r2, #168]
 393 0458 22F00C02 		bic	r2, r2, #12
 394 045c 42F00802 		orr	r2, r2, #8
 395 0460 C3F8A820 		str	r2, [r3, #168]
 214:../Dave/Generated/src/DAVESupport/MULTIPLEXER.c ****                        
 215:../Dave/Generated/src/DAVESupport/MULTIPLEXER.c ****     // Configuring CCU40_CC42SRS  =  Service Request Selector
 216:../Dave/Generated/src/DAVESupport/MULTIPLEXER.c **** 
 217:../Dave/Generated/src/DAVESupport/MULTIPLEXER.c ****     WR_REG(CCU40_CC42->SRS, CCU4_CC4_SRS_CMSR_Msk, CCU4_CC4_SRS_CMSR_Pos, CCU_SR3);    
 396              		.loc 1 217 0
 397 0464 4FF44343 		mov	r3, #49920
 398 0468 C4F20003 		movt	r3, 16384
 399 046c 4FF44342 		mov	r2, #49920
 400 0470 C4F20002 		movt	r2, 16384
 401 0474 D2F8A820 		ldr	r2, [r2, #168]
 402 0478 42F00C02 		orr	r2, r2, #12
 403 047c C3F8A820 		str	r2, [r3, #168]
 218:../Dave/Generated/src/DAVESupport/MULTIPLEXER.c ****                        
 219:../Dave/Generated/src/DAVESupport/MULTIPLEXER.c ****     // Configuring CCU41_CC43SRS  =  Service Request Selector
 220:../Dave/Generated/src/DAVESupport/MULTIPLEXER.c **** 
 221:../Dave/Generated/src/DAVESupport/MULTIPLEXER.c ****     WR_REG(CCU41_CC43->SRS, CCU4_CC4_SRS_POSR_Msk, CCU4_CC4_SRS_POSR_Pos, CCU_SR1);    
 404              		.loc 1 221 0
 405 0480 4FF48063 		mov	r3, #1024
 406 0484 C4F20103 		movt	r3, 16385
 407 0488 4FF48062 		mov	r2, #1024
 408 048c C4F20102 		movt	r2, 16385
 409 0490 D2F8A820 		ldr	r2, [r2, #168]
 410 0494 22F00302 		bic	r2, r2, #3
 411 0498 42F00102 		orr	r2, r2, #1
 412 049c C3F8A820 		str	r2, [r3, #168]
 222:../Dave/Generated/src/DAVESupport/MULTIPLEXER.c ****    	 
 223:../Dave/Generated/src/DAVESupport/MULTIPLEXER.c ****             	         
 224:../Dave/Generated/src/DAVESupport/MULTIPLEXER.c ****                                               
 225:../Dave/Generated/src/DAVESupport/MULTIPLEXER.c ****    	 
 226:../Dave/Generated/src/DAVESupport/MULTIPLEXER.c ****             	         
 227:../Dave/Generated/src/DAVESupport/MULTIPLEXER.c ****                                               
 228:../Dave/Generated/src/DAVESupport/MULTIPLEXER.c ****    	 
 229:../Dave/Generated/src/DAVESupport/MULTIPLEXER.c ****             	         
 230:../Dave/Generated/src/DAVESupport/MULTIPLEXER.c ****                                               
 231:../Dave/Generated/src/DAVESupport/MULTIPLEXER.c ****    	 
 232:../Dave/Generated/src/DAVESupport/MULTIPLEXER.c ****             	         
 233:../Dave/Generated/src/DAVESupport/MULTIPLEXER.c ****                                           
 234:../Dave/Generated/src/DAVESupport/MULTIPLEXER.c **** 
 235:../Dave/Generated/src/DAVESupport/MULTIPLEXER.c **** /*        PORT Macro definitions for IOCR_OE, IOCR_PCR & HWSEL_HW     */                           
 236:../Dave/Generated/src/DAVESupport/MULTIPLEXER.c ****   WR_REG(PORT0->IOCR0, 0xb800U, PORT_IOCR_PC1_PCR_Pos, 0x12U);                /*P0.1 : PORT0_IOCR0_
 413              		.loc 1 236 0
 414 04a0 4FF40043 		mov	r3, #32768
 415 04a4 C4F60203 		movt	r3, 18434
 416 04a8 4FF40042 		mov	r2, #32768
 417 04ac C4F60202 		movt	r2, 18434
 418 04b0 1269     		ldr	r2, [r2, #16]
 419 04b2 22F43842 		bic	r2, r2, #47104
 420 04b6 42F41042 		orr	r2, r2, #36864
 421 04ba 1A61     		str	r2, [r3, #16]
 237:../Dave/Generated/src/DAVESupport/MULTIPLEXER.c **** 					                         
 238:../Dave/Generated/src/DAVESupport/MULTIPLEXER.c ****   WR_REG(PORT1->IOCR0, 0xb8U, PORT_IOCR_PC0_PCR_Pos, 0x13U);                /*P1.0 : PORT1_IOCR0_PC
 422              		.loc 1 238 0
 423 04bc 4FF40143 		mov	r3, #33024
 424 04c0 C4F60203 		movt	r3, 18434
 425 04c4 4FF40142 		mov	r2, #33024
 426 04c8 C4F60202 		movt	r2, 18434
 427 04cc 1269     		ldr	r2, [r2, #16]
 428 04ce 22F0B802 		bic	r2, r2, #184
 429 04d2 42F09802 		orr	r2, r2, #152
 430 04d6 1A61     		str	r2, [r3, #16]
 239:../Dave/Generated/src/DAVESupport/MULTIPLEXER.c **** 					                         
 240:../Dave/Generated/src/DAVESupport/MULTIPLEXER.c ****   WR_REG(PORT1->IOCR0, 0xb800U, PORT_IOCR_PC1_PCR_Pos, 0x13U);                /*P1.1 : PORT1_IOCR0_
 431              		.loc 1 240 0
 432 04d8 4FF40143 		mov	r3, #33024
 433 04dc C4F60203 		movt	r3, 18434
 434 04e0 4FF40142 		mov	r2, #33024
 435 04e4 C4F60202 		movt	r2, 18434
 436 04e8 1269     		ldr	r2, [r2, #16]
 437 04ea 22F43842 		bic	r2, r2, #47104
 438 04ee 42F41842 		orr	r2, r2, #38912
 439 04f2 1A61     		str	r2, [r3, #16]
 241:../Dave/Generated/src/DAVESupport/MULTIPLEXER.c **** 					                         
 242:../Dave/Generated/src/DAVESupport/MULTIPLEXER.c ****   WR_REG(PORT1->IOCR0, 0xb80000U, PORT_IOCR_PC2_PCR_Pos, 0x13U);                /*P1.2 : PORT1_IOCR
 440              		.loc 1 242 0
 441 04f4 4FF40143 		mov	r3, #33024
 442 04f8 C4F60203 		movt	r3, 18434
 443 04fc 4FF40142 		mov	r2, #33024
 444 0500 C4F60202 		movt	r2, 18434
 445 0504 1269     		ldr	r2, [r2, #16]
 446 0506 22F43802 		bic	r2, r2, #12058624
 447 050a 42F41802 		orr	r2, r2, #9961472
 448 050e 1A61     		str	r2, [r3, #16]
 243:../Dave/Generated/src/DAVESupport/MULTIPLEXER.c **** 					                         
 244:../Dave/Generated/src/DAVESupport/MULTIPLEXER.c ****   WR_REG(PORT1->IOCR0, 0xb8000000U, PORT_IOCR_PC3_PCR_Pos, 0x13U);                /*P1.3 : PORT1_IO
 449              		.loc 1 244 0
 450 0510 4FF40143 		mov	r3, #33024
 451 0514 C4F60203 		movt	r3, 18434
 452 0518 4FF40142 		mov	r2, #33024
 453 051c C4F60202 		movt	r2, 18434
 454 0520 1269     		ldr	r2, [r2, #16]
 455 0522 22F03842 		bic	r2, r2, #-1207959552
 456 0526 42F01842 		orr	r2, r2, #-1744830464
 457 052a 1A61     		str	r2, [r3, #16]
 245:../Dave/Generated/src/DAVESupport/MULTIPLEXER.c **** 					                         
 246:../Dave/Generated/src/DAVESupport/MULTIPLEXER.c ****   WR_REG(PORT2->IOCR0, 0xb80000U, PORT_IOCR_PC2_PCR_Pos, 0x13U);                /*P2.2 : PORT2_IOCR
 458              		.loc 1 246 0
 459 052c 4FF40243 		mov	r3, #33280
 460 0530 C4F60203 		movt	r3, 18434
 461 0534 4FF40242 		mov	r2, #33280
 462 0538 C4F60202 		movt	r2, 18434
 463 053c 1269     		ldr	r2, [r2, #16]
 464 053e 22F43802 		bic	r2, r2, #12058624
 465 0542 42F41802 		orr	r2, r2, #9961472
 466 0546 1A61     		str	r2, [r3, #16]
 247:../Dave/Generated/src/DAVESupport/MULTIPLEXER.c **** 					                         
 248:../Dave/Generated/src/DAVESupport/MULTIPLEXER.c ****   WR_REG(PORT2->IOCR4, 0xb8U, PORT_IOCR_PC0_PCR_Pos, 0x12U);                /*P2.4 : PORT2_IOCR4_PC
 467              		.loc 1 248 0
 468 0548 4FF40243 		mov	r3, #33280
 469 054c C4F60203 		movt	r3, 18434
 470 0550 4FF40242 		mov	r2, #33280
 471 0554 C4F60202 		movt	r2, 18434
 472 0558 5269     		ldr	r2, [r2, #20]
 473 055a 22F0B802 		bic	r2, r2, #184
 474 055e 42F09002 		orr	r2, r2, #144
 475 0562 5A61     		str	r2, [r3, #20]
 249:../Dave/Generated/src/DAVESupport/MULTIPLEXER.c **** 					                         
 250:../Dave/Generated/src/DAVESupport/MULTIPLEXER.c ****   WR_REG(PORT2->IOCR4, 0xb800U, PORT_IOCR_PC1_PCR_Pos, 0x12U);                /*P2.5 : PORT2_IOCR4_
 476              		.loc 1 250 0
 477 0564 4FF40243 		mov	r3, #33280
 478 0568 C4F60203 		movt	r3, 18434
 479 056c 4FF40242 		mov	r2, #33280
 480 0570 C4F60202 		movt	r2, 18434
 481 0574 5269     		ldr	r2, [r2, #20]
 482 0576 22F43842 		bic	r2, r2, #47104
 483 057a 42F41042 		orr	r2, r2, #36864
 484 057e 5A61     		str	r2, [r3, #20]
 251:../Dave/Generated/src/DAVESupport/MULTIPLEXER.c **** 					                         
 252:../Dave/Generated/src/DAVESupport/MULTIPLEXER.c ****   WR_REG(PORT2->IOCR12, 0xb80000U, PORT_IOCR_PC2_PCR_Pos, 0x12U);                /*P2.14 : PORT2_IO
 485              		.loc 1 252 0
 486 0580 4FF40243 		mov	r3, #33280
 487 0584 C4F60203 		movt	r3, 18434
 488 0588 4FF40242 		mov	r2, #33280
 489 058c C4F60202 		movt	r2, 18434
 490 0590 D269     		ldr	r2, [r2, #28]
 491 0592 22F43802 		bic	r2, r2, #12058624
 492 0596 42F41002 		orr	r2, r2, #9437184
 493 059a DA61     		str	r2, [r3, #28]
 253:../Dave/Generated/src/DAVESupport/MULTIPLEXER.c **** 					                         
 254:../Dave/Generated/src/DAVESupport/MULTIPLEXER.c ****   WR_REG(PORT3->IOCR0, PORT_IOCR_PC0_OE_Msk, PORT_IOCR_PC0_OE_Pos, PORT_IOCR_OE1);                /
 494              		.loc 1 254 0
 495 059c 4FF40343 		mov	r3, #33536
 496 05a0 C4F60203 		movt	r3, 18434
 497 05a4 4FF40342 		mov	r2, #33536
 498 05a8 C4F60202 		movt	r2, 18434
 499 05ac 1269     		ldr	r2, [r2, #16]
 500 05ae 42F08002 		orr	r2, r2, #128
 501 05b2 1A61     		str	r2, [r3, #16]
 255:../Dave/Generated/src/DAVESupport/MULTIPLEXER.c **** 					                         
 256:../Dave/Generated/src/DAVESupport/MULTIPLEXER.c ****   WR_REG(PORT3->IOCR0, PORT_IOCR_PC1_OE_Msk, PORT_IOCR_PC1_OE_Pos, PORT_IOCR_OE1);                /
 502              		.loc 1 256 0
 503 05b4 4FF40343 		mov	r3, #33536
 504 05b8 C4F60203 		movt	r3, 18434
 505 05bc 4FF40342 		mov	r2, #33536
 506 05c0 C4F60202 		movt	r2, 18434
 507 05c4 1269     		ldr	r2, [r2, #16]
 508 05c6 42F40042 		orr	r2, r2, #32768
 509 05ca 1A61     		str	r2, [r3, #16]
 257:../Dave/Generated/src/DAVESupport/MULTIPLEXER.c **** 					                         
 258:../Dave/Generated/src/DAVESupport/MULTIPLEXER.c ****   WR_REG(PORT3->IOCR0, PORT_IOCR_PC2_OE_Msk, PORT_IOCR_PC2_OE_Pos, PORT_IOCR_OE1);                /
 510              		.loc 1 258 0
 511 05cc 4FF40343 		mov	r3, #33536
 512 05d0 C4F60203 		movt	r3, 18434
 513 05d4 4FF40342 		mov	r2, #33536
 514 05d8 C4F60202 		movt	r2, 18434
 515 05dc 1269     		ldr	r2, [r2, #16]
 516 05de 42F40002 		orr	r2, r2, #8388608
 517 05e2 1A61     		str	r2, [r3, #16]
 259:../Dave/Generated/src/DAVESupport/MULTIPLEXER.c **** 					                         
 260:../Dave/Generated/src/DAVESupport/MULTIPLEXER.c ****   WR_REG(PORT5->IOCR0, 0xb8U, PORT_IOCR_PC0_PCR_Pos, 0x11U);                /*P5.0 : PORT5_IOCR0_PC
 518              		.loc 1 260 0
 519 05e4 4FF40543 		mov	r3, #34048
 520 05e8 C4F60203 		movt	r3, 18434
 521 05ec 4FF40542 		mov	r2, #34048
 522 05f0 C4F60202 		movt	r2, 18434
 523 05f4 1269     		ldr	r2, [r2, #16]
 524 05f6 22F0B802 		bic	r2, r2, #184
 525 05fa 42F08802 		orr	r2, r2, #136
 526 05fe 1A61     		str	r2, [r3, #16]
 261:../Dave/Generated/src/DAVESupport/MULTIPLEXER.c **** 					                         
 262:../Dave/Generated/src/DAVESupport/MULTIPLEXER.c ****   WR_REG(PORT5->IOCR0, 0xb800U, PORT_IOCR_PC1_PCR_Pos, 0x11U);                /*P5.1 : PORT5_IOCR0_
 527              		.loc 1 262 0
 528 0600 4FF40543 		mov	r3, #34048
 529 0604 C4F60203 		movt	r3, 18434
 530 0608 4FF40542 		mov	r2, #34048
 531 060c C4F60202 		movt	r2, 18434
 532 0610 1269     		ldr	r2, [r2, #16]
 533 0612 22F43842 		bic	r2, r2, #47104
 534 0616 42F40842 		orr	r2, r2, #34816
 535 061a 1A61     		str	r2, [r3, #16]
 263:../Dave/Generated/src/DAVESupport/MULTIPLEXER.c **** 					                         
 264:../Dave/Generated/src/DAVESupport/MULTIPLEXER.c ****   WR_REG(PORT5->IOCR0, 0xb80000U, PORT_IOCR_PC2_PCR_Pos, 0x11U);                /*P5.2 : PORT5_IOCR
 536              		.loc 1 264 0
 537 061c 4FF40543 		mov	r3, #34048
 538 0620 C4F60203 		movt	r3, 18434
 539 0624 4FF40542 		mov	r2, #34048
 540 0628 C4F60202 		movt	r2, 18434
 541 062c 1269     		ldr	r2, [r2, #16]
 542 062e 22F43802 		bic	r2, r2, #12058624
 543 0632 42F40802 		orr	r2, r2, #8912896
 544 0636 1A61     		str	r2, [r3, #16]
 265:../Dave/Generated/src/DAVESupport/MULTIPLEXER.c **** 					      
 266:../Dave/Generated/src/DAVESupport/MULTIPLEXER.c ****    	 
 267:../Dave/Generated/src/DAVESupport/MULTIPLEXER.c ****             	         
 268:../Dave/Generated/src/DAVESupport/MULTIPLEXER.c ****                                   
 269:../Dave/Generated/src/DAVESupport/MULTIPLEXER.c ****                   /*VADC GROUP0 Mux Related SFR/Bitfields Configurations*/  						                 
 270:../Dave/Generated/src/DAVESupport/MULTIPLEXER.c **** 
 271:../Dave/Generated/src/DAVESupport/MULTIPLEXER.c **** 					 						          						          						          						          						          						       
 272:../Dave/Generated/src/DAVESupport/MULTIPLEXER.c ****                                                                                                    
 273:../Dave/Generated/src/DAVESupport/MULTIPLEXER.c ****                   /*VADC GROUP1 Mux Related SFR/Bitfields Configurations*/  						                 
 274:../Dave/Generated/src/DAVESupport/MULTIPLEXER.c **** 
 275:../Dave/Generated/src/DAVESupport/MULTIPLEXER.c **** 					 						          						          						          						          						          						       
 276:../Dave/Generated/src/DAVESupport/MULTIPLEXER.c ****                                                                                                    
 277:../Dave/Generated/src/DAVESupport/MULTIPLEXER.c ****                   /*VADC GROUP2 Mux Related SFR/Bitfields Configurations*/  						                 
 278:../Dave/Generated/src/DAVESupport/MULTIPLEXER.c ****   WR_REG(VADC_G2->ALIAS, VADC_G_ALIAS_ALIAS0_Msk, VADC_G_ALIAS_ALIAS0_Pos,1); 
 545              		.loc 1 278 0
 546 0638 4FF49843 		mov	r3, #19456
 547 063c C4F20003 		movt	r3, 16384
 548 0640 4FF49842 		mov	r2, #19456
 549 0644 C4F20002 		movt	r2, 16384
 550 0648 D2F8B020 		ldr	r2, [r2, #176]
 551 064c 22F01F02 		bic	r2, r2, #31
 552 0650 42F00102 		orr	r2, r2, #1
 553 0654 C3F8B020 		str	r2, [r3, #176]
 279:../Dave/Generated/src/DAVESupport/MULTIPLEXER.c ****    						          
 280:../Dave/Generated/src/DAVESupport/MULTIPLEXER.c **** 
 281:../Dave/Generated/src/DAVESupport/MULTIPLEXER.c **** 					 						          						          						          						          						          						       
 282:../Dave/Generated/src/DAVESupport/MULTIPLEXER.c ****                                                                                                    
 283:../Dave/Generated/src/DAVESupport/MULTIPLEXER.c ****                   /*VADC GROUP3 Mux Related SFR/Bitfields Configurations*/  						                 
 284:../Dave/Generated/src/DAVESupport/MULTIPLEXER.c **** 
 285:../Dave/Generated/src/DAVESupport/MULTIPLEXER.c **** 					 						          						          						          						          						          						       
 286:../Dave/Generated/src/DAVESupport/MULTIPLEXER.c ****                                                                                                    
 287:../Dave/Generated/src/DAVESupport/MULTIPLEXER.c ****                /*VADC GLOBAL RESULT Mux Related SFR/Bitfields Configurations*/  						          
 288:../Dave/Generated/src/DAVESupport/MULTIPLEXER.c ****   WR_REG(VADC->GLOBEVNP, VADC_GLOBEVNP_REV0NP_Msk, VADC_GLOBEVNP_REV0NP_Pos,2); 
 554              		.loc 1 288 0
 555 0658 4FF04023 		mov	r3, #1073758208
 556 065c 4FF04022 		mov	r2, #1073758208
 557 0660 D2F84021 		ldr	r2, [r2, #320]
 558 0664 22F47022 		bic	r2, r2, #983040
 559 0668 42F40032 		orr	r2, r2, #131072
 560 066c C3F84021 		str	r2, [r3, #320]
 289:../Dave/Generated/src/DAVESupport/MULTIPLEXER.c ****                  						                     						                                 
 290:../Dave/Generated/src/DAVESupport/MULTIPLEXER.c ****                /*VADC BACKGROUND Source Mux Related SFR/Bitfields Configurations*/  						         
 291:../Dave/Generated/src/DAVESupport/MULTIPLEXER.c **** }
 561              		.loc 1 291 0
 562 0670 07F11C07 		add	r7, r7, #28
 563 0674 BD46     		mov	sp, r7
 564 0676 80BC     		pop	{r7}
 565 0678 7047     		bx	lr
 566              		.cfi_endproc
 567              	.LFE120:
 569 067a 00BF     		.section	.text.DAVE_MUX_PreInit,"ax",%progbits
 570              		.align	2
 571              		.global	DAVE_MUX_PreInit
 572              		.thumb
 573              		.thumb_func
 575              	DAVE_MUX_PreInit:
 576              	.LFB121:
 292:../Dave/Generated/src/DAVESupport/MULTIPLEXER.c **** 
 293:../Dave/Generated/src/DAVESupport/MULTIPLEXER.c **** 
 294:../Dave/Generated/src/DAVESupport/MULTIPLEXER.c **** /*******************************************************************************
 295:../Dave/Generated/src/DAVESupport/MULTIPLEXER.c **** ** Syntax           : void DAVE_MUX_PreInit(void)                             **
 296:../Dave/Generated/src/DAVESupport/MULTIPLEXER.c **** **                                                                            **
 297:../Dave/Generated/src/DAVESupport/MULTIPLEXER.c **** ** Reentrancy       : None                                                    **
 298:../Dave/Generated/src/DAVESupport/MULTIPLEXER.c **** **                                                                            **
 299:../Dave/Generated/src/DAVESupport/MULTIPLEXER.c **** ** Parameters (in)  : void                                                    **
 300:../Dave/Generated/src/DAVESupport/MULTIPLEXER.c **** **                                                                            **
 301:../Dave/Generated/src/DAVESupport/MULTIPLEXER.c **** ** Parameters (out) : none                                                    **
 302:../Dave/Generated/src/DAVESupport/MULTIPLEXER.c **** **                                                                            **
 303:../Dave/Generated/src/DAVESupport/MULTIPLEXER.c **** ** Return value     : none                                                    **
 304:../Dave/Generated/src/DAVESupport/MULTIPLEXER.c **** **                                                                            **
 305:../Dave/Generated/src/DAVESupport/MULTIPLEXER.c **** ** Description      : This is the Mux configuration                           **
 306:../Dave/Generated/src/DAVESupport/MULTIPLEXER.c **** **                                                                            **
 307:../Dave/Generated/src/DAVESupport/MULTIPLEXER.c **** *******************************************************************************/
 308:../Dave/Generated/src/DAVESupport/MULTIPLEXER.c ****  
 309:../Dave/Generated/src/DAVESupport/MULTIPLEXER.c **** void DAVE_MUX_PreInit(void)
 310:../Dave/Generated/src/DAVESupport/MULTIPLEXER.c **** {                            
 577              		.loc 1 310 0
 578              		.cfi_startproc
 579              		@ args = 0, pretend = 0, frame = 0
 580              		@ frame_needed = 1, uses_anonymous_args = 0
 581              		@ link register save eliminated.
 582 0000 80B4     		push	{r7}
 583              	.LCFI3:
 584              		.cfi_def_cfa_offset 4
 585              		.cfi_offset 7, -4
 586 0002 00AF     		add	r7, sp, #0
 587              	.LCFI4:
 588              		.cfi_def_cfa_register 7
 311:../Dave/Generated/src/DAVESupport/MULTIPLEXER.c **** 
 312:../Dave/Generated/src/DAVESupport/MULTIPLEXER.c **** /*        PORT Macro definitions for IOCR_OE, IOCR_PCR & HWSEL_HW     */                       
 313:../Dave/Generated/src/DAVESupport/MULTIPLEXER.c **** }
 589              		.loc 1 313 0
 590 0004 BD46     		mov	sp, r7
 591 0006 80BC     		pop	{r7}
 592 0008 7047     		bx	lr
 593              		.cfi_endproc
 594              	.LFE121:
 596 000a 00BF     		.text
 597              	.Letext0:
 598              		.file 2 "c:\\dave-3.1.10\\arm-gcc\\bin\\../lib/gcc/arm-none-eabi/4.7.4/../../../../arm-none-eabi/i
 599              		.file 3 "C:\\DAVE-3.1.10\\eclipse\\/../CMSIS/Infineon/XMC4500_series/Include/XMC4500.h"
 600              		.file 4 "C:\\DAVE-3.1.10\\eclipse\\/../CMSIS/Include/core_cm4.h"
DEFINED SYMBOLS
                            *ABS*:00000000 MULTIPLEXER.c
C:\Users\Mya\AppData\Local\Temp\cc45hgG6.s:20     .text.DAVE_MUX_Init:00000000 $t
C:\Users\Mya\AppData\Local\Temp\cc45hgG6.s:25     .text.DAVE_MUX_Init:00000000 DAVE_MUX_Init
C:\Users\Mya\AppData\Local\Temp\cc45hgG6.s:570    .text.DAVE_MUX_PreInit:00000000 $t
C:\Users\Mya\AppData\Local\Temp\cc45hgG6.s:575    .text.DAVE_MUX_PreInit:00000000 DAVE_MUX_PreInit
                     .debug_frame:00000010 $d
                           .group:00000000 wm4.1.84cfd71c6d2dc0bd4021712beaa9efd8
                           .group:00000000 wm4.XMC4500.h.45.215f4b8c79f46c7645c15373868d08c0
                           .group:00000000 wm4.core_cm4.h.47.41af406cb4cda82c972f112a9cd0a024
                           .group:00000000 wm4.newlib.h.8.a9901dc52d1357e3e94003403d43f8b5
                           .group:00000000 wm4.features.h.22.b72b3baab2bb2eab3661375590100b6b
                           .group:00000000 wm4.config.h.193.5fb8ef056cdff92dec3dee9552839d8c
                           .group:00000000 wm4._ansi.h.23.7aefdac4826acebbfc9f3822a0aeb14c
                           .group:00000000 wm4.stdint.h.20.54ad762faa59e3c05491630641c8d8bf
                           .group:00000000 wm4.core_cmInstr.h.39.3d3d1b4a79aef37532666dc6ee87c6ac
                           .group:00000000 wm4.core_cm4_simd.h.43.b5d1d38735af6366227b4256d330cf13
                           .group:00000000 wm4.core_cm4.h.178.e5ef5ce66d198d7f00f9d0076e267c41
                           .group:00000000 wm4.system_XMC4500.h.29.827f68baa362c84f2abae4ab67dde7c9
                           .group:00000000 wm4.XMC4500.h.198.8e022f279ff353ed081df898dc7b9cf3
                           .group:00000000 wm4.stddef.h.40.50cf36416e06376af8a9dca28536f2e4
                           .group:00000000 wm4.types.h.60.e75c47576398c648cdcf9000ace5e3d8
                           .group:00000000 wm4.MULTIPLEXER.h.46.4a863fbae1c79f0db26da3ce2dc30d02
                           .group:00000000 wm4.CCU8PWMLIB.h.74.725ec81203769525cc7a424597055f47
                           .group:00000000 wm4.MOTORLIB.h.62.951091d95913dd2ff36d761323a1771d
                           .group:00000000 wm4.DBG001.h.116.d6d9e7459a0faa3905c97c1d2edb339d
                           .group:00000000 wm4.uc_id.h.35.fa57ecd9f559d2767f56c96da2848c12
                           .group:00000000 wm4.CLK001_Const.h.50.e5e9c2ddc89f4cc9e7b93e9648fa94e4
                           .group:00000000 wm4.CLK001_Conf.h.81.851ac7a1268528f4d6739384c2f248a5
                           .group:00000000 wm4._default_types.h.6.5e12cd604db8ce00b62bb2f02708eaf3
                           .group:00000000 wm4.lock.h.2.9bc98482741e5e2a9450b12934a684ea
                           .group:00000000 wm4.stddef.h.161.c6104a0666cf681b6269ddc9b4f516d4
                           .group:00000000 wm4.types.h.2.e9cec8c90ab35f77d9f499e06ae02400
                           .group:00000000 wm4.types.h.80.1f2c84c0d57dd52dd9936095d9ac218e
                           .group:00000000 wm4.time.h.16.a4579e68956d2601c6113814b546764b
                           .group:00000000 wm4.RTC001.h.113.715d6fcab1863c6656b238bddd304166
                           .group:00000000 wm4.lmm001_debuglog.h.40.8031299705ecf04ad726bd19baff976d
                           .group:00000000 wm4.reent.h.11.a39e4126dcf3c6afd3054e0622577bae
                           .group:00000000 wm4.stddef.h.161.e50ff8a9d5d1abbc15641da28ac571bf
                           .group:00000000 wm4.string.h.86.d5c872ff52e2712c985b588a0ef39f3c
                           .group:00000000 wm4.LMM001.h.45.fa2df8bae969f45df5071221ac433ffa
                           .group:00000000 wm4.stdio.h.27.f2ac352bab34f31f9f478442827b2ba6
                           .group:00000000 wm4.stdarg.h.34.3a23a216c0c293b3d2ea2e89281481e6
                           .group:00000000 wm4.stdio.h.2.4aa87247282eca6c8f36f9de33d8df1a
                           .group:00000000 wm4.stdio.h.63.dfdea6580b080784d08faace69b6ed76
                           .group:00000000 wm4.stdlib.h.13.603ed7eb09a1561ab06840b7c0fcff58
                           .group:00000000 wm4.alloca.h.8.dfc0c703c47ec3e69746825b17d9e66d
                           .group:00000000 wm4.stdlib.h.53.c69c7609933ff56d59c757cec2d13230
                           .group:00000000 wm4.time.h.2.9857e62ad6ac99431e29d58067232314
                           .group:00000000 wm4.time.h.24.c499d4c1915694df17abb795fd34b719
                           .group:00000000 wm4.time.h.124.10ced469f846269cafc58b59c853e1bb
                           .group:00000000 wm4.errno.h.2.ba016d646105af6cad23be83630b6a3f
                           .group:00000000 wm4.errno.h.9.65044c2b5d8494e43f5986ab0a1d770f
                           .group:00000000 wm4.unistd.h.2.6ce1b91c4223f6078c1b210c7538c1d2
                           .group:00000000 wm4.unistd.h.251.605bc560cdc6c3b07b599bb71ac4e425
                           .group:00000000 wm4.malloc.h.4.62bd13b8107d5245f60bd92bb5994838
                           .group:00000000 wm4.malloc.h.148.73b7de3bd065dafbd594b04197a9466e
                           .group:00000000 wm4.reent.h.91.faac4d0ac97c0fcf23d10d0786197642
                           .group:00000000 wm4.SLTHA003.h.104.05371e300b30617373255b3cdb4765a2
                           .group:00000000 wm4.SYSTM001.h.64.6ecb31c49bc3e7691644fdcdfc11b5cd
                           .group:00000000 wm4.stdarg.h.31.fa591a4b1df9e413e9f5b8097f9ae89d
                           .group:00000000 wm4.Type_CM.h.61.3660c940695d7d5fef91de9c4081d0f0
                           .group:00000000 wm4.dwc_os.h.82.db2ca40c41e2f648d146b8942e5157d9
                           .group:00000000 wm4.dwc_otg_core_if.h.95.37e41eee47e9a4502e4044edf60ea92d
                           .group:00000000 wm4.usbcore001_device.h.107.6c032c9c28ac6c3f4e5e24a068720cd7
                           .group:00000000 wm4.USB.h.399.44a2bec94122294f06c4d854450494d3
                           .group:00000000 wm4.Common.h.102.bc881ac788d1d7ce84e651cbaa40f2c2
                           .group:00000000 wm4.Common.h.134.5069b632a0407201156f18fde915b80c
                           .group:00000000 wm4.USBMode.h.234.0cc9e23131c025605bb7c0db3ebb8ac9
                           .group:00000000 wm4.StdRequestType.h.93.4e19c7c655f990c2abedbb76a546fcde
                           .group:00000000 wm4.Endpoint.h.116.4ef46b127c9047ed49fe1e0df19e09b8
                           .group:00000000 wm4.StdDescriptors.h.120.0ce817e16dcc91b8cf4a79ba0e0e19b6
                           .group:00000000 wm4.CDC.h.103.7ce3e4692dde29e827f8736493eef7ef
                           .group:00000000 wm4.CDC.h.115.c83a7d6c5b6c8644b3dec6212d4ced09
                           .group:00000000 wm4.Descriptors.h.91.5cf84c2489ee54d154cabfe9e14b5c19
                           .group:00000000 wm4.Usic.h.54.8af9f733ba5771eeb374435d205ea54b
                           .group:00000000 wm4.UART001_Conf.h.53.fce01a2aa073e958cae0b1cc894db26c
                           .group:00000000 wm4.UART001.h.109.3e835815a7a59791d8bd39655f4d4cc9
                           .group:00000000 wm4.CCU4Global_Conf.h.63.10a5fc586e1563647b9633c45b1b739e
                           .group:00000000 wm4.PWMSP001.h.57.29b732b86baf3e81f49153f5f495912e
                           .group:00000000 wm4.NVIC002_Conf.h.63.85c8666caca8bd9e6c27dcbc8efe5043
                           .group:00000000 wm4.I2C001.h.97.5277d52889d6c741e048ea45ee1277b5
                           .group:00000000 wm4.I2C001_Conf.h.58.2b816ac2c964c55a6c88f9c406d78c9f
                           .group:00000000 wm4.ERU001_Conf.h.69.61c28b1ac8f55fb79ee064524d8b6415
                           .group:00000000 wm4.ERU002_Conf.h.49.449ecc05b9e62e9b43f2dc6ead06a5ce
                           .group:00000000 wm4.IO002_Conf.h.51.87e2c8c60b647393fe9ced2cae198f63
                           .group:00000000 wm4.ADCGROUP001.h.66.3ee81aba16709c201614af7d67499bdb
                           .group:00000000 wm4.IO001.h.49.4efcabb368feaef60c65bd7504b48505
                           .group:00000000 wm4.ADC001.h.72.a0f6b9479a18584b91fa95e6f862978d
                           .group:00000000 wm4.IO004.h.53.442ea5eb47ad9eedc675253aa35f3107

NO UNDEFINED SYMBOLS
