   1              		.syntax unified
   2              		.cpu cortex-m4
   3              		.eabi_attribute 27, 3
   4              		.fpu fpv4-sp-d16
   5              		.eabi_attribute 20, 1
   6              		.eabi_attribute 21, 1
   7              		.eabi_attribute 23, 3
   8              		.eabi_attribute 24, 1
   9              		.eabi_attribute 25, 1
  10              		.eabi_attribute 26, 1
  11              		.eabi_attribute 30, 6
  12              		.eabi_attribute 34, 1
  13              		.eabi_attribute 18, 4
  14              		.thumb
  15              		.file	"I2Cdev.c"
  16              		.text
  17              	.Ltext0:
  18              		.cfi_sections	.debug_frame
  19              		.section	.text.I2Cdev_writeBytes,"ax",%progbits
  20              		.align	2
  21              		.global	I2Cdev_writeBytes
  22              		.thumb
  23              		.thumb_func
  25              	I2Cdev_writeBytes:
  26              	.LFB153:
  27              		.file 1 "../_Quadrocopter/_HAL/I2C/I2Cdev.c"
   1:../_Quadrocopter/_HAL/I2C/I2Cdev.c **** /*
   2:../_Quadrocopter/_HAL/I2C/I2Cdev.c ****  * i2c_e.c
   3:../_Quadrocopter/_HAL/I2C/I2Cdev.c ****  *
   4:../_Quadrocopter/_HAL/I2C/I2Cdev.c ****  *  Created on: 25.02.2014
   5:../_Quadrocopter/_HAL/I2C/I2Cdev.c ****  *      Author: WielandD
   6:../_Quadrocopter/_HAL/I2C/I2Cdev.c ****  */
   7:../_Quadrocopter/_HAL/I2C/I2Cdev.c **** 
   8:../_Quadrocopter/_HAL/I2C/I2Cdev.c **** #include "I2Cdev.h"
   9:../_Quadrocopter/_HAL/I2C/I2Cdev.c **** 
  10:../_Quadrocopter/_HAL/I2C/I2Cdev.c **** bool I2Cdev_writeBytes(const I2C001Handle_type *handle,uint8_t devAddr, uint8_t regAddr, uint8_t le
  11:../_Quadrocopter/_HAL/I2C/I2Cdev.c **** {
  28              		.loc 1 11 0
  29              		.cfi_startproc
  30              		@ args = 4, pretend = 0, frame = 32
  31              		@ frame_needed = 1, uses_anonymous_args = 0
  32 0000 80B5     		push	{r7, lr}
  33              	.LCFI0:
  34              		.cfi_def_cfa_offset 8
  35              		.cfi_offset 7, -8
  36              		.cfi_offset 14, -4
  37 0002 88B0     		sub	sp, sp, #32
  38              	.LCFI1:
  39              		.cfi_def_cfa_offset 40
  40 0004 00AF     		add	r7, sp, #0
  41              	.LCFI2:
  42              		.cfi_def_cfa_register 7
  43 0006 7860     		str	r0, [r7, #4]
  44 0008 F970     		strb	r1, [r7, #3]
  45 000a BA70     		strb	r2, [r7, #2]
  46 000c 7B70     		strb	r3, [r7, #1]
  12:../_Quadrocopter/_HAL/I2C/I2Cdev.c **** 	I2C001_DataType data1;
  13:../_Quadrocopter/_HAL/I2C/I2Cdev.c **** 
  14:../_Quadrocopter/_HAL/I2C/I2Cdev.c **** 	data1.Data1.TDF_Type = I2C_TDF_MStart;
  47              		.loc 1 14 0
  48 000e 4FF00403 		mov	r3, #4
  49 0012 7B72     		strb	r3, [r7, #9]
  15:../_Quadrocopter/_HAL/I2C/I2Cdev.c **** 	data1.Data1.Data = (devAddr | I2C_WRITE);
  50              		.loc 1 15 0
  51 0014 FB78     		ldrb	r3, [r7, #3]
  52 0016 3B72     		strb	r3, [r7, #8]
  53              	.LBB2:
  16:../_Quadrocopter/_HAL/I2C/I2Cdev.c **** 	for (int cnt=1; !I2C001_WriteData(handle, &data1); cnt++)
  54              		.loc 1 16 0
  55 0018 4FF00103 		mov	r3, #1
  56 001c FB61     		str	r3, [r7, #28]
  57 001e 19E0     		b	.L2
  58              	.L5:
  17:../_Quadrocopter/_HAL/I2C/I2Cdev.c **** 	{
  18:../_Quadrocopter/_HAL/I2C/I2Cdev.c **** 		if (cnt%I2C_TimeOut==0)
  59              		.loc 1 18 0
  60 0020 FA69     		ldr	r2, [r7, #28]
  61 0022 48F6AD33 		movw	r3, #35757
  62 0026 C6F6DB03 		movt	r3, 26843
  63 002a 83FB0213 		smull	r1, r3, r3, r2
  64 002e 4FEAE321 		asr	r1, r3, #11
  65 0032 4FEAE273 		asr	r3, r2, #31
  66 0036 CB1A     		subs	r3, r1, r3
  67 0038 41F28831 		movw	r1, #5000
  68 003c 01FB03F3 		mul	r3, r1, r3
  69 0040 D31A     		subs	r3, r2, r3
  70 0042 002B     		cmp	r3, #0
  71 0044 02D1     		bne	.L3
  19:../_Quadrocopter/_HAL/I2C/I2Cdev.c **** 			return (bool)FALSE;
  72              		.loc 1 19 0
  73 0046 4FF00003 		mov	r3, #0
  74 004a A2E0     		b	.L17
  75              	.L3:
  16:../_Quadrocopter/_HAL/I2C/I2Cdev.c **** 	for (int cnt=1; !I2C001_WriteData(handle, &data1); cnt++)
  76              		.loc 1 16 0
  77 004c FB69     		ldr	r3, [r7, #28]
  78 004e 03F10103 		add	r3, r3, #1
  79 0052 FB61     		str	r3, [r7, #28]
  80              	.L2:
  16:../_Quadrocopter/_HAL/I2C/I2Cdev.c **** 	for (int cnt=1; !I2C001_WriteData(handle, &data1); cnt++)
  81              		.loc 1 16 0 is_stmt 0 discriminator 1
  82 0054 07F10803 		add	r3, r7, #8
  83 0058 7868     		ldr	r0, [r7, #4]
  84 005a 1946     		mov	r1, r3
  85 005c FFF7FEFF 		bl	I2C001_WriteData
  86 0060 0346     		mov	r3, r0
  87 0062 002B     		cmp	r3, #0
  88 0064 DCD0     		beq	.L5
  89              	.LBE2:
  20:../_Quadrocopter/_HAL/I2C/I2Cdev.c **** 	}
  21:../_Quadrocopter/_HAL/I2C/I2Cdev.c **** 
  22:../_Quadrocopter/_HAL/I2C/I2Cdev.c **** 	data1.Data1.TDF_Type = I2C_TDF_MTxData;
  90              		.loc 1 22 0 is_stmt 1
  91 0066 4FF00003 		mov	r3, #0
  92 006a 7B72     		strb	r3, [r7, #9]
  23:../_Quadrocopter/_HAL/I2C/I2Cdev.c **** 	data1.Data1.Data = regAddr;
  93              		.loc 1 23 0
  94 006c BB78     		ldrb	r3, [r7, #2]
  95 006e 3B72     		strb	r3, [r7, #8]
  96              	.LBB3:
  24:../_Quadrocopter/_HAL/I2C/I2Cdev.c **** 	for (int cnt=1; !I2C001_WriteData(handle, &data1); cnt++)
  97              		.loc 1 24 0
  98 0070 4FF00103 		mov	r3, #1
  99 0074 BB61     		str	r3, [r7, #24]
 100 0076 19E0     		b	.L6
 101              	.L8:
  25:../_Quadrocopter/_HAL/I2C/I2Cdev.c **** 	{
  26:../_Quadrocopter/_HAL/I2C/I2Cdev.c **** 		if (cnt%I2C_TimeOut==0)
 102              		.loc 1 26 0
 103 0078 BA69     		ldr	r2, [r7, #24]
 104 007a 48F6AD33 		movw	r3, #35757
 105 007e C6F6DB03 		movt	r3, 26843
 106 0082 83FB0213 		smull	r1, r3, r3, r2
 107 0086 4FEAE321 		asr	r1, r3, #11
 108 008a 4FEAE273 		asr	r3, r2, #31
 109 008e CB1A     		subs	r3, r1, r3
 110 0090 41F28831 		movw	r1, #5000
 111 0094 01FB03F3 		mul	r3, r1, r3
 112 0098 D31A     		subs	r3, r2, r3
 113 009a 002B     		cmp	r3, #0
 114 009c 02D1     		bne	.L7
  27:../_Quadrocopter/_HAL/I2C/I2Cdev.c **** 			return (bool)FALSE;
 115              		.loc 1 27 0
 116 009e 4FF00003 		mov	r3, #0
 117 00a2 76E0     		b	.L17
 118              	.L7:
  24:../_Quadrocopter/_HAL/I2C/I2Cdev.c **** 	for (int cnt=1; !I2C001_WriteData(handle, &data1); cnt++)
 119              		.loc 1 24 0
 120 00a4 BB69     		ldr	r3, [r7, #24]
 121 00a6 03F10103 		add	r3, r3, #1
 122 00aa BB61     		str	r3, [r7, #24]
 123              	.L6:
  24:../_Quadrocopter/_HAL/I2C/I2Cdev.c **** 	for (int cnt=1; !I2C001_WriteData(handle, &data1); cnt++)
 124              		.loc 1 24 0 is_stmt 0 discriminator 1
 125 00ac 07F10803 		add	r3, r7, #8
 126 00b0 7868     		ldr	r0, [r7, #4]
 127 00b2 1946     		mov	r1, r3
 128 00b4 FFF7FEFF 		bl	I2C001_WriteData
 129 00b8 0346     		mov	r3, r0
 130 00ba 002B     		cmp	r3, #0
 131 00bc DCD0     		beq	.L8
 132              	.LBE3:
 133              	.LBB4:
  28:../_Quadrocopter/_HAL/I2C/I2Cdev.c **** 	}
  29:../_Quadrocopter/_HAL/I2C/I2Cdev.c **** 
  30:../_Quadrocopter/_HAL/I2C/I2Cdev.c **** 	for(int i=0; i<length; i++)
 134              		.loc 1 30 0 is_stmt 1
 135 00be 4FF00003 		mov	r3, #0
 136 00c2 7B61     		str	r3, [r7, #20]
 137 00c4 32E0     		b	.L9
 138              	.L13:
  31:../_Quadrocopter/_HAL/I2C/I2Cdev.c **** 	{
  32:../_Quadrocopter/_HAL/I2C/I2Cdev.c **** 		data1.Data1.TDF_Type = I2C_TDF_MTxData;
 139              		.loc 1 32 0
 140 00c6 4FF00003 		mov	r3, #0
 141 00ca 7B72     		strb	r3, [r7, #9]
  33:../_Quadrocopter/_HAL/I2C/I2Cdev.c **** 		data1.Data1.Data = data[i];
 142              		.loc 1 33 0
 143 00cc 7B69     		ldr	r3, [r7, #20]
 144 00ce BA6A     		ldr	r2, [r7, #40]
 145 00d0 D318     		adds	r3, r2, r3
 146 00d2 1B78     		ldrb	r3, [r3, #0]	@ zero_extendqisi2
 147 00d4 3B72     		strb	r3, [r7, #8]
 148              	.LBB5:
  34:../_Quadrocopter/_HAL/I2C/I2Cdev.c **** 		for (int cnt=1; !I2C001_WriteData(handle, &data1); cnt++)
 149              		.loc 1 34 0
 150 00d6 4FF00103 		mov	r3, #1
 151 00da 3B61     		str	r3, [r7, #16]
 152 00dc 19E0     		b	.L10
 153              	.L12:
  35:../_Quadrocopter/_HAL/I2C/I2Cdev.c **** 		{
  36:../_Quadrocopter/_HAL/I2C/I2Cdev.c **** 			if (cnt%I2C_TimeOut==0)
 154              		.loc 1 36 0
 155 00de 3A69     		ldr	r2, [r7, #16]
 156 00e0 48F6AD33 		movw	r3, #35757
 157 00e4 C6F6DB03 		movt	r3, 26843
 158 00e8 83FB0213 		smull	r1, r3, r3, r2
 159 00ec 4FEAE321 		asr	r1, r3, #11
 160 00f0 4FEAE273 		asr	r3, r2, #31
 161 00f4 CB1A     		subs	r3, r1, r3
 162 00f6 41F28831 		movw	r1, #5000
 163 00fa 01FB03F3 		mul	r3, r1, r3
 164 00fe D31A     		subs	r3, r2, r3
 165 0100 002B     		cmp	r3, #0
 166 0102 02D1     		bne	.L11
  37:../_Quadrocopter/_HAL/I2C/I2Cdev.c **** 				return (bool)FALSE;
 167              		.loc 1 37 0
 168 0104 4FF00003 		mov	r3, #0
 169 0108 43E0     		b	.L17
 170              	.L11:
  34:../_Quadrocopter/_HAL/I2C/I2Cdev.c **** 		for (int cnt=1; !I2C001_WriteData(handle, &data1); cnt++)
 171              		.loc 1 34 0
 172 010a 3B69     		ldr	r3, [r7, #16]
 173 010c 03F10103 		add	r3, r3, #1
 174 0110 3B61     		str	r3, [r7, #16]
 175              	.L10:
  34:../_Quadrocopter/_HAL/I2C/I2Cdev.c **** 		for (int cnt=1; !I2C001_WriteData(handle, &data1); cnt++)
 176              		.loc 1 34 0 is_stmt 0 discriminator 1
 177 0112 07F10803 		add	r3, r7, #8
 178 0116 7868     		ldr	r0, [r7, #4]
 179 0118 1946     		mov	r1, r3
 180 011a FFF7FEFF 		bl	I2C001_WriteData
 181 011e 0346     		mov	r3, r0
 182 0120 002B     		cmp	r3, #0
 183 0122 DCD0     		beq	.L12
 184              	.LBE5:
  30:../_Quadrocopter/_HAL/I2C/I2Cdev.c **** 	for(int i=0; i<length; i++)
 185              		.loc 1 30 0 is_stmt 1
 186 0124 7B69     		ldr	r3, [r7, #20]
 187 0126 03F10103 		add	r3, r3, #1
 188 012a 7B61     		str	r3, [r7, #20]
 189              	.L9:
  30:../_Quadrocopter/_HAL/I2C/I2Cdev.c **** 	for(int i=0; i<length; i++)
 190              		.loc 1 30 0 is_stmt 0 discriminator 1
 191 012c 7A78     		ldrb	r2, [r7, #1]	@ zero_extendqisi2
 192 012e 7B69     		ldr	r3, [r7, #20]
 193 0130 9A42     		cmp	r2, r3
 194 0132 C8DC     		bgt	.L13
 195              	.LBE4:
  38:../_Quadrocopter/_HAL/I2C/I2Cdev.c **** 		}
  39:../_Quadrocopter/_HAL/I2C/I2Cdev.c **** 	}
  40:../_Quadrocopter/_HAL/I2C/I2Cdev.c **** 	data1.Data1.TDF_Type = I2C_TDF_MStop;
 196              		.loc 1 40 0 is_stmt 1
 197 0134 4FF00603 		mov	r3, #6
 198 0138 7B72     		strb	r3, [r7, #9]
  41:../_Quadrocopter/_HAL/I2C/I2Cdev.c **** 	data1.Data1.Data = ubyteFF;
 199              		.loc 1 41 0
 200 013a 4FF0FF03 		mov	r3, #255
 201 013e 3B72     		strb	r3, [r7, #8]
 202              	.LBB6:
  42:../_Quadrocopter/_HAL/I2C/I2Cdev.c **** 	for (int cnt=1; !I2C001_WriteData(handle, &data1); cnt++)
 203              		.loc 1 42 0
 204 0140 4FF00103 		mov	r3, #1
 205 0144 FB60     		str	r3, [r7, #12]
 206 0146 19E0     		b	.L14
 207              	.L16:
  43:../_Quadrocopter/_HAL/I2C/I2Cdev.c **** 	{
  44:../_Quadrocopter/_HAL/I2C/I2Cdev.c **** 		if (cnt%I2C_TimeOut==0)
 208              		.loc 1 44 0
 209 0148 FA68     		ldr	r2, [r7, #12]
 210 014a 48F6AD33 		movw	r3, #35757
 211 014e C6F6DB03 		movt	r3, 26843
 212 0152 83FB0213 		smull	r1, r3, r3, r2
 213 0156 4FEAE321 		asr	r1, r3, #11
 214 015a 4FEAE273 		asr	r3, r2, #31
 215 015e CB1A     		subs	r3, r1, r3
 216 0160 41F28831 		movw	r1, #5000
 217 0164 01FB03F3 		mul	r3, r1, r3
 218 0168 D31A     		subs	r3, r2, r3
 219 016a 002B     		cmp	r3, #0
 220 016c 02D1     		bne	.L15
  45:../_Quadrocopter/_HAL/I2C/I2Cdev.c **** 			return (bool)FALSE;
 221              		.loc 1 45 0
 222 016e 4FF00003 		mov	r3, #0
 223 0172 0EE0     		b	.L17
 224              	.L15:
  42:../_Quadrocopter/_HAL/I2C/I2Cdev.c **** 	for (int cnt=1; !I2C001_WriteData(handle, &data1); cnt++)
 225              		.loc 1 42 0
 226 0174 FB68     		ldr	r3, [r7, #12]
 227 0176 03F10103 		add	r3, r3, #1
 228 017a FB60     		str	r3, [r7, #12]
 229              	.L14:
  42:../_Quadrocopter/_HAL/I2C/I2Cdev.c **** 	for (int cnt=1; !I2C001_WriteData(handle, &data1); cnt++)
 230              		.loc 1 42 0 is_stmt 0 discriminator 1
 231 017c 07F10803 		add	r3, r7, #8
 232 0180 7868     		ldr	r0, [r7, #4]
 233 0182 1946     		mov	r1, r3
 234 0184 FFF7FEFF 		bl	I2C001_WriteData
 235 0188 0346     		mov	r3, r0
 236 018a 002B     		cmp	r3, #0
 237 018c DCD0     		beq	.L16
 238              	.LBE6:
  46:../_Quadrocopter/_HAL/I2C/I2Cdev.c **** 	}
  47:../_Quadrocopter/_HAL/I2C/I2Cdev.c **** 
  48:../_Quadrocopter/_HAL/I2C/I2Cdev.c **** 	return (bool)TRUE;
 239              		.loc 1 48 0 is_stmt 1
 240 018e 4FF00103 		mov	r3, #1
 241              	.L17:
  49:../_Quadrocopter/_HAL/I2C/I2Cdev.c **** }
 242              		.loc 1 49 0
 243 0192 1846     		mov	r0, r3
 244 0194 07F12007 		add	r7, r7, #32
 245 0198 BD46     		mov	sp, r7
 246 019a 80BD     		pop	{r7, pc}
 247              		.cfi_endproc
 248              	.LFE153:
 250              		.section	.text.I2Cdev_writeByte,"ax",%progbits
 251              		.align	2
 252              		.global	I2Cdev_writeByte
 253              		.thumb
 254              		.thumb_func
 256              	I2Cdev_writeByte:
 257              	.LFB154:
  50:../_Quadrocopter/_HAL/I2C/I2Cdev.c **** 
  51:../_Quadrocopter/_HAL/I2C/I2Cdev.c **** bool I2Cdev_writeByte(const I2C001Handle_type *handle,uint8_t devAddr, uint8_t regAddr, uint8_t dat
  52:../_Quadrocopter/_HAL/I2C/I2Cdev.c **** {
 258              		.loc 1 52 0
 259              		.cfi_startproc
 260              		@ args = 0, pretend = 0, frame = 8
 261              		@ frame_needed = 1, uses_anonymous_args = 0
 262 0000 80B5     		push	{r7, lr}
 263              	.LCFI3:
 264              		.cfi_def_cfa_offset 8
 265              		.cfi_offset 7, -8
 266              		.cfi_offset 14, -4
 267 0002 84B0     		sub	sp, sp, #16
 268              	.LCFI4:
 269              		.cfi_def_cfa_offset 24
 270 0004 02AF     		add	r7, sp, #8
 271              	.LCFI5:
 272              		.cfi_def_cfa 7, 16
 273 0006 7860     		str	r0, [r7, #4]
 274 0008 F970     		strb	r1, [r7, #3]
 275 000a BA70     		strb	r2, [r7, #2]
 276 000c 7B70     		strb	r3, [r7, #1]
  53:../_Quadrocopter/_HAL/I2C/I2Cdev.c **** 	return I2Cdev_writeBytes(handle,devAddr, regAddr, 1, &data);
 277              		.loc 1 53 0
 278 000e FA78     		ldrb	r2, [r7, #3]	@ zero_extendqisi2
 279 0010 BB78     		ldrb	r3, [r7, #2]	@ zero_extendqisi2
 280 0012 07F10101 		add	r1, r7, #1
 281 0016 0091     		str	r1, [sp, #0]
 282 0018 7868     		ldr	r0, [r7, #4]
 283 001a 1146     		mov	r1, r2
 284 001c 1A46     		mov	r2, r3
 285 001e 4FF00103 		mov	r3, #1
 286 0022 FFF7FEFF 		bl	I2Cdev_writeBytes
 287 0026 0346     		mov	r3, r0
  54:../_Quadrocopter/_HAL/I2C/I2Cdev.c **** }
 288              		.loc 1 54 0
 289 0028 1846     		mov	r0, r3
 290 002a 07F10807 		add	r7, r7, #8
 291 002e BD46     		mov	sp, r7
 292 0030 80BD     		pop	{r7, pc}
 293              		.cfi_endproc
 294              	.LFE154:
 296 0032 00BF     		.section	.text.I2Cdev_readBytes,"ax",%progbits
 297              		.align	2
 298              		.global	I2Cdev_readBytes
 299              		.thumb
 300              		.thumb_func
 302              	I2Cdev_readBytes:
 303              	.LFB155:
  55:../_Quadrocopter/_HAL/I2C/I2Cdev.c **** 
  56:../_Quadrocopter/_HAL/I2C/I2Cdev.c **** 
  57:../_Quadrocopter/_HAL/I2C/I2Cdev.c **** int16_t I2Cdev_readBytes(const I2C001Handle_type *handle,uint8_t devAddr, uint8_t regAddr, uint8_t 
  58:../_Quadrocopter/_HAL/I2C/I2Cdev.c **** {
 304              		.loc 1 58 0
 305              		.cfi_startproc
 306              		@ args = 4, pretend = 0, frame = 48
 307              		@ frame_needed = 1, uses_anonymous_args = 0
 308 0000 80B5     		push	{r7, lr}
 309              	.LCFI6:
 310              		.cfi_def_cfa_offset 8
 311              		.cfi_offset 7, -8
 312              		.cfi_offset 14, -4
 313 0002 8CB0     		sub	sp, sp, #48
 314              	.LCFI7:
 315              		.cfi_def_cfa_offset 56
 316 0004 00AF     		add	r7, sp, #0
 317              	.LCFI8:
 318              		.cfi_def_cfa_register 7
 319 0006 7860     		str	r0, [r7, #4]
 320 0008 F970     		strb	r1, [r7, #3]
 321 000a BA70     		strb	r2, [r7, #2]
 322 000c 7B70     		strb	r3, [r7, #1]
  59:../_Quadrocopter/_HAL/I2C/I2Cdev.c **** 	I2C001_DataType data1;
  60:../_Quadrocopter/_HAL/I2C/I2Cdev.c **** 	uint16_t rec=0x00;
 323              		.loc 1 60 0
 324 000e 4FF00003 		mov	r3, #0
 325 0012 FB81     		strh	r3, [r7, #14]	@ movhi
  61:../_Quadrocopter/_HAL/I2C/I2Cdev.c **** 	int16_t i=0;
 326              		.loc 1 61 0
 327 0014 4FF00003 		mov	r3, #0
 328 0018 FB85     		strh	r3, [r7, #46]	@ movhi
  62:../_Quadrocopter/_HAL/I2C/I2Cdev.c **** 
  63:../_Quadrocopter/_HAL/I2C/I2Cdev.c **** 	data1.Data1.TDF_Type = I2C_TDF_MStart;
 329              		.loc 1 63 0
 330 001a 4FF00403 		mov	r3, #4
 331 001e 7B74     		strb	r3, [r7, #17]
  64:../_Quadrocopter/_HAL/I2C/I2Cdev.c **** 	data1.Data1.Data = (devAddr | I2C_WRITE);
 332              		.loc 1 64 0
 333 0020 FB78     		ldrb	r3, [r7, #3]
 334 0022 3B74     		strb	r3, [r7, #16]
 335              	.LBB7:
  65:../_Quadrocopter/_HAL/I2C/I2Cdev.c **** 	for (int cnt=1; !I2C001_WriteData(handle, &data1); cnt++)
 336              		.loc 1 65 0
 337 0024 4FF00103 		mov	r3, #1
 338 0028 BB62     		str	r3, [r7, #40]
 339 002a 19E0     		b	.L21
 340              	.L24:
  66:../_Quadrocopter/_HAL/I2C/I2Cdev.c **** 	{
  67:../_Quadrocopter/_HAL/I2C/I2Cdev.c **** 		if (cnt%I2C_TimeOut==0)
 341              		.loc 1 67 0
 342 002c BA6A     		ldr	r2, [r7, #40]
 343 002e 48F6AD33 		movw	r3, #35757
 344 0032 C6F6DB03 		movt	r3, 26843
 345 0036 83FB0213 		smull	r1, r3, r3, r2
 346 003a 4FEAE321 		asr	r1, r3, #11
 347 003e 4FEAE273 		asr	r3, r2, #31
 348 0042 CB1A     		subs	r3, r1, r3
 349 0044 41F28831 		movw	r1, #5000
 350 0048 01FB03F3 		mul	r3, r1, r3
 351 004c D31A     		subs	r3, r2, r3
 352 004e 002B     		cmp	r3, #0
 353 0050 02D1     		bne	.L22
  68:../_Quadrocopter/_HAL/I2C/I2Cdev.c **** 			return 0;
 354              		.loc 1 68 0
 355 0052 4FF00003 		mov	r3, #0
 356 0056 15E1     		b	.L46
 357              	.L22:
  65:../_Quadrocopter/_HAL/I2C/I2Cdev.c **** 	for (int cnt=1; !I2C001_WriteData(handle, &data1); cnt++)
 358              		.loc 1 65 0
 359 0058 BB6A     		ldr	r3, [r7, #40]
 360 005a 03F10103 		add	r3, r3, #1
 361 005e BB62     		str	r3, [r7, #40]
 362              	.L21:
  65:../_Quadrocopter/_HAL/I2C/I2Cdev.c **** 	for (int cnt=1; !I2C001_WriteData(handle, &data1); cnt++)
 363              		.loc 1 65 0 is_stmt 0 discriminator 1
 364 0060 07F11003 		add	r3, r7, #16
 365 0064 7868     		ldr	r0, [r7, #4]
 366 0066 1946     		mov	r1, r3
 367 0068 FFF7FEFF 		bl	I2C001_WriteData
 368 006c 0346     		mov	r3, r0
 369 006e 002B     		cmp	r3, #0
 370 0070 DCD0     		beq	.L24
 371              	.LBE7:
  69:../_Quadrocopter/_HAL/I2C/I2Cdev.c **** 	}
  70:../_Quadrocopter/_HAL/I2C/I2Cdev.c **** 
  71:../_Quadrocopter/_HAL/I2C/I2Cdev.c **** 	data1.Data1.TDF_Type = I2C_TDF_MTxData;
 372              		.loc 1 71 0 is_stmt 1
 373 0072 4FF00003 		mov	r3, #0
 374 0076 7B74     		strb	r3, [r7, #17]
  72:../_Quadrocopter/_HAL/I2C/I2Cdev.c **** 	data1.Data1.Data = regAddr;
 375              		.loc 1 72 0
 376 0078 BB78     		ldrb	r3, [r7, #2]
 377 007a 3B74     		strb	r3, [r7, #16]
 378              	.LBB8:
  73:../_Quadrocopter/_HAL/I2C/I2Cdev.c **** 	for (int cnt=1; !I2C001_WriteData(handle, &data1); cnt++)
 379              		.loc 1 73 0
 380 007c 4FF00103 		mov	r3, #1
 381 0080 7B62     		str	r3, [r7, #36]
 382 0082 19E0     		b	.L25
 383              	.L27:
  74:../_Quadrocopter/_HAL/I2C/I2Cdev.c **** 	{
  75:../_Quadrocopter/_HAL/I2C/I2Cdev.c **** 		if (cnt%I2C_TimeOut==0)
 384              		.loc 1 75 0
 385 0084 7A6A     		ldr	r2, [r7, #36]
 386 0086 48F6AD33 		movw	r3, #35757
 387 008a C6F6DB03 		movt	r3, 26843
 388 008e 83FB0213 		smull	r1, r3, r3, r2
 389 0092 4FEAE321 		asr	r1, r3, #11
 390 0096 4FEAE273 		asr	r3, r2, #31
 391 009a CB1A     		subs	r3, r1, r3
 392 009c 41F28831 		movw	r1, #5000
 393 00a0 01FB03F3 		mul	r3, r1, r3
 394 00a4 D31A     		subs	r3, r2, r3
 395 00a6 002B     		cmp	r3, #0
 396 00a8 02D1     		bne	.L26
  76:../_Quadrocopter/_HAL/I2C/I2Cdev.c **** 			return 0;
 397              		.loc 1 76 0
 398 00aa 4FF00003 		mov	r3, #0
 399 00ae E9E0     		b	.L46
 400              	.L26:
  73:../_Quadrocopter/_HAL/I2C/I2Cdev.c **** 	for (int cnt=1; !I2C001_WriteData(handle, &data1); cnt++)
 401              		.loc 1 73 0
 402 00b0 7B6A     		ldr	r3, [r7, #36]
 403 00b2 03F10103 		add	r3, r3, #1
 404 00b6 7B62     		str	r3, [r7, #36]
 405              	.L25:
  73:../_Quadrocopter/_HAL/I2C/I2Cdev.c **** 	for (int cnt=1; !I2C001_WriteData(handle, &data1); cnt++)
 406              		.loc 1 73 0 is_stmt 0 discriminator 1
 407 00b8 07F11003 		add	r3, r7, #16
 408 00bc 7868     		ldr	r0, [r7, #4]
 409 00be 1946     		mov	r1, r3
 410 00c0 FFF7FEFF 		bl	I2C001_WriteData
 411 00c4 0346     		mov	r3, r0
 412 00c6 002B     		cmp	r3, #0
 413 00c8 DCD0     		beq	.L27
 414              	.LBE8:
  77:../_Quadrocopter/_HAL/I2C/I2Cdev.c **** 	}
  78:../_Quadrocopter/_HAL/I2C/I2Cdev.c **** 
  79:../_Quadrocopter/_HAL/I2C/I2Cdev.c **** 	data1.Data1.TDF_Type = I2C_TDF_MRStart;
 415              		.loc 1 79 0 is_stmt 1
 416 00ca 4FF00503 		mov	r3, #5
 417 00ce 7B74     		strb	r3, [r7, #17]
  80:../_Quadrocopter/_HAL/I2C/I2Cdev.c **** 	data1.Data1.Data = devAddr | I2C_READ;
 418              		.loc 1 80 0
 419 00d0 FB78     		ldrb	r3, [r7, #3]
 420 00d2 43F00103 		orr	r3, r3, #1
 421 00d6 DBB2     		uxtb	r3, r3
 422 00d8 3B74     		strb	r3, [r7, #16]
 423              	.LBB9:
  81:../_Quadrocopter/_HAL/I2C/I2Cdev.c **** 	for (int cnt=1; !I2C001_WriteData(handle, &data1); cnt++)
 424              		.loc 1 81 0
 425 00da 4FF00103 		mov	r3, #1
 426 00de 3B62     		str	r3, [r7, #32]
 427 00e0 19E0     		b	.L28
 428              	.L30:
  82:../_Quadrocopter/_HAL/I2C/I2Cdev.c **** 	{
  83:../_Quadrocopter/_HAL/I2C/I2Cdev.c **** 		if (cnt%I2C_TimeOut==0)
 429              		.loc 1 83 0
 430 00e2 3A6A     		ldr	r2, [r7, #32]
 431 00e4 48F6AD33 		movw	r3, #35757
 432 00e8 C6F6DB03 		movt	r3, 26843
 433 00ec 83FB0213 		smull	r1, r3, r3, r2
 434 00f0 4FEAE321 		asr	r1, r3, #11
 435 00f4 4FEAE273 		asr	r3, r2, #31
 436 00f8 CB1A     		subs	r3, r1, r3
 437 00fa 41F28831 		movw	r1, #5000
 438 00fe 01FB03F3 		mul	r3, r1, r3
 439 0102 D31A     		subs	r3, r2, r3
 440 0104 002B     		cmp	r3, #0
 441 0106 02D1     		bne	.L29
  84:../_Quadrocopter/_HAL/I2C/I2Cdev.c **** 			return 0;
 442              		.loc 1 84 0
 443 0108 4FF00003 		mov	r3, #0
 444 010c BAE0     		b	.L46
 445              	.L29:
  81:../_Quadrocopter/_HAL/I2C/I2Cdev.c **** 	for (int cnt=1; !I2C001_WriteData(handle, &data1); cnt++)
 446              		.loc 1 81 0
 447 010e 3B6A     		ldr	r3, [r7, #32]
 448 0110 03F10103 		add	r3, r3, #1
 449 0114 3B62     		str	r3, [r7, #32]
 450              	.L28:
  81:../_Quadrocopter/_HAL/I2C/I2Cdev.c **** 	for (int cnt=1; !I2C001_WriteData(handle, &data1); cnt++)
 451              		.loc 1 81 0 is_stmt 0 discriminator 1
 452 0116 07F11003 		add	r3, r7, #16
 453 011a 7868     		ldr	r0, [r7, #4]
 454 011c 1946     		mov	r1, r3
 455 011e FFF7FEFF 		bl	I2C001_WriteData
 456 0122 0346     		mov	r3, r0
 457 0124 002B     		cmp	r3, #0
 458 0126 DCD0     		beq	.L30
 459              	.LBE9:
  85:../_Quadrocopter/_HAL/I2C/I2Cdev.c **** 	}
  86:../_Quadrocopter/_HAL/I2C/I2Cdev.c **** 
  87:../_Quadrocopter/_HAL/I2C/I2Cdev.c **** 	for (i=0; i<length; i++)
 460              		.loc 1 87 0 is_stmt 1
 461 0128 4FF00003 		mov	r3, #0
 462 012c FB85     		strh	r3, [r7, #46]	@ movhi
 463 012e 3BE0     		b	.L31
 464              	.L37:
  88:../_Quadrocopter/_HAL/I2C/I2Cdev.c **** 	{
  89:../_Quadrocopter/_HAL/I2C/I2Cdev.c **** 		if (i<length-1)
 465              		.loc 1 89 0
 466 0130 B7F92E20 		ldrsh	r2, [r7, #46]
 467 0134 7B78     		ldrb	r3, [r7, #1]	@ zero_extendqisi2
 468 0136 03F1FF33 		add	r3, r3, #-1
 469 013a 9A42     		cmp	r2, r3
 470 013c 03DA     		bge	.L32
  90:../_Quadrocopter/_HAL/I2C/I2Cdev.c **** 			data1.Data1.TDF_Type = I2C_TDF_MRxAck0;
 471              		.loc 1 90 0
 472 013e 4FF00203 		mov	r3, #2
 473 0142 7B74     		strb	r3, [r7, #17]
 474 0144 02E0     		b	.L33
 475              	.L32:
  91:../_Quadrocopter/_HAL/I2C/I2Cdev.c **** 		else
  92:../_Quadrocopter/_HAL/I2C/I2Cdev.c **** 			data1.Data1.TDF_Type = I2C_TDF_MRxAck1;
 476              		.loc 1 92 0
 477 0146 4FF00303 		mov	r3, #3
 478 014a 7B74     		strb	r3, [r7, #17]
 479              	.L33:
  93:../_Quadrocopter/_HAL/I2C/I2Cdev.c **** 
  94:../_Quadrocopter/_HAL/I2C/I2Cdev.c **** 		data1.Data1.Data = ubyteFF;
 480              		.loc 1 94 0
 481 014c 4FF0FF03 		mov	r3, #255
 482 0150 3B74     		strb	r3, [r7, #16]
 483              	.LBB10:
  95:../_Quadrocopter/_HAL/I2C/I2Cdev.c **** 		for (int cnt=1; !I2C001_WriteData(handle, &data1); cnt++)
 484              		.loc 1 95 0
 485 0152 4FF00103 		mov	r3, #1
 486 0156 FB61     		str	r3, [r7, #28]
 487 0158 19E0     		b	.L34
 488              	.L36:
  96:../_Quadrocopter/_HAL/I2C/I2Cdev.c **** 		{
  97:../_Quadrocopter/_HAL/I2C/I2Cdev.c **** 			if (cnt%I2C_TimeOut==0)
 489              		.loc 1 97 0
 490 015a FA69     		ldr	r2, [r7, #28]
 491 015c 48F6AD33 		movw	r3, #35757
 492 0160 C6F6DB03 		movt	r3, 26843
 493 0164 83FB0213 		smull	r1, r3, r3, r2
 494 0168 4FEAE321 		asr	r1, r3, #11
 495 016c 4FEAE273 		asr	r3, r2, #31
 496 0170 CB1A     		subs	r3, r1, r3
 497 0172 41F28831 		movw	r1, #5000
 498 0176 01FB03F3 		mul	r3, r1, r3
 499 017a D31A     		subs	r3, r2, r3
 500 017c 002B     		cmp	r3, #0
 501 017e 02D1     		bne	.L35
  98:../_Quadrocopter/_HAL/I2C/I2Cdev.c **** 				return 0;
 502              		.loc 1 98 0
 503 0180 4FF00003 		mov	r3, #0
 504 0184 7EE0     		b	.L46
 505              	.L35:
  95:../_Quadrocopter/_HAL/I2C/I2Cdev.c **** 		for (int cnt=1; !I2C001_WriteData(handle, &data1); cnt++)
 506              		.loc 1 95 0
 507 0186 FB69     		ldr	r3, [r7, #28]
 508 0188 03F10103 		add	r3, r3, #1
 509 018c FB61     		str	r3, [r7, #28]
 510              	.L34:
  95:../_Quadrocopter/_HAL/I2C/I2Cdev.c **** 		for (int cnt=1; !I2C001_WriteData(handle, &data1); cnt++)
 511              		.loc 1 95 0 is_stmt 0 discriminator 1
 512 018e 07F11003 		add	r3, r7, #16
 513 0192 7868     		ldr	r0, [r7, #4]
 514 0194 1946     		mov	r1, r3
 515 0196 FFF7FEFF 		bl	I2C001_WriteData
 516 019a 0346     		mov	r3, r0
 517 019c 002B     		cmp	r3, #0
 518 019e DCD0     		beq	.L36
 519              	.LBE10:
  87:../_Quadrocopter/_HAL/I2C/I2Cdev.c **** 	for (i=0; i<length; i++)
 520              		.loc 1 87 0 is_stmt 1
 521 01a0 FB8D     		ldrh	r3, [r7, #46]	@ movhi
 522 01a2 03F10103 		add	r3, r3, #1
 523 01a6 FB85     		strh	r3, [r7, #46]	@ movhi
 524              	.L31:
  87:../_Quadrocopter/_HAL/I2C/I2Cdev.c **** 	for (i=0; i<length; i++)
 525              		.loc 1 87 0 is_stmt 0 discriminator 1
 526 01a8 B7F92E20 		ldrsh	r2, [r7, #46]
 527 01ac 7B78     		ldrb	r3, [r7, #1]	@ zero_extendqisi2
 528 01ae 9A42     		cmp	r2, r3
 529 01b0 BEDB     		blt	.L37
  99:../_Quadrocopter/_HAL/I2C/I2Cdev.c **** 		}
 100:../_Quadrocopter/_HAL/I2C/I2Cdev.c **** 	}
 101:../_Quadrocopter/_HAL/I2C/I2Cdev.c **** 
 102:../_Quadrocopter/_HAL/I2C/I2Cdev.c **** 	data1.Data1.TDF_Type = I2C_TDF_MStop;
 530              		.loc 1 102 0 is_stmt 1
 531 01b2 4FF00603 		mov	r3, #6
 532 01b6 7B74     		strb	r3, [r7, #17]
 103:../_Quadrocopter/_HAL/I2C/I2Cdev.c **** 	data1.Data1.Data = ubyteFF;
 533              		.loc 1 103 0
 534 01b8 4FF0FF03 		mov	r3, #255
 535 01bc 3B74     		strb	r3, [r7, #16]
 536              	.LBB11:
 104:../_Quadrocopter/_HAL/I2C/I2Cdev.c **** 	for (int cnt=1; !I2C001_WriteData(handle, &data1); cnt++)
 537              		.loc 1 104 0
 538 01be 4FF00103 		mov	r3, #1
 539 01c2 BB61     		str	r3, [r7, #24]
 540 01c4 19E0     		b	.L38
 541              	.L40:
 105:../_Quadrocopter/_HAL/I2C/I2Cdev.c **** 	{
 106:../_Quadrocopter/_HAL/I2C/I2Cdev.c **** 		if (cnt%I2C_TimeOut==0)
 542              		.loc 1 106 0
 543 01c6 BA69     		ldr	r2, [r7, #24]
 544 01c8 48F6AD33 		movw	r3, #35757
 545 01cc C6F6DB03 		movt	r3, 26843
 546 01d0 83FB0213 		smull	r1, r3, r3, r2
 547 01d4 4FEAE321 		asr	r1, r3, #11
 548 01d8 4FEAE273 		asr	r3, r2, #31
 549 01dc CB1A     		subs	r3, r1, r3
 550 01de 41F28831 		movw	r1, #5000
 551 01e2 01FB03F3 		mul	r3, r1, r3
 552 01e6 D31A     		subs	r3, r2, r3
 553 01e8 002B     		cmp	r3, #0
 554 01ea 02D1     		bne	.L39
 107:../_Quadrocopter/_HAL/I2C/I2Cdev.c **** 			return 0;
 555              		.loc 1 107 0
 556 01ec 4FF00003 		mov	r3, #0
 557 01f0 48E0     		b	.L46
 558              	.L39:
 104:../_Quadrocopter/_HAL/I2C/I2Cdev.c **** 	for (int cnt=1; !I2C001_WriteData(handle, &data1); cnt++)
 559              		.loc 1 104 0
 560 01f2 BB69     		ldr	r3, [r7, #24]
 561 01f4 03F10103 		add	r3, r3, #1
 562 01f8 BB61     		str	r3, [r7, #24]
 563              	.L38:
 104:../_Quadrocopter/_HAL/I2C/I2Cdev.c **** 	for (int cnt=1; !I2C001_WriteData(handle, &data1); cnt++)
 564              		.loc 1 104 0 is_stmt 0 discriminator 1
 565 01fa 07F11003 		add	r3, r7, #16
 566 01fe 7868     		ldr	r0, [r7, #4]
 567 0200 1946     		mov	r1, r3
 568 0202 FFF7FEFF 		bl	I2C001_WriteData
 569 0206 0346     		mov	r3, r0
 570 0208 002B     		cmp	r3, #0
 571 020a DCD0     		beq	.L40
 572              	.LBE11:
 108:../_Quadrocopter/_HAL/I2C/I2Cdev.c **** 	}
 109:../_Quadrocopter/_HAL/I2C/I2Cdev.c **** 
 110:../_Quadrocopter/_HAL/I2C/I2Cdev.c **** 	for(i=0; i<length; i++)
 573              		.loc 1 110 0 is_stmt 1
 574 020c 4FF00003 		mov	r3, #0
 575 0210 FB85     		strh	r3, [r7, #46]	@ movhi
 576 0212 31E0     		b	.L41
 577              	.L45:
 578              	.LBB12:
 111:../_Quadrocopter/_HAL/I2C/I2Cdev.c **** 	{
 112:../_Quadrocopter/_HAL/I2C/I2Cdev.c **** 		for (int cnt=1; !I2C001_ReadData(handle, &rec); cnt++)
 579              		.loc 1 112 0
 580 0214 4FF00103 		mov	r3, #1
 581 0218 7B61     		str	r3, [r7, #20]
 582 021a 19E0     		b	.L42
 583              	.L44:
 113:../_Quadrocopter/_HAL/I2C/I2Cdev.c **** 		{
 114:../_Quadrocopter/_HAL/I2C/I2Cdev.c **** 			if (cnt%I2C_TimeOut==0)
 584              		.loc 1 114 0
 585 021c 7A69     		ldr	r2, [r7, #20]
 586 021e 48F6AD33 		movw	r3, #35757
 587 0222 C6F6DB03 		movt	r3, 26843
 588 0226 83FB0213 		smull	r1, r3, r3, r2
 589 022a 4FEAE321 		asr	r1, r3, #11
 590 022e 4FEAE273 		asr	r3, r2, #31
 591 0232 CB1A     		subs	r3, r1, r3
 592 0234 41F28831 		movw	r1, #5000
 593 0238 01FB03F3 		mul	r3, r1, r3
 594 023c D31A     		subs	r3, r2, r3
 595 023e 002B     		cmp	r3, #0
 596 0240 02D1     		bne	.L43
 115:../_Quadrocopter/_HAL/I2C/I2Cdev.c **** 				return 0;
 597              		.loc 1 115 0
 598 0242 4FF00003 		mov	r3, #0
 599 0246 1DE0     		b	.L46
 600              	.L43:
 112:../_Quadrocopter/_HAL/I2C/I2Cdev.c **** 		for (int cnt=1; !I2C001_ReadData(handle, &rec); cnt++)
 601              		.loc 1 112 0
 602 0248 7B69     		ldr	r3, [r7, #20]
 603 024a 03F10103 		add	r3, r3, #1
 604 024e 7B61     		str	r3, [r7, #20]
 605              	.L42:
 112:../_Quadrocopter/_HAL/I2C/I2Cdev.c **** 		for (int cnt=1; !I2C001_ReadData(handle, &rec); cnt++)
 606              		.loc 1 112 0 is_stmt 0 discriminator 1
 607 0250 07F10E03 		add	r3, r7, #14
 608 0254 7868     		ldr	r0, [r7, #4]
 609 0256 1946     		mov	r1, r3
 610 0258 FFF7FEFF 		bl	I2C001_ReadData
 611 025c 0346     		mov	r3, r0
 612 025e 002B     		cmp	r3, #0
 613 0260 DCD0     		beq	.L44
 614              	.LBE12:
 116:../_Quadrocopter/_HAL/I2C/I2Cdev.c **** 		}
 117:../_Quadrocopter/_HAL/I2C/I2Cdev.c **** 		data[i]=(uint8_t)rec;
 615              		.loc 1 117 0 is_stmt 1
 616 0262 B7F92E30 		ldrsh	r3, [r7, #46]
 617 0266 BA6B     		ldr	r2, [r7, #56]
 618 0268 D318     		adds	r3, r2, r3
 619 026a FA89     		ldrh	r2, [r7, #14]
 620 026c D2B2     		uxtb	r2, r2
 621 026e 1A70     		strb	r2, [r3, #0]
 110:../_Quadrocopter/_HAL/I2C/I2Cdev.c **** 	for(i=0; i<length; i++)
 622              		.loc 1 110 0
 623 0270 FB8D     		ldrh	r3, [r7, #46]	@ movhi
 624 0272 03F10103 		add	r3, r3, #1
 625 0276 FB85     		strh	r3, [r7, #46]	@ movhi
 626              	.L41:
 110:../_Quadrocopter/_HAL/I2C/I2Cdev.c **** 	for(i=0; i<length; i++)
 627              		.loc 1 110 0 is_stmt 0 discriminator 1
 628 0278 B7F92E20 		ldrsh	r2, [r7, #46]
 629 027c 7B78     		ldrb	r3, [r7, #1]	@ zero_extendqisi2
 630 027e 9A42     		cmp	r2, r3
 631 0280 C8DB     		blt	.L45
 118:../_Quadrocopter/_HAL/I2C/I2Cdev.c **** 		/*Todo: I2C001.c I2C001_ReadData(...) -> 16bit ausgelesen, aber 8 bit übergeben
 119:../_Quadrocopter/_HAL/I2C/I2Cdev.c **** 		sollte ausgebessert werden
 120:../_Quadrocopter/_HAL/I2C/I2Cdev.c **** 		*/
 121:../_Quadrocopter/_HAL/I2C/I2Cdev.c **** 	}
 122:../_Quadrocopter/_HAL/I2C/I2Cdev.c **** 
 123:../_Quadrocopter/_HAL/I2C/I2Cdev.c **** 	return i;
 632              		.loc 1 123 0 is_stmt 1
 633 0282 FB8D     		ldrh	r3, [r7, #46]
 634              	.L46:
 635 0284 1BB2     		sxth	r3, r3
 124:../_Quadrocopter/_HAL/I2C/I2Cdev.c **** }
 636              		.loc 1 124 0
 637 0286 1846     		mov	r0, r3
 638 0288 07F13007 		add	r7, r7, #48
 639 028c BD46     		mov	sp, r7
 640 028e 80BD     		pop	{r7, pc}
 641              		.cfi_endproc
 642              	.LFE155:
 644              		.section	.text.I2Cdev_readByte,"ax",%progbits
 645              		.align	2
 646              		.global	I2Cdev_readByte
 647              		.thumb
 648              		.thumb_func
 650              	I2Cdev_readByte:
 651              	.LFB156:
 125:../_Quadrocopter/_HAL/I2C/I2Cdev.c **** 
 126:../_Quadrocopter/_HAL/I2C/I2Cdev.c **** int16_t I2Cdev_readByte(const I2C001Handle_type *handle, uint8_t devAddr, uint8_t regAddr)
 127:../_Quadrocopter/_HAL/I2C/I2Cdev.c **** {
 652              		.loc 1 127 0
 653              		.cfi_startproc
 654              		@ args = 0, pretend = 0, frame = 16
 655              		@ frame_needed = 1, uses_anonymous_args = 0
 656 0000 80B5     		push	{r7, lr}
 657              	.LCFI9:
 658              		.cfi_def_cfa_offset 8
 659              		.cfi_offset 7, -8
 660              		.cfi_offset 14, -4
 661 0002 86B0     		sub	sp, sp, #24
 662              	.LCFI10:
 663              		.cfi_def_cfa_offset 32
 664 0004 02AF     		add	r7, sp, #8
 665              	.LCFI11:
 666              		.cfi_def_cfa 7, 24
 667 0006 7860     		str	r0, [r7, #4]
 668 0008 1346     		mov	r3, r2
 669 000a 0A46     		mov	r2, r1
 670 000c FA70     		strb	r2, [r7, #3]
 671 000e BB70     		strb	r3, [r7, #2]
 128:../_Quadrocopter/_HAL/I2C/I2Cdev.c **** 	uint8_t data=0x00;
 672              		.loc 1 128 0
 673 0010 4FF00003 		mov	r3, #0
 674 0014 FB73     		strb	r3, [r7, #15]
 129:../_Quadrocopter/_HAL/I2C/I2Cdev.c **** 	if (I2Cdev_readBytes(handle,devAddr, regAddr, 1, &data))
 675              		.loc 1 129 0
 676 0016 FA78     		ldrb	r2, [r7, #3]	@ zero_extendqisi2
 677 0018 BB78     		ldrb	r3, [r7, #2]	@ zero_extendqisi2
 678 001a 07F10F01 		add	r1, r7, #15
 679 001e 0091     		str	r1, [sp, #0]
 680 0020 7868     		ldr	r0, [r7, #4]
 681 0022 1146     		mov	r1, r2
 682 0024 1A46     		mov	r2, r3
 683 0026 4FF00103 		mov	r3, #1
 684 002a FFF7FEFF 		bl	I2Cdev_readBytes
 685 002e 0346     		mov	r3, r0
 686 0030 002B     		cmp	r3, #0
 687 0032 01D0     		beq	.L48
 130:../_Quadrocopter/_HAL/I2C/I2Cdev.c **** 		return (int16_t)data;
 688              		.loc 1 130 0
 689 0034 FB7B     		ldrb	r3, [r7, #15]	@ zero_extendqisi2
 690 0036 01E0     		b	.L50
 691              	.L48:
 131:../_Quadrocopter/_HAL/I2C/I2Cdev.c **** 	else
 132:../_Quadrocopter/_HAL/I2C/I2Cdev.c **** 		return -1;
 692              		.loc 1 132 0
 693 0038 4FF6FF73 		movw	r3, #65535
 694              	.L50:
 695 003c 1BB2     		sxth	r3, r3
 133:../_Quadrocopter/_HAL/I2C/I2Cdev.c **** }
 696              		.loc 1 133 0
 697 003e 1846     		mov	r0, r3
 698 0040 07F11007 		add	r7, r7, #16
 699 0044 BD46     		mov	sp, r7
 700 0046 80BD     		pop	{r7, pc}
 701              		.cfi_endproc
 702              	.LFE156:
 704              		.section	.text.USIC2_2_IRQHandler,"ax",%progbits
 705              		.align	2
 706              		.global	USIC2_2_IRQHandler
 707              		.thumb
 708              		.thumb_func
 710              	USIC2_2_IRQHandler:
 711              	.LFB157:
 134:../_Quadrocopter/_HAL/I2C/I2Cdev.c **** 
 135:../_Quadrocopter/_HAL/I2C/I2Cdev.c **** void MPU9X50_I2C_FORMAT_ERROR_ISR(void)
 136:../_Quadrocopter/_HAL/I2C/I2Cdev.c **** {
 712              		.loc 1 136 0
 713              		.cfi_startproc
 714              		@ args = 0, pretend = 0, frame = 0
 715              		@ frame_needed = 1, uses_anonymous_args = 0
 716              		@ link register save eliminated.
 717 0000 80B4     		push	{r7}
 718              	.LCFI12:
 719              		.cfi_def_cfa_offset 4
 720              		.cfi_offset 7, -4
 721 0002 00AF     		add	r7, sp, #0
 722              	.LCFI13:
 723              		.cfi_def_cfa_register 7
 137:../_Quadrocopter/_HAL/I2C/I2Cdev.c **** 	// no acknowledge received --> error, turn on LED
 138:../_Quadrocopter/_HAL/I2C/I2Cdev.c **** 	MPU9150_I2C_Handle.I2CRegs->FMR = 0x00000002U << USIC_CH_FMR_MTDV_Pos; // clear TDV and TE
 724              		.loc 1 138 0
 725 0004 40F20003 		movw	r3, #:lower16:I2C001_Handle0
 726 0008 C0F20003 		movt	r3, #:upper16:I2C001_Handle0
 727 000c 5B68     		ldr	r3, [r3, #4]
 728 000e 4FF00202 		mov	r2, #2
 729 0012 9A66     		str	r2, [r3, #104]
 139:../_Quadrocopter/_HAL/I2C/I2Cdev.c **** 	MPU9150_I2C_Handle.I2CRegs->TRBSCR = USIC_CH_TRBSCR_FLUSHTB_Msk; // flush FIFO transmit buffer
 730              		.loc 1 139 0
 731 0014 40F20003 		movw	r3, #:lower16:I2C001_Handle0
 732 0018 C0F20003 		movt	r3, #:upper16:I2C001_Handle0
 733 001c 5B68     		ldr	r3, [r3, #4]
 734 001e 4FF40042 		mov	r2, #32768
 735 0022 C3F81821 		str	r2, [r3, #280]
 140:../_Quadrocopter/_HAL/I2C/I2Cdev.c **** 	MPU9150_I2C_Handle.I2CRegs->PSCR |= USIC_CH_PSCR_CST5_Msk; // clear PSR.NACK flag
 736              		.loc 1 140 0
 737 0026 40F20003 		movw	r3, #:lower16:I2C001_Handle0
 738 002a C0F20003 		movt	r3, #:upper16:I2C001_Handle0
 739 002e 5A68     		ldr	r2, [r3, #4]
 740 0030 40F20003 		movw	r3, #:lower16:I2C001_Handle0
 741 0034 C0F20003 		movt	r3, #:upper16:I2C001_Handle0
 742 0038 5B68     		ldr	r3, [r3, #4]
 743 003a DB6C     		ldr	r3, [r3, #76]
 744 003c 43F02003 		orr	r3, r3, #32
 745 0040 D364     		str	r3, [r2, #76]
 141:../_Quadrocopter/_HAL/I2C/I2Cdev.c **** }
 746              		.loc 1 141 0
 747 0042 BD46     		mov	sp, r7
 748 0044 80BC     		pop	{r7}
 749 0046 7047     		bx	lr
 750              		.cfi_endproc
 751              	.LFE157:
 753              		.section	.text.USIC0_5_IRQHandler,"ax",%progbits
 754              		.align	2
 755              		.global	USIC0_5_IRQHandler
 756              		.thumb
 757              		.thumb_func
 759              	USIC0_5_IRQHandler:
 760              	.LFB158:
 142:../_Quadrocopter/_HAL/I2C/I2Cdev.c **** 
 143:../_Quadrocopter/_HAL/I2C/I2Cdev.c **** void DPS310_I2C_FORMAT_ERROR_ISR(void)
 144:../_Quadrocopter/_HAL/I2C/I2Cdev.c **** {
 761              		.loc 1 144 0
 762              		.cfi_startproc
 763              		@ args = 0, pretend = 0, frame = 0
 764              		@ frame_needed = 1, uses_anonymous_args = 0
 765              		@ link register save eliminated.
 766 0000 80B4     		push	{r7}
 767              	.LCFI14:
 768              		.cfi_def_cfa_offset 4
 769              		.cfi_offset 7, -4
 770 0002 00AF     		add	r7, sp, #0
 771              	.LCFI15:
 772              		.cfi_def_cfa_register 7
 145:../_Quadrocopter/_HAL/I2C/I2Cdev.c **** 	// no acknowledge received --> error, turn on LED
 146:../_Quadrocopter/_HAL/I2C/I2Cdev.c **** 	DPS310_I2C_Handle.I2CRegs->FMR = 0x00000002U << USIC_CH_FMR_MTDV_Pos; // clear TDV and TE
 773              		.loc 1 146 0
 774 0004 40F20003 		movw	r3, #:lower16:I2C001_Handle1
 775 0008 C0F20003 		movt	r3, #:upper16:I2C001_Handle1
 776 000c 5B68     		ldr	r3, [r3, #4]
 777 000e 4FF00202 		mov	r2, #2
 778 0012 9A66     		str	r2, [r3, #104]
 147:../_Quadrocopter/_HAL/I2C/I2Cdev.c **** 	DPS310_I2C_Handle.I2CRegs->TRBSCR = USIC_CH_TRBSCR_FLUSHTB_Msk; // flush FIFO transmit buffer
 779              		.loc 1 147 0
 780 0014 40F20003 		movw	r3, #:lower16:I2C001_Handle1
 781 0018 C0F20003 		movt	r3, #:upper16:I2C001_Handle1
 782 001c 5B68     		ldr	r3, [r3, #4]
 783 001e 4FF40042 		mov	r2, #32768
 784 0022 C3F81821 		str	r2, [r3, #280]
 148:../_Quadrocopter/_HAL/I2C/I2Cdev.c **** 	DPS310_I2C_Handle.I2CRegs->PSCR |= USIC_CH_PSCR_CST5_Msk; // clear PSR.NACK flag
 785              		.loc 1 148 0
 786 0026 40F20003 		movw	r3, #:lower16:I2C001_Handle1
 787 002a C0F20003 		movt	r3, #:upper16:I2C001_Handle1
 788 002e 5A68     		ldr	r2, [r3, #4]
 789 0030 40F20003 		movw	r3, #:lower16:I2C001_Handle1
 790 0034 C0F20003 		movt	r3, #:upper16:I2C001_Handle1
 791 0038 5B68     		ldr	r3, [r3, #4]
 792 003a DB6C     		ldr	r3, [r3, #76]
 793 003c 43F02003 		orr	r3, r3, #32
 794 0040 D364     		str	r3, [r2, #76]
 149:../_Quadrocopter/_HAL/I2C/I2Cdev.c **** }
 795              		.loc 1 149 0
 796 0042 BD46     		mov	sp, r7
 797 0044 80BC     		pop	{r7}
 798 0046 7047     		bx	lr
 799              		.cfi_endproc
 800              	.LFE158:
 802              		.text
 803              	.Letext0:
 804              		.file 2 "c:\\dave-3.1.10\\arm-gcc\\bin\\../lib/gcc/arm-none-eabi/4.7.4/../../../../arm-none-eabi/i
 805              		.file 3 "C:\\DAVE-3.1.10\\eclipse\\/../CMSIS/Infineon/XMC4500_series/Include/XMC4500.h"
 806              		.file 4 "E:\\GitHub\\Flying-PCB\\Software\\LARIX Flightcontroller\\CORE_Larix_V1.0\\Dave\\Generate
 807              		.file 5 "E:\\GitHub\\Flying-PCB\\Software\\LARIX Flightcontroller\\CORE_Larix_V1.0\\Dave\\Generate
 808              		.file 6 "E:\\GitHub\\Flying-PCB\\Software\\LARIX Flightcontroller\\CORE_Larix_V1.0\\Dave\\Generate
 809              		.file 7 "C:\\DAVE-3.1.10\\eclipse\\/../CMSIS/Include/core_cm4.h"
 810              		.file 8 "E:\\GitHub\\Flying-PCB\\Software\\LARIX Flightcontroller\\CORE_Larix_V1.0\\Dave\\Generate
DEFINED SYMBOLS
                            *ABS*:00000000 I2Cdev.c
C:\Users\Mya\AppData\Local\Temp\ccQOqD16.s:20     .text.I2Cdev_writeBytes:00000000 $t
C:\Users\Mya\AppData\Local\Temp\ccQOqD16.s:25     .text.I2Cdev_writeBytes:00000000 I2Cdev_writeBytes
C:\Users\Mya\AppData\Local\Temp\ccQOqD16.s:251    .text.I2Cdev_writeByte:00000000 $t
C:\Users\Mya\AppData\Local\Temp\ccQOqD16.s:256    .text.I2Cdev_writeByte:00000000 I2Cdev_writeByte
C:\Users\Mya\AppData\Local\Temp\ccQOqD16.s:297    .text.I2Cdev_readBytes:00000000 $t
C:\Users\Mya\AppData\Local\Temp\ccQOqD16.s:302    .text.I2Cdev_readBytes:00000000 I2Cdev_readBytes
C:\Users\Mya\AppData\Local\Temp\ccQOqD16.s:645    .text.I2Cdev_readByte:00000000 $t
C:\Users\Mya\AppData\Local\Temp\ccQOqD16.s:650    .text.I2Cdev_readByte:00000000 I2Cdev_readByte
C:\Users\Mya\AppData\Local\Temp\ccQOqD16.s:705    .text.USIC2_2_IRQHandler:00000000 $t
C:\Users\Mya\AppData\Local\Temp\ccQOqD16.s:710    .text.USIC2_2_IRQHandler:00000000 USIC2_2_IRQHandler
C:\Users\Mya\AppData\Local\Temp\ccQOqD16.s:754    .text.USIC0_5_IRQHandler:00000000 $t
C:\Users\Mya\AppData\Local\Temp\ccQOqD16.s:759    .text.USIC0_5_IRQHandler:00000000 USIC0_5_IRQHandler
                     .debug_frame:00000010 $d
                           .group:00000000 wm4.1.84cfd71c6d2dc0bd4021712beaa9efd8
                           .group:00000000 wm4.XMC4500.h.45.215f4b8c79f46c7645c15373868d08c0
                           .group:00000000 wm4.core_cm4.h.47.41af406cb4cda82c972f112a9cd0a024
                           .group:00000000 wm4.newlib.h.8.a9901dc52d1357e3e94003403d43f8b5
                           .group:00000000 wm4.features.h.22.b72b3baab2bb2eab3661375590100b6b
                           .group:00000000 wm4.config.h.193.5fb8ef056cdff92dec3dee9552839d8c
                           .group:00000000 wm4._ansi.h.23.7aefdac4826acebbfc9f3822a0aeb14c
                           .group:00000000 wm4.stdint.h.20.54ad762faa59e3c05491630641c8d8bf
                           .group:00000000 wm4.core_cmInstr.h.39.3d3d1b4a79aef37532666dc6ee87c6ac
                           .group:00000000 wm4.core_cm4_simd.h.43.b5d1d38735af6366227b4256d330cf13
                           .group:00000000 wm4.core_cm4.h.178.e5ef5ce66d198d7f00f9d0076e267c41
                           .group:00000000 wm4.system_XMC4500.h.29.827f68baa362c84f2abae4ab67dde7c9
                           .group:00000000 wm4.XMC4500.h.198.8e022f279ff353ed081df898dc7b9cf3
                           .group:00000000 wm4.stddef.h.40.50cf36416e06376af8a9dca28536f2e4
                           .group:00000000 wm4.types.h.60.e75c47576398c648cdcf9000ace5e3d8
                           .group:00000000 wm4.MULTIPLEXER.h.46.4a863fbae1c79f0db26da3ce2dc30d02
                           .group:00000000 wm4.CCU8PWMLIB.h.74.725ec81203769525cc7a424597055f47
                           .group:00000000 wm4.MOTORLIB.h.62.951091d95913dd2ff36d761323a1771d
                           .group:00000000 wm4.DBG001.h.116.d6d9e7459a0faa3905c97c1d2edb339d
                           .group:00000000 wm4.uc_id.h.35.fa57ecd9f559d2767f56c96da2848c12
                           .group:00000000 wm4.CLK001_Const.h.50.e5e9c2ddc89f4cc9e7b93e9648fa94e4
                           .group:00000000 wm4.CLK001_Conf.h.81.851ac7a1268528f4d6739384c2f248a5
                           .group:00000000 wm4._default_types.h.6.5e12cd604db8ce00b62bb2f02708eaf3
                           .group:00000000 wm4.lock.h.2.9bc98482741e5e2a9450b12934a684ea
                           .group:00000000 wm4.stddef.h.161.c6104a0666cf681b6269ddc9b4f516d4
                           .group:00000000 wm4.types.h.2.e9cec8c90ab35f77d9f499e06ae02400
                           .group:00000000 wm4.types.h.80.1f2c84c0d57dd52dd9936095d9ac218e
                           .group:00000000 wm4.time.h.16.a4579e68956d2601c6113814b546764b
                           .group:00000000 wm4.RTC001.h.113.715d6fcab1863c6656b238bddd304166
                           .group:00000000 wm4.lmm001_debuglog.h.40.8031299705ecf04ad726bd19baff976d
                           .group:00000000 wm4.reent.h.11.a39e4126dcf3c6afd3054e0622577bae
                           .group:00000000 wm4.stddef.h.161.e50ff8a9d5d1abbc15641da28ac571bf
                           .group:00000000 wm4.string.h.86.d5c872ff52e2712c985b588a0ef39f3c
                           .group:00000000 wm4.LMM001.h.45.fa2df8bae969f45df5071221ac433ffa
                           .group:00000000 wm4.stdio.h.27.f2ac352bab34f31f9f478442827b2ba6
                           .group:00000000 wm4.stdarg.h.34.3a23a216c0c293b3d2ea2e89281481e6
                           .group:00000000 wm4.stdio.h.2.4aa87247282eca6c8f36f9de33d8df1a
                           .group:00000000 wm4.stdio.h.63.dfdea6580b080784d08faace69b6ed76
                           .group:00000000 wm4.stdlib.h.13.603ed7eb09a1561ab06840b7c0fcff58
                           .group:00000000 wm4.alloca.h.8.dfc0c703c47ec3e69746825b17d9e66d
                           .group:00000000 wm4.stdlib.h.53.c69c7609933ff56d59c757cec2d13230
                           .group:00000000 wm4.time.h.2.9857e62ad6ac99431e29d58067232314
                           .group:00000000 wm4.time.h.24.c499d4c1915694df17abb795fd34b719
                           .group:00000000 wm4.time.h.124.10ced469f846269cafc58b59c853e1bb
                           .group:00000000 wm4.errno.h.2.ba016d646105af6cad23be83630b6a3f
                           .group:00000000 wm4.errno.h.9.65044c2b5d8494e43f5986ab0a1d770f
                           .group:00000000 wm4.unistd.h.2.6ce1b91c4223f6078c1b210c7538c1d2
                           .group:00000000 wm4.unistd.h.251.605bc560cdc6c3b07b599bb71ac4e425
                           .group:00000000 wm4.malloc.h.4.62bd13b8107d5245f60bd92bb5994838
                           .group:00000000 wm4.malloc.h.148.73b7de3bd065dafbd594b04197a9466e
                           .group:00000000 wm4.reent.h.91.faac4d0ac97c0fcf23d10d0786197642
                           .group:00000000 wm4.SLTHA003.h.104.05371e300b30617373255b3cdb4765a2
                           .group:00000000 wm4.SYSTM001.h.64.6ecb31c49bc3e7691644fdcdfc11b5cd
                           .group:00000000 wm4.stdarg.h.31.fa591a4b1df9e413e9f5b8097f9ae89d
                           .group:00000000 wm4.Type_CM.h.61.3660c940695d7d5fef91de9c4081d0f0
                           .group:00000000 wm4.dwc_os.h.82.db2ca40c41e2f648d146b8942e5157d9
                           .group:00000000 wm4.dwc_otg_core_if.h.95.37e41eee47e9a4502e4044edf60ea92d
                           .group:00000000 wm4.usbcore001_device.h.107.6c032c9c28ac6c3f4e5e24a068720cd7
                           .group:00000000 wm4.USB.h.399.44a2bec94122294f06c4d854450494d3
                           .group:00000000 wm4.Common.h.102.bc881ac788d1d7ce84e651cbaa40f2c2
                           .group:00000000 wm4.Common.h.134.5069b632a0407201156f18fde915b80c
                           .group:00000000 wm4.USBMode.h.234.0cc9e23131c025605bb7c0db3ebb8ac9
                           .group:00000000 wm4.StdRequestType.h.93.4e19c7c655f990c2abedbb76a546fcde
                           .group:00000000 wm4.Endpoint.h.116.4ef46b127c9047ed49fe1e0df19e09b8
                           .group:00000000 wm4.StdDescriptors.h.120.0ce817e16dcc91b8cf4a79ba0e0e19b6
                           .group:00000000 wm4.CDC.h.103.7ce3e4692dde29e827f8736493eef7ef
                           .group:00000000 wm4.CDC.h.115.c83a7d6c5b6c8644b3dec6212d4ced09
                           .group:00000000 wm4.Descriptors.h.91.5cf84c2489ee54d154cabfe9e14b5c19
                           .group:00000000 wm4.Usic.h.54.8af9f733ba5771eeb374435d205ea54b
                           .group:00000000 wm4.UART001_Conf.h.53.fce01a2aa073e958cae0b1cc894db26c
                           .group:00000000 wm4.UART001.h.109.3e835815a7a59791d8bd39655f4d4cc9
                           .group:00000000 wm4.CCU4Global_Conf.h.63.10a5fc586e1563647b9633c45b1b739e
                           .group:00000000 wm4.PWMSP001.h.57.29b732b86baf3e81f49153f5f495912e
                           .group:00000000 wm4.NVIC002_Conf.h.63.85c8666caca8bd9e6c27dcbc8efe5043
                           .group:00000000 wm4.I2C001.h.97.5277d52889d6c741e048ea45ee1277b5
                           .group:00000000 wm4.I2C001_Conf.h.58.2b816ac2c964c55a6c88f9c406d78c9f
                           .group:00000000 wm4.ERU001_Conf.h.69.61c28b1ac8f55fb79ee064524d8b6415
                           .group:00000000 wm4.ERU002_Conf.h.49.449ecc05b9e62e9b43f2dc6ead06a5ce
                           .group:00000000 wm4.IO002_Conf.h.51.87e2c8c60b647393fe9ced2cae198f63
                           .group:00000000 wm4.ADCGROUP001.h.66.3ee81aba16709c201614af7d67499bdb
                           .group:00000000 wm4.IO001.h.49.4efcabb368feaef60c65bd7504b48505
                           .group:00000000 wm4.ADC001.h.72.a0f6b9479a18584b91fa95e6f862978d
                           .group:00000000 wm4.IO004.h.53.442ea5eb47ad9eedc675253aa35f3107
                           .group:00000000 wm4.arm_math.h.258.4f811f2034dd4ca295ea6f28c00c3d1e
                           .group:00000000 wm4.math.h.35.cc9264b0ced3bd063c5784e64e89cf51
                           .group:00000000 wm4.arm_math.h.290.40597f98fb862d9752cedcde2b37d26a
                           .group:00000000 wm4.I2Cdev.h.14.f8691519f66653930a002c194805c1eb

UNDEFINED SYMBOLS
I2C001_WriteData
I2C001_ReadData
I2C001_Handle0
I2C001_Handle1
