   1              		.syntax unified
   2              		.cpu cortex-m4
   3              		.eabi_attribute 27, 3
   4              		.fpu fpv4-sp-d16
   5              		.eabi_attribute 20, 1
   6              		.eabi_attribute 21, 1
   7              		.eabi_attribute 23, 3
   8              		.eabi_attribute 24, 1
   9              		.eabi_attribute 25, 1
  10              		.eabi_attribute 26, 1
  11              		.eabi_attribute 30, 4
  12              		.eabi_attribute 34, 1
  13              		.eabi_attribute 18, 4
  14              		.thumb
  15              		.file	"Main.c"
  16              		.global	__aeabi_f2d
  17              		.global	__aeabi_ddiv
  18              		.global	__aeabi_dmul
  19              		.global	__aeabi_d2uiz
  20              		.section	.text.CCU40_2_IRQHandler,"ax",%progbits
  21              		.align	1
  22              		.global	CCU40_2_IRQHandler
  23              		.thumb
  24              		.thumb_func
  26              	CCU40_2_IRQHandler:
  27              		@ args = 0, pretend = 0, frame = 0
  28              		@ frame_needed = 0, uses_anonymous_args = 0
  29 0000 F0B5     		push	{r4, r5, r6, r7, lr}
  30 0002 4D4C     		ldr	r4, .L9+8
  31 0004 4D48     		ldr	r0, .L9+12
  32 0006 85B0     		sub	sp, sp, #20
  33 0008 04F11007 		add	r7, r4, #16
  34 000c FFF7FEFF 		bl	GetAngles
  35 0010 211D     		adds	r1, r4, #4
  36 0012 2046     		mov	r0, r4
  37 0014 04F10802 		add	r2, r4, #8
  38 0018 04F10C03 		add	r3, r4, #12
  39 001c 0097     		str	r7, [sp, #0]
  40 001e FFF7FEFF 		bl	GetRCData
  41 0022 04F10800 		add	r0, r4, #8
  42 0026 4549     		ldr	r1, .L9+12
  43 0028 454A     		ldr	r2, .L9+16
  44 002a 04F11403 		add	r3, r4, #20
  45 002e FFF7FEFF 		bl	AngleRateController
  46 0032 444B     		ldr	r3, .L9+20
  47 0034 4448     		ldr	r0, .L9+24
  48 0036 0093     		str	r3, [sp, #0]
  49 0038 04F11805 		add	r5, r4, #24
  50 003c 0222     		movs	r2, #2
  51 003e 0190     		str	r0, [sp, #4]
  52 0040 4249     		ldr	r1, .L9+28
  53 0042 434B     		ldr	r3, .L9+32
  54 0044 0295     		str	r5, [sp, #8]
  55 0046 04F10C00 		add	r0, r4, #12
  56 004a FFF7FEFF 		bl	AngleController
  57 004e 4149     		ldr	r1, .L9+36
  58 0050 414A     		ldr	r2, .L9+40
  59 0052 0091     		str	r1, [sp, #0]
  60 0054 04F11C06 		add	r6, r4, #28
  61 0058 0192     		str	r2, [sp, #4]
  62 005a 3846     		mov	r0, r7
  63 005c 0222     		movs	r2, #2
  64 005e 3F49     		ldr	r1, .L9+44
  65 0060 3F4B     		ldr	r3, .L9+48
  66 0062 0296     		str	r6, [sp, #8]
  67 0064 FFF7FEFF 		bl	AngleController
  68 0068 04F12003 		add	r3, r4, #32
  69 006c 0093     		str	r3, [sp, #0]
  70 006e 3046     		mov	r0, r6
  71 0070 2946     		mov	r1, r5
  72 0072 04F11402 		add	r2, r4, #20
  73 0076 2346     		mov	r3, r4
  74 0078 FFF7FEFF 		bl	CreatePulseWidth
  75 007c 94ED007A 		flds	s14, [r4, #0]
  76 0080 F1EE047A 		fconsts	s15, #20
  77 0084 B4EEE77A 		fcmpes	s14, s15
  78 0088 F1EE10FA 		fmstat
  79 008c 41DD     		ble	.L6
  80 008e A06A     		ldr	r0, [r4, #40]	@ float
  81 0090 FFF7FEFF 		bl	__aeabi_f2d
  82 0094 0022     		movs	r2, #0
  83 0096 334B     		ldr	r3, .L9+52
  84 0098 FFF7FEFF 		bl	__aeabi_ddiv
  85 009c 24A3     		adr	r3, .L9
  86 009e D3E90023 		ldrd	r2, [r3]
  87 00a2 FFF7FEFF 		bl	__aeabi_dmul
  88 00a6 FFF7FEFF 		bl	__aeabi_d2uiz
  89 00aa 87B2     		uxth	r7, r0
  90 00ac 206A     		ldr	r0, [r4, #32]	@ float
  91 00ae FFF7FEFF 		bl	__aeabi_f2d
  92 00b2 0022     		movs	r2, #0
  93 00b4 2B4B     		ldr	r3, .L9+52
  94 00b6 FFF7FEFF 		bl	__aeabi_ddiv
  95 00ba 1DA3     		adr	r3, .L9
  96 00bc D3E90023 		ldrd	r2, [r3]
  97 00c0 FFF7FEFF 		bl	__aeabi_dmul
  98 00c4 FFF7FEFF 		bl	__aeabi_d2uiz
  99 00c8 86B2     		uxth	r6, r0
 100 00ca 606A     		ldr	r0, [r4, #36]	@ float
 101 00cc FFF7FEFF 		bl	__aeabi_f2d
 102 00d0 0022     		movs	r2, #0
 103 00d2 244B     		ldr	r3, .L9+52
 104 00d4 FFF7FEFF 		bl	__aeabi_ddiv
 105 00d8 15A3     		adr	r3, .L9
 106 00da D3E90023 		ldrd	r2, [r3]
 107 00de FFF7FEFF 		bl	__aeabi_dmul
 108 00e2 FFF7FEFF 		bl	__aeabi_d2uiz
 109 00e6 85B2     		uxth	r5, r0
 110 00e8 E06A     		ldr	r0, [r4, #44]	@ float
 111 00ea FFF7FEFF 		bl	__aeabi_f2d
 112 00ee 0022     		movs	r2, #0
 113 00f0 1C4B     		ldr	r3, .L9+52
 114 00f2 FFF7FEFF 		bl	__aeabi_ddiv
 115 00f6 0EA3     		adr	r3, .L9
 116 00f8 D3E90023 		ldrd	r2, [r3]
 117 00fc FFF7FEFF 		bl	__aeabi_dmul
 118 0100 FFF7FEFF 		bl	__aeabi_d2uiz
 119 0104 80B2     		uxth	r0, r0
 120 0106 0090     		str	r0, [sp, #0]
 121 0108 3946     		mov	r1, r7
 122 010a 2220     		movs	r0, #34
 123 010c 3246     		mov	r2, r6
 124 010e 2B46     		mov	r3, r5
 125 0110 04E0     		b	.L7
 126              	.L6:
 127 0112 0021     		movs	r1, #0
 128 0114 0091     		str	r1, [sp, #0]
 129 0116 0B20     		movs	r0, #11
 130 0118 0A46     		mov	r2, r1
 131 011a 0B46     		mov	r3, r1
 132              	.L7:
 133 011c FFF7FEFF 		bl	SendDaisyData
 134 0120 0549     		ldr	r1, .L9+8
 135 0122 0A8E     		ldrh	r2, [r1, #48]
 136 0124 531C     		adds	r3, r2, #1
 137 0126 0B86     		strh	r3, [r1, #48]	@ movhi
 138 0128 05B0     		add	sp, sp, #20
 139 012a F0BD     		pop	{r4, r5, r6, r7, pc}
 140              	.L10:
 141 012c AFF30080 		.align	3
 142              	.L9:
 143 0130 00000000 		.word	0
 144 0134 00FC9340 		.word	1083440128
 145 0138 00000000 		.word	.LANCHOR0
 146 013c 00000000 		.word	YPR
 147 0140 00000000 		.word	.LANCHOR1
 148 0144 00000000 		.word	b_pitch
 149 0148 00000000 		.word	x_pitch
 150 014c 04000000 		.word	YPR+4
 151 0150 00000000 		.word	a_pitch
 152 0154 00000000 		.word	b_roll
 153 0158 00000000 		.word	x_roll
 154 015c 08000000 		.word	YPR+8
 155 0160 00000000 		.word	a_roll
 156 0164 00005940 		.word	1079574528
 158              		.section	.text.Initialize,"ax",%progbits
 159              		.align	1
 160              		.global	Initialize
 161              		.thumb
 162              		.thumb_func
 164              	Initialize:
 165              		@ args = 0, pretend = 0, frame = 56
 166              		@ frame_needed = 0, uses_anonymous_args = 0
 167 0000 70B5     		push	{r4, r5, r6, lr}
 168 0002 9AB0     		sub	sp, sp, #104
 169 0004 FFF7FEFF 		bl	initBluetoothStorage
 170 0008 4FF47A70 		mov	r0, #1000
 171 000c FFF7FEFF 		bl	delay
 172 0010 FFF7FEFF 		bl	MPU9150_Setup
 173 0014 4FF47A70 		mov	r0, #1000
 174 0018 FFF7FEFF 		bl	delay
 175 001c 204D     		ldr	r5, .L12
 176 001e 214B     		ldr	r3, .L12+4
 177 0020 2148     		ldr	r0, .L12+8
 178 0022 224C     		ldr	r4, .L12+12
 179 0024 1D60     		str	r5, [r3, #0]	@ float
 180 0026 5C60     		str	r4, [r3, #4]	@ float
 181 0028 9860     		str	r0, [r3, #8]	@ float
 182 002a 214B     		ldr	r3, .L12+16
 183 002c 2149     		ldr	r1, .L12+20
 184 002e 224A     		ldr	r2, .L12+24
 185 0030 1D60     		str	r5, [r3, #0]	@ float
 186 0032 224E     		ldr	r6, .L12+28
 187 0034 224D     		ldr	r5, .L12+32
 188 0036 5C60     		str	r4, [r3, #4]	@ float
 189 0038 224C     		ldr	r4, .L12+36
 190 003a 3160     		str	r1, [r6, #0]	@ float
 191 003c 7260     		str	r2, [r6, #4]	@ float
 192 003e 2960     		str	r1, [r5, #0]	@ float
 193 0040 6A60     		str	r2, [r5, #4]	@ float
 194 0042 9860     		str	r0, [r3, #8]	@ float
 195 0044 FFF7FEFF 		bl	WatchRC_Init
 196 0048 FFF7FEFF 		bl	setupDPS310
 197 004c FFF7FEFF 		bl	getCoefficients
 198 0050 0020     		movs	r0, #0
 199 0052 0B90     		str	r0, [sp, #44]
 200 0054 04F10C06 		add	r6, r4, #12
 201 0058 0FCE     		ldmia	r6!, {r0, r1, r2, r3}
 202 005a 6D46     		mov	r5, sp
 203 005c 0FC5     		stmia	r5!, {r0, r1, r2, r3}
 204 005e 0FCE     		ldmia	r6!, {r0, r1, r2, r3}
 205 0060 0FC5     		stmia	r5!, {r0, r1, r2, r3}
 206 0062 96E80700 		ldmia	r6, {r0, r1, r2}
 207 0066 85E80700 		stmia	r5, {r0, r1, r2}
 208 006a 0CA8     		add	r0, sp, #48
 209 006c 94E80E00 		ldmia	r4, {r1, r2, r3}
 210 0070 0CAD     		add	r5, sp, #48
 211 0072 FFF7FEFF 		bl	Initialize_FIR_Filter
 212 0076 0FCD     		ldmia	r5!, {r0, r1, r2, r3}
 213 0078 0FC4     		stmia	r4!, {r0, r1, r2, r3}
 214 007a 0FCD     		ldmia	r5!, {r0, r1, r2, r3}
 215 007c 0FC4     		stmia	r4!, {r0, r1, r2, r3}
 216 007e 0FCD     		ldmia	r5!, {r0, r1, r2, r3}
 217 0080 0FC4     		stmia	r4!, {r0, r1, r2, r3}
 218 0082 95E80300 		ldmia	r5, {r0, r1}
 219 0086 84E80300 		stmia	r4, {r0, r1}
 220 008a 4FF4FA60 		mov	r0, #2000
 221 008e FFF7FEFF 		bl	delay
 222 0092 0D48     		ldr	r0, .L12+40
 223 0094 1AB0     		add	sp, sp, #104
 224 0096 BDE87040 		pop	{r4, r5, r6, lr}
 225 009a FFF7FEBF 		b	PWMSP001_Start
 226              	.L13:
 227 009e 00BF     		.align	2
 228              	.L12:
 229 00a0 FF7F2D44 		.word	1143832575
 230 00a4 00000000 		.word	b_roll
 231 00a8 00803B44 		.word	1144750080
 232 00ac FD7FB4C4 		.word	-994803715
 233 00b0 00000000 		.word	b_pitch
 234 00b4 CCCC4C3E 		.word	1045220556
 235 00b8 9A9999BF 		.word	-1080452710
 236 00bc 00000000 		.word	a_roll
 237 00c0 00000000 		.word	a_pitch
 238 00c4 00000000 		.word	PressureFIR
 239 00c8 00000000 		.word	PWMSP001_Handle0
 241              		.section	.text.startup.main,"ax",%progbits
 242              		.align	1
 243              		.global	main
 244              		.thumb
 245              		.thumb_func
 247              	main:
 248              		@ args = 0, pretend = 0, frame = 0
 249              		@ frame_needed = 0, uses_anonymous_args = 0
 250 0000 F0B5     		push	{r4, r5, r6, r7, lr}
 251 0002 87B0     		sub	sp, sp, #28
 252 0004 FFF7FEFF 		bl	DAVE_Init
 253 0008 FFF7FEFF 		bl	USBVC001_Init
 254 000c FFF7FEFF 		bl	Initialize
 255              	.L30:
 256 0010 FFF7FEFF 		bl	USBVC001_BytesReceived
 257 0014 0546     		mov	r5, r0
 258 0016 0028     		cmp	r0, #0
 259 0018 00F0EB80 		beq	.L15
 260 001c 0027     		movs	r7, #0
 261              	.L16:
 262 001e 7B4E     		ldr	r6, .L40
 263 0020 7C1C     		adds	r4, r7, #1
 264 0022 06F13200 		add	r0, r6, #50
 265 0026 A7B2     		uxth	r7, r4
 266 0028 FFF7FEFF 		bl	USBVC001_ReceiveByte
 267 002c AF42     		cmp	r7, r5
 268 002e F6D1     		bne	.L16
 269 0030 96F93230 		ldrsb	r3, [r6, #50]
 270 0034 303B     		subs	r3, r3, #48
 271 0036 092B     		cmp	r3, #9
 272 0038 00F2D880 		bhi	.L17
 273 003c DFE813F0 		tbh	[pc, r3, lsl #1]
 274              	.L28:
 275 0040 CC00     		.2byte	(.L18-.L28)/2
 276 0042 0A00     		.2byte	(.L19-.L28)/2
 277 0044 2100     		.2byte	(.L20-.L28)/2
 278 0046 2500     		.2byte	(.L21-.L28)/2
 279 0048 3800     		.2byte	(.L22-.L28)/2
 280 004a 5300     		.2byte	(.L23-.L28)/2
 281 004c 7F00     		.2byte	(.L24-.L28)/2
 282 004e 8D00     		.2byte	(.L25-.L28)/2
 283 0050 A300     		.2byte	(.L26-.L28)/2
 284 0052 B900     		.2byte	(.L27-.L28)/2
 285              	.L19:
 286 0054 3068     		ldr	r0, [r6, #0]	@ float
 287 0056 FFF7FEFF 		bl	__aeabi_f2d
 288 005a 0446     		mov	r4, r0
 289 005c B068     		ldr	r0, [r6, #8]	@ float
 290 005e 0D46     		mov	r5, r1
 291 0060 FFF7FEFF 		bl	__aeabi_f2d
 292 0064 CDE90001 		strd	r0, [sp]
 293 0068 F068     		ldr	r0, [r6, #12]	@ float
 294 006a FFF7FEFF 		bl	__aeabi_f2d
 295 006e CDE90201 		strd	r0, [sp, #8]
 296 0072 3069     		ldr	r0, [r6, #16]	@ float
 297 0074 FFF7FEFF 		bl	__aeabi_f2d
 298 0078 CDE90401 		strd	r0, [sp, #16]
 299 007c 6448     		ldr	r0, .L40+4
 300 007e 6549     		ldr	r1, .L40+8
 301 0080 2CE0     		b	.L38
 302              	.L20:
 303 0082 6548     		ldr	r0, .L40+12
 304 0084 FFF7FEFF 		bl	PWMSP001_Start
 305 0088 B0E0     		b	.L17
 306              	.L21:
 307 008a 644E     		ldr	r6, .L40+16
 308 008c 3068     		ldr	r0, [r6, #0]	@ float
 309 008e FFF7FEFF 		bl	__aeabi_f2d
 310 0092 0446     		mov	r4, r0
 311 0094 7068     		ldr	r0, [r6, #4]	@ float
 312 0096 0D46     		mov	r5, r1
 313 0098 FFF7FEFF 		bl	__aeabi_f2d
 314 009c CDE90001 		strd	r0, [sp]
 315 00a0 B068     		ldr	r0, [r6, #8]	@ float
 316 00a2 FFF7FEFF 		bl	__aeabi_f2d
 317 00a6 CDE90201 		strd	r0, [sp, #8]
 318 00aa 5948     		ldr	r0, .L40+4
 319 00ac 5C49     		ldr	r1, .L40+20
 320 00ae 41E0     		b	.L39
 321              	.L22:
 322 00b0 306A     		ldr	r0, [r6, #32]	@ float
 323 00b2 FFF7FEFF 		bl	__aeabi_f2d
 324 00b6 0446     		mov	r4, r0
 325 00b8 706A     		ldr	r0, [r6, #36]	@ float
 326 00ba 0D46     		mov	r5, r1
 327 00bc FFF7FEFF 		bl	__aeabi_f2d
 328 00c0 CDE90001 		strd	r0, [sp]
 329 00c4 B06A     		ldr	r0, [r6, #40]	@ float
 330 00c6 FFF7FEFF 		bl	__aeabi_f2d
 331 00ca CDE90201 		strd	r0, [sp, #8]
 332 00ce F06A     		ldr	r0, [r6, #44]	@ float
 333 00d0 FFF7FEFF 		bl	__aeabi_f2d
 334 00d4 CDE90401 		strd	r0, [sp, #16]
 335 00d8 4D48     		ldr	r0, .L40+4
 336 00da 5249     		ldr	r1, .L40+24
 337              	.L38:
 338 00dc 2246     		mov	r2, r4
 339 00de 2B46     		mov	r3, r5
 340 00e0 FFF7FEFF 		bl	sprintf
 341 00e4 82E0     		b	.L17
 342              	.L23:
 343 00e6 4D4F     		ldr	r7, .L40+16
 344 00e8 96ED027A 		flds	s14, [r6, #8]
 345 00ec D7ED007A 		flds	s15, [r7, #0]
 346 00f0 37EE670A 		fsubs	s0, s14, s15
 347 00f4 10EE100A 		fmrs	r0, s0
 348 00f8 FFF7FEFF 		bl	__aeabi_f2d
 349 00fc D6ED030A 		flds	s1, [r6, #12]
 350 0100 97ED011A 		flds	s2, [r7, #4]
 351 0104 70EEC11A 		fsubs	s3, s1, s2
 352 0108 0446     		mov	r4, r0
 353 010a 11EE900A 		fmrs	r0, s3
 354 010e 0D46     		mov	r5, r1
 355 0110 FFF7FEFF 		bl	__aeabi_f2d
 356 0114 CDE90001 		strd	r0, [sp]
 357 0118 D7ED022A 		flds	s5, [r7, #8]
 358 011c 96ED042A 		flds	s4, [r6, #16]
 359 0120 32EE623A 		fsubs	s6, s4, s5
 360 0124 13EE100A 		fmrs	r0, s6
 361 0128 FFF7FEFF 		bl	__aeabi_f2d
 362 012c CDE90201 		strd	r0, [sp, #8]
 363 0130 3748     		ldr	r0, .L40+4
 364 0132 3D49     		ldr	r1, .L40+28
 365              	.L39:
 366 0134 2246     		mov	r2, r4
 367 0136 2B46     		mov	r3, r5
 368 0138 FFF7FEFF 		bl	sprintf
 369 013c 56E0     		b	.L17
 370              	.L24:
 371 013e FFF7FEFF 		bl	GetSensorCount
 372 0142 368E     		ldrh	r6, [r6, #48]
 373 0144 0546     		mov	r5, r0
 374 0146 FFF7FEFF 		bl	GetRCCount
 375 014a 3849     		ldr	r1, .L40+32
 376 014c 0090     		str	r0, [sp, #0]
 377 014e 2A46     		mov	r2, r5
 378 0150 3346     		mov	r3, r6
 379 0152 2F48     		ldr	r0, .L40+4
 380 0154 FFF7FEFF 		bl	sprintf
 381 0158 48E0     		b	.L17
 382              	.L25:
 383 015a 354F     		ldr	r7, .L40+36
 384 015c 3846     		mov	r0, r7
 385 015e FFF7FEFF 		bl	GetGyroData
 386 0162 3868     		ldr	r0, [r7, #0]	@ float
 387 0164 FFF7FEFF 		bl	__aeabi_f2d
 388 0168 0446     		mov	r4, r0
 389 016a 7868     		ldr	r0, [r7, #4]	@ float
 390 016c 0D46     		mov	r5, r1
 391 016e FFF7FEFF 		bl	__aeabi_f2d
 392 0172 CDE90001 		strd	r0, [sp]
 393 0176 B868     		ldr	r0, [r7, #8]	@ float
 394 0178 FFF7FEFF 		bl	__aeabi_f2d
 395 017c CDE90201 		strd	r0, [sp, #8]
 396 0180 2348     		ldr	r0, .L40+4
 397 0182 2C49     		ldr	r1, .L40+40
 398 0184 D6E7     		b	.L39
 399              	.L26:
 400 0186 2A4E     		ldr	r6, .L40+36
 401 0188 3046     		mov	r0, r6
 402 018a FFF7FEFF 		bl	GetAccData
 403 018e 3068     		ldr	r0, [r6, #0]	@ float
 404 0190 FFF7FEFF 		bl	__aeabi_f2d
 405 0194 0446     		mov	r4, r0
 406 0196 7068     		ldr	r0, [r6, #4]	@ float
 407 0198 0D46     		mov	r5, r1
 408 019a FFF7FEFF 		bl	__aeabi_f2d
 409 019e CDE90001 		strd	r0, [sp]
 410 01a2 B068     		ldr	r0, [r6, #8]	@ float
 411 01a4 FFF7FEFF 		bl	__aeabi_f2d
 412 01a8 CDE90201 		strd	r0, [sp, #8]
 413 01ac 1848     		ldr	r0, .L40+4
 414 01ae 2249     		ldr	r1, .L40+44
 415 01b0 C0E7     		b	.L39
 416              	.L27:
 417 01b2 D6F89800 		ldr	r0, [r6, #152]	@ float
 418 01b6 FFF7FEFF 		bl	__aeabi_f2d
 419 01ba 0446     		mov	r4, r0
 420 01bc D6F89C00 		ldr	r0, [r6, #156]	@ float
 421 01c0 0D46     		mov	r5, r1
 422 01c2 FFF7FEFF 		bl	__aeabi_f2d
 423 01c6 2246     		mov	r2, r4
 424 01c8 CDE90001 		strd	r0, [sp]
 425 01cc 2B46     		mov	r3, r5
 426 01ce 1B49     		ldr	r1, .L40+48
 427 01d0 0F48     		ldr	r0, .L40+4
 428 01d2 FFF7FEFF 		bl	sprintf
 429 01d6 09E0     		b	.L17
 430              	.L18:
 431 01d8 D6F8A000 		ldr	r0, [r6, #160]	@ float
 432 01dc FFF7FEFF 		bl	__aeabi_f2d
 433 01e0 0246     		mov	r2, r0
 434 01e2 0B46     		mov	r3, r1
 435 01e4 0A48     		ldr	r0, .L40+4
 436 01e6 1649     		ldr	r1, .L40+52
 437 01e8 FFF7FEFF 		bl	sprintf
 438              	.L17:
 439 01ec 0848     		ldr	r0, .L40+4
 440 01ee FFF7FEFF 		bl	USBVC001_SendString
 441              	.L15:
 442 01f2 0648     		ldr	r0, .L40
 443 01f4 90F8A420 		ldrb	r2, [r0, #164]	@ zero_extendqisi2
 444 01f8 2AB1     		cbz	r2, .L29
 445 01fa 0021     		movs	r1, #0
 446 01fc 80F8A410 		strb	r1, [r0, #164]
 447 0200 0348     		ldr	r0, .L40+4
 448 0202 FFF7FEFF 		bl	USBVC001_SendString
 449              	.L29:
 450 0206 FFF7FEFF 		bl	USB_USBTask
 451 020a 01E7     		b	.L30
 452              	.L41:
 453              		.align	2
 454              	.L40:
 455 020c 00000000 		.word	.LANCHOR0
 456 0210 00000000 		.word	c
 457 0214 00000000 		.word	.LC0
 458 0218 00000000 		.word	PWMSP001_Handle2
 459 021c 00000000 		.word	YPR
 460 0220 38000000 		.word	.LC1
 461 0224 51000000 		.word	.LC2
 462 0228 72000000 		.word	.LC3
 463 022c 85000000 		.word	.LC4
 464 0230 00000000 		.word	sensorData
 465 0234 AD000000 		.word	.LC5
 466 0238 D2000000 		.word	.LC6
 467 023c EB000000 		.word	.LC7
 468 0240 07010000 		.word	.LC8
 470              		.section	.text.CCU40_0_IRQHandler,"ax",%progbits
 471              		.align	1
 472              		.global	CCU40_0_IRQHandler
 473              		.thumb
 474              		.thumb_func
 476              	CCU40_0_IRQHandler:
 477              		@ args = 0, pretend = 0, frame = 0
 478              		@ frame_needed = 0, uses_anonymous_args = 0
 479 0000 7FB5     		push	{r0, r1, r2, r3, r4, r5, r6, lr}
 480 0002 0F4E     		ldr	r6, .L43
 481 0004 3046     		mov	r0, r6
 482 0006 FFF7FEFF 		bl	GetMagData
 483 000a 3068     		ldr	r0, [r6, #0]	@ float
 484 000c FFF7FEFF 		bl	__aeabi_f2d
 485 0010 0446     		mov	r4, r0
 486 0012 7068     		ldr	r0, [r6, #4]	@ float
 487 0014 0D46     		mov	r5, r1
 488 0016 FFF7FEFF 		bl	__aeabi_f2d
 489 001a CDE90001 		strd	r0, [sp]
 490 001e B068     		ldr	r0, [r6, #8]	@ float
 491 0020 FFF7FEFF 		bl	__aeabi_f2d
 492 0024 2246     		mov	r2, r4
 493 0026 CDE90201 		strd	r0, [sp, #8]
 494 002a 2B46     		mov	r3, r5
 495 002c 0548     		ldr	r0, .L43+4
 496 002e 0649     		ldr	r1, .L43+8
 497 0030 FFF7FEFF 		bl	sprintf
 498 0034 054B     		ldr	r3, .L43+12
 499 0036 0122     		movs	r2, #1
 500 0038 83F8A420 		strb	r2, [r3, #164]
 501 003c 7FBD     		pop	{r0, r1, r2, r3, r4, r5, r6, pc}
 502              	.L44:
 503 003e 00BF     		.align	2
 504              	.L43:
 505 0040 00000000 		.word	sensorData
 506 0044 00000000 		.word	c
 507 0048 13010000 		.word	.LC9
 508 004c 00000000 		.word	.LANCHOR0
 510              		.global	MotorRunning
 511              		.global	MonitorBuffer
 512              		.global	counter_main
 513              		.global	sendMag
 514              		.global	VBat
 515              		.comm	c,100,1
 516              		.global	TxBuffer
 517              		.comm	PressureFIR,56,4
 518              		.global	temperature
 519              		.global	pressure
 520              		.comm	sensorData,12,4
 521              		.comm	YPR,12,4
 522              		.global	rollD
 523              		.global	pitchD
 524              		.global	yawD_dot
 525              		.global	height_control
 526              		.global	powerD
 527              		.comm	b_pitch,12,4
 528              		.comm	b_roll,12,4
 529              		.comm	a_pitch,8,4
 530              		.comm	a_roll,8,4
 531              		.global	P_yaw
 532              		.global	N_pitch
 533              		.global	D_pitch
 534              		.global	I_pitch
 535              		.global	P_pitch
 536              		.global	N_roll
 537              		.global	D_roll
 538              		.global	I_roll
 539              		.global	P_roll
 540              		.global	T
 541              		.global	u_roll
 542              		.global	u_pitch
 543              		.global	u_yaw_dot
 544              		.comm	x_roll,8,4
 545              		.comm	x_pitch,8,4
 546              		.global	PWM_percent
 547              		.section	.rodata
 548              		.align	2
 549              		.set	.LANCHOR1,. + 0
 552              	P_yaw:
 553 0000 00004843 		.word	1128792064
 556              	N_pitch:
 557 0004 0000C843 		.word	1137180672
 560              	D_pitch:
 561 0008 9A99D93F 		.word	1071225242
 564              	I_pitch:
 565 000c CDCC4C3E 		.word	1045220557
 568              	P_pitch:
 569 0010 00008C42 		.word	1116471296
 572              	N_roll:
 573 0014 0000C843 		.word	1137180672
 576              	D_roll:
 577 0018 9A99D93F 		.word	1071225242
 580              	I_roll:
 581 001c CDCC4C3E 		.word	1045220557
 584              	P_roll:
 585 0020 00008C42 		.word	1116471296
 588              	T:
 589 0024 6F12033B 		.word	990057071
 590              		.section	.rodata.str1.1,"aMS",%progbits,1
 591              	.LC0:
 592 0000 5468726F 		.ascii	"Throttle: %f   Rudder: %f   Elevator: %f   Aileron:"
 592      74746C65 
 592      3A202566 
 592      20202052 
 592      75646465 
 593 0033 2025660A 		.ascii	" %f\012\000"
 593      00
 594              	.LC1:
 595 0038 593A2531 		.ascii	"Y:%1.2f P:%1.2f R:%1.2f\012\000"
 595      2E326620 
 595      503A2531 
 595      2E326620 
 595      523A2531 
 596              	.LC2:
 597 0051 50574D31 		.ascii	"PWM1:%f PWM2:%f PWM3:%f PWM4:%f\012\000"
 597      3A256620 
 597      50574D32 
 597      3A256620 
 597      50574D33 
 598              	.LC3:
 599 0072 65593A25 		.ascii	"eY:%f eP:%f eR:%f\012\000"
 599      66206550 
 599      3A256620 
 599      65523A25 
 599      660A00
 600              	.LC4:
 601 0085 54696D65 		.ascii	"TimerSensor:%d TimerMain:%d TimerRC:%d\012\000"
 601      7253656E 
 601      736F723A 
 601      25642054 
 601      696D6572 
 602              	.LC5:
 603 00ad 4779726F 		.ascii	"GyroX:%3.2f GyroY:%3.2f GyroZ:%3.2f\012\000"
 603      583A2533 
 603      2E326620 
 603      4779726F 
 603      593A2533 
 604              	.LC6:
 605 00d2 41636358 		.ascii	"AccX:%f AccY:%f AccZ:%f\012\000"
 605      3A256620 
 605      41636359 
 605      3A256620 
 605      4163635A 
 606              	.LC7:
 607 00eb 50726573 		.ascii	"Pressure:%f Temperature:%f\012\000"
 607      73757265 
 607      3A256620 
 607      54656D70 
 607      65726174 
 608              	.LC8:
 609 0107 56426174 		.ascii	"VBat:%0.2f\012\000"
 609      3A25302E 
 609      32660A00 
 610              	.LC9:
 611 0113 25662C25 		.ascii	"%f,%f,%f\015\012\000"
 611      662C2566 
 611      0D0A00
 612              		.bss
 613              		.align	2
 614              		.set	.LANCHOR0,. + 0
 617              	powerD:
 618 0000 00000000 		.space	4
 621              	height_control:
 622 0004 00       		.space	1
 623 0005 000000   		.space	3
 626              	yawD_dot:
 627 0008 00000000 		.space	4
 630              	pitchD:
 631 000c 00000000 		.space	4
 634              	rollD:
 635 0010 00000000 		.space	4
 638              	u_yaw_dot:
 639 0014 00000000 		.space	4
 642              	u_pitch:
 643 0018 00000000 		.space	4
 646              	u_roll:
 647 001c 00000000 		.space	4
 650              	PWM_percent:
 651 0020 00000000 		.space	16
 651      00000000 
 651      00000000 
 651      00000000 
 654              	counter_main:
 655 0030 0000     		.space	2
 658              	TxBuffer:
 659 0032 00000000 		.space	100
 659      00000000 
 659      00000000 
 659      00000000 
 659      00000000 
 660 0096 0000     		.space	2
 663              	pressure:
 664 0098 00000000 		.space	4
 667              	temperature:
 668 009c 00000000 		.space	4
 671              	VBat:
 672 00a0 00000000 		.space	4
 675              	sendMag:
 676 00a4 00       		.space	1
 679              	MotorRunning:
 680 00a5 00       		.space	1
 683              	MonitorBuffer:
 684 00a6 00000000 		.space	14
 684      00000000 
 684      00000000 
 684      0000
 685              		.ident	"GCC: (GNU Tools for ARM Embedded Processors) 4.7.4 20130913 (release) [ARM/embedded-4_7-br
DEFINED SYMBOLS
                            *ABS*:00000000 Main.c
C:\Users\SteurerE\AppData\Local\Temp\ccFe7X7R.s:21     .text.CCU40_2_IRQHandler:00000000 $t
C:\Users\SteurerE\AppData\Local\Temp\ccFe7X7R.s:26     .text.CCU40_2_IRQHandler:00000000 CCU40_2_IRQHandler
C:\Users\SteurerE\AppData\Local\Temp\ccFe7X7R.s:143    .text.CCU40_2_IRQHandler:00000130 $d
                            *COM*:0000000c YPR
                            *COM*:0000000c b_pitch
                            *COM*:00000008 x_pitch
                            *COM*:00000008 a_pitch
                            *COM*:0000000c b_roll
                            *COM*:00000008 x_roll
                            *COM*:00000008 a_roll
C:\Users\SteurerE\AppData\Local\Temp\ccFe7X7R.s:159    .text.Initialize:00000000 $t
C:\Users\SteurerE\AppData\Local\Temp\ccFe7X7R.s:164    .text.Initialize:00000000 Initialize
C:\Users\SteurerE\AppData\Local\Temp\ccFe7X7R.s:229    .text.Initialize:000000a0 $d
                            *COM*:00000038 PressureFIR
C:\Users\SteurerE\AppData\Local\Temp\ccFe7X7R.s:242    .text.startup.main:00000000 $t
C:\Users\SteurerE\AppData\Local\Temp\ccFe7X7R.s:247    .text.startup.main:00000000 main
C:\Users\SteurerE\AppData\Local\Temp\ccFe7X7R.s:275    .text.startup.main:00000040 $d
C:\Users\SteurerE\AppData\Local\Temp\ccFe7X7R.s:286    .text.startup.main:00000054 $t
C:\Users\SteurerE\AppData\Local\Temp\ccFe7X7R.s:455    .text.startup.main:0000020c $d
                            *COM*:00000064 c
                            *COM*:0000000c sensorData
C:\Users\SteurerE\AppData\Local\Temp\ccFe7X7R.s:471    .text.CCU40_0_IRQHandler:00000000 $t
C:\Users\SteurerE\AppData\Local\Temp\ccFe7X7R.s:476    .text.CCU40_0_IRQHandler:00000000 CCU40_0_IRQHandler
C:\Users\SteurerE\AppData\Local\Temp\ccFe7X7R.s:505    .text.CCU40_0_IRQHandler:00000040 $d
C:\Users\SteurerE\AppData\Local\Temp\ccFe7X7R.s:679    .bss:000000a5 MotorRunning
C:\Users\SteurerE\AppData\Local\Temp\ccFe7X7R.s:683    .bss:000000a6 MonitorBuffer
C:\Users\SteurerE\AppData\Local\Temp\ccFe7X7R.s:654    .bss:00000030 counter_main
C:\Users\SteurerE\AppData\Local\Temp\ccFe7X7R.s:675    .bss:000000a4 sendMag
C:\Users\SteurerE\AppData\Local\Temp\ccFe7X7R.s:671    .bss:000000a0 VBat
C:\Users\SteurerE\AppData\Local\Temp\ccFe7X7R.s:658    .bss:00000032 TxBuffer
C:\Users\SteurerE\AppData\Local\Temp\ccFe7X7R.s:667    .bss:0000009c temperature
C:\Users\SteurerE\AppData\Local\Temp\ccFe7X7R.s:663    .bss:00000098 pressure
C:\Users\SteurerE\AppData\Local\Temp\ccFe7X7R.s:634    .bss:00000010 rollD
C:\Users\SteurerE\AppData\Local\Temp\ccFe7X7R.s:630    .bss:0000000c pitchD
C:\Users\SteurerE\AppData\Local\Temp\ccFe7X7R.s:626    .bss:00000008 yawD_dot
C:\Users\SteurerE\AppData\Local\Temp\ccFe7X7R.s:621    .bss:00000004 height_control
C:\Users\SteurerE\AppData\Local\Temp\ccFe7X7R.s:617    .bss:00000000 powerD
C:\Users\SteurerE\AppData\Local\Temp\ccFe7X7R.s:552    .rodata:00000000 P_yaw
C:\Users\SteurerE\AppData\Local\Temp\ccFe7X7R.s:556    .rodata:00000004 N_pitch
C:\Users\SteurerE\AppData\Local\Temp\ccFe7X7R.s:560    .rodata:00000008 D_pitch
C:\Users\SteurerE\AppData\Local\Temp\ccFe7X7R.s:564    .rodata:0000000c I_pitch
C:\Users\SteurerE\AppData\Local\Temp\ccFe7X7R.s:568    .rodata:00000010 P_pitch
C:\Users\SteurerE\AppData\Local\Temp\ccFe7X7R.s:572    .rodata:00000014 N_roll
C:\Users\SteurerE\AppData\Local\Temp\ccFe7X7R.s:576    .rodata:00000018 D_roll
C:\Users\SteurerE\AppData\Local\Temp\ccFe7X7R.s:580    .rodata:0000001c I_roll
C:\Users\SteurerE\AppData\Local\Temp\ccFe7X7R.s:584    .rodata:00000020 P_roll
C:\Users\SteurerE\AppData\Local\Temp\ccFe7X7R.s:588    .rodata:00000024 T
C:\Users\SteurerE\AppData\Local\Temp\ccFe7X7R.s:646    .bss:0000001c u_roll
C:\Users\SteurerE\AppData\Local\Temp\ccFe7X7R.s:642    .bss:00000018 u_pitch
C:\Users\SteurerE\AppData\Local\Temp\ccFe7X7R.s:638    .bss:00000014 u_yaw_dot
C:\Users\SteurerE\AppData\Local\Temp\ccFe7X7R.s:650    .bss:00000020 PWM_percent
C:\Users\SteurerE\AppData\Local\Temp\ccFe7X7R.s:548    .rodata:00000000 $d
C:\Users\SteurerE\AppData\Local\Temp\ccFe7X7R.s:613    .bss:00000000 $d

UNDEFINED SYMBOLS
__aeabi_f2d
__aeabi_ddiv
__aeabi_dmul
__aeabi_d2uiz
GetAngles
GetRCData
AngleRateController
AngleController
CreatePulseWidth
SendDaisyData
initBluetoothStorage
delay
MPU9150_Setup
WatchRC_Init
setupDPS310
getCoefficients
Initialize_FIR_Filter
PWMSP001_Start
PWMSP001_Handle0
DAVE_Init
USBVC001_Init
USBVC001_BytesReceived
USBVC001_ReceiveByte
sprintf
GetSensorCount
GetRCCount
GetGyroData
GetAccData
USBVC001_SendString
USB_USBTask
PWMSP001_Handle2
GetMagData
