   1              		.syntax unified
   2              		.cpu cortex-m4
   3              		.eabi_attribute 27, 3
   4              		.fpu fpv4-sp-d16
   5              		.eabi_attribute 20, 1
   6              		.eabi_attribute 21, 1
   7              		.eabi_attribute 23, 3
   8              		.eabi_attribute 24, 1
   9              		.eabi_attribute 25, 1
  10              		.eabi_attribute 26, 1
  11              		.eabi_attribute 30, 4
  12              		.eabi_attribute 34, 1
  13              		.eabi_attribute 18, 4
  14              		.thumb
  15              		.file	"BatterySafety.c"
  16              		.section	.text.CCU41_0_IRQHandler,"ax",%progbits
  17              		.align	1
  18              		.global	CCU41_0_IRQHandler
  19              		.thumb
  20              		.thumb_func
  22              	CCU41_0_IRQHandler:
  23              		@ args = 0, pretend = 0, frame = 0
  24              		@ frame_needed = 0, uses_anonymous_args = 0
  25              		@ link register save eliminated.
  26 0000 0148     		ldr	r0, .L2
  27 0002 FFF7FEBF 		b	ADC001_GenerateLoadEvent
  28              	.L3:
  29 0006 00BF     		.align	2
  30              	.L2:
  31 0008 00000000 		.word	ADC001_Handle0
  33              		.global	__aeabi_i2d
  34              		.global	__aeabi_dmul
  35              		.global	__aeabi_d2f
  36              		.section	.text.VADC0_C0_2_IRQHandler,"ax",%progbits
  37              		.align	1
  38              		.global	VADC0_C0_2_IRQHandler
  39              		.thumb
  40              		.thumb_func
  42              	VADC0_C0_2_IRQHandler:
  43              		@ args = 0, pretend = 0, frame = 0
  44              		@ frame_needed = 0, uses_anonymous_args = 0
  45 0000 10B5     		push	{r4, lr}
  46 0002 394C     		ldr	r4, .L21+8
  47 0004 3948     		ldr	r0, .L21+12
  48 0006 2146     		mov	r1, r4
  49 0008 FFF7FEFF 		bl	ADC001_GetResult
  50 000c 6088     		ldrh	r0, [r4, #2]
  51 000e FFF7FEFF 		bl	__aeabi_i2d
  52 0012 33A3     		adr	r3, .L21
  53 0014 D3E90023 		ldrd	r2, [r3]
  54 0018 FFF7FEFF 		bl	__aeabi_dmul
  55 001c FFF7FEFF 		bl	__aeabi_d2f
  56 0020 DFED337A 		flds	s15, .L21+16
  57 0024 07EE100A 		fmsr	s14, r0
  58 0028 27EE270A 		fmuls	s0, s14, s15
  59 002c F2EE040A 		fconsts	s1, #36
  60 0030 80EE201A 		fdivs	s2, s0, s1
  61 0034 2F4B     		ldr	r3, .L21+20
  62 0036 F2EE081A 		fconsts	s3, #40
  63 003a B4EEE11A 		fcmpes	s2, s3
  64 003e F1EE10FA 		fmstat
  65 0042 83ED001A 		fsts	s2, [r3, #0]
  66 0046 2C4B     		ldr	r3, .L21+24
  67 0048 0CDD     		ble	.L15
  68 004a 5978     		ldrb	r1, [r3, #1]	@ zero_extendqisi2
  69 004c 5A68     		ldr	r2, [r3, #4]
  70 004e 0123     		movs	r3, #1
  71 0050 03FA01F0 		lsl	r0, r3, r1
  72 0054 5060     		str	r0, [r2, #4]
  73 0056 294A     		ldr	r2, .L21+28
  74 0058 5078     		ldrb	r0, [r2, #1]	@ zero_extendqisi2
  75 005a 5168     		ldr	r1, [r2, #4]
  76 005c 03FA00F2 		lsl	r2, r3, r0
  77 0060 4A60     		str	r2, [r1, #4]
  78 0062 14E0     		b	.L18
  79              	.L15:
  80 0064 B2EE062A 		fconsts	s4, #38
  81 0068 B4EEC21A 		fcmpes	s2, s4
  82 006c F1EE10FA 		fmstat
  83 0070 14DD     		ble	.L16
  84 0072 5878     		ldrb	r0, [r3, #1]	@ zero_extendqisi2
  85 0074 5A68     		ldr	r2, [r3, #4]
  86 0076 4FF48031 		mov	r1, #65536
  87 007a 01FA00F3 		lsl	r3, r1, r0
  88 007e 1F48     		ldr	r0, .L21+28
  89 0080 5360     		str	r3, [r2, #4]
  90 0082 4178     		ldrb	r1, [r0, #1]	@ zero_extendqisi2
  91 0084 4268     		ldr	r2, [r0, #4]
  92 0086 0123     		movs	r3, #1
  93 0088 03FA01F0 		lsl	r0, r3, r1
  94 008c 5060     		str	r0, [r2, #4]
  95              	.L18:
  96 008e 1C48     		ldr	r0, .L21+32
  97 0090 4278     		ldrb	r2, [r0, #1]	@ zero_extendqisi2
  98 0092 4168     		ldr	r1, [r0, #4]
  99 0094 03FA02F3 		lsl	r3, r3, r2
 100 0098 4B60     		str	r3, [r1, #4]
 101 009a 10BD     		pop	{r4, pc}
 102              	.L16:
 103 009c 5868     		ldr	r0, [r3, #4]
 104 009e 5B78     		ldrb	r3, [r3, #1]	@ zero_extendqisi2
 105 00a0 1649     		ldr	r1, .L21+28
 106 00a2 4FF48032 		mov	r2, #65536
 107 00a6 02FA03F3 		lsl	r3, r2, r3
 108 00aa 4360     		str	r3, [r0, #4]
 109 00ac F2EE052A 		fconsts	s5, #37
 110 00b0 4868     		ldr	r0, [r1, #4]
 111 00b2 4978     		ldrb	r1, [r1, #1]	@ zero_extendqisi2
 112 00b4 124B     		ldr	r3, .L21+32
 113 00b6 B4EEE21A 		fcmpes	s2, s5
 114 00ba 02FA01F2 		lsl	r2, r2, r1
 115 00be F1EE10FA 		fmstat
 116 00c2 4260     		str	r2, [r0, #4]
 117 00c4 5A68     		ldr	r2, [r3, #4]
 118 00c6 5878     		ldrb	r0, [r3, #1]	@ zero_extendqisi2
 119 00c8 01DD     		ble	.L17
 120 00ca 0121     		movs	r1, #1
 121 00cc 01E0     		b	.L19
 122              	.L17:
 123 00ce 4FF00111 		mov	r1, #65537
 124              	.L19:
 125 00d2 01FA00F3 		lsl	r3, r1, r0
 126 00d6 5360     		str	r3, [r2, #4]
 127 00d8 10BD     		pop	{r4, pc}
 128              	.L22:
 129 00da 00BFAFF3 		.align	3
 129      0080
 130              	.L21:
 131 00e0 B4D934E7 		.word	-415966796
 132 00e4 0C684A3F 		.word	1061840908
 133 00e8 00000000 		.word	ADC_Result
 134 00ec 00000000 		.word	ADC001_Handle0
 135 00f0 00002042 		.word	1109393408
 136 00f4 00000000 		.word	VBat
 137 00f8 00000000 		.word	IO004_Handle0
 138 00fc 00000000 		.word	IO004_Handle1
 139 0100 00000000 		.word	IO004_Handle2
 141              		.global	R2
 142              		.global	R1
 143              		.comm	ADC_Result,4,2
 144 0104 AFF30080 		.section	.rodata
 145              		.align	2
 148              	R2:
 149 0000 1E000000 		.word	30
 152              	R1:
 153 0004 0A000000 		.word	10
 154              		.ident	"GCC: (GNU Tools for ARM Embedded Processors) 4.7.4 20130913 (release) [ARM/embedded-4_7-br
DEFINED SYMBOLS
                            *ABS*:00000000 BatterySafety.c
C:\Users\SteurerE\AppData\Local\Temp\ccbD9cs4.s:17     .text.CCU41_0_IRQHandler:00000000 $t
C:\Users\SteurerE\AppData\Local\Temp\ccbD9cs4.s:22     .text.CCU41_0_IRQHandler:00000000 CCU41_0_IRQHandler
C:\Users\SteurerE\AppData\Local\Temp\ccbD9cs4.s:31     .text.CCU41_0_IRQHandler:00000008 $d
C:\Users\SteurerE\AppData\Local\Temp\ccbD9cs4.s:37     .text.VADC0_C0_2_IRQHandler:00000000 $t
C:\Users\SteurerE\AppData\Local\Temp\ccbD9cs4.s:42     .text.VADC0_C0_2_IRQHandler:00000000 VADC0_C0_2_IRQHandler
C:\Users\SteurerE\AppData\Local\Temp\ccbD9cs4.s:131    .text.VADC0_C0_2_IRQHandler:000000e0 $d
                            *COM*:00000004 ADC_Result
C:\Users\SteurerE\AppData\Local\Temp\ccbD9cs4.s:148    .rodata:00000000 R2
C:\Users\SteurerE\AppData\Local\Temp\ccbD9cs4.s:152    .rodata:00000004 R1
C:\Users\SteurerE\AppData\Local\Temp\ccbD9cs4.s:145    .rodata:00000000 $d
C:\Users\SteurerE\AppData\Local\Temp\ccbD9cs4.s:144    .text.VADC0_C0_2_IRQHandler:00000104 $t

UNDEFINED SYMBOLS
ADC001_GenerateLoadEvent
ADC001_Handle0
__aeabi_i2d
__aeabi_dmul
__aeabi_d2f
ADC001_GetResult
VBat
IO004_Handle0
IO004_Handle1
IO004_Handle2
